
> @ash/admin@1.0.0 type-check C:\Users\Khell\Desktop\Ashley AI\services\ash-admin
> tsc --noEmit

scripts/init-production-db.ts(19,20): error TS7016: Could not find a declaration file for module 'bcryptjs'. 'C:/Users/Khell/Desktop/Ashley AI/node_modules/.pnpm/bcryptjs@2.4.3/node_modules/bcryptjs/index.js' implicitly has an 'any' type.
  Try `npm i --save-dev @types/bcryptjs` if it exists or add a new declaration (.d.ts) file containing `declare module 'bcryptjs';`
src/app/admin/audit/page.tsx(9,3): error TS6133: 'Filter' is declared but its value is never read.
src/app/admin/onboarding/page.tsx(13,3): error TS6133: 'Calendar' is declared but its value is never read.
src/app/admin/onboarding/page.tsx(14,3): error TS6133: 'FileText' is declared but its value is never read.
src/app/admin/onboarding/page.tsx(18,3): error TS6133: 'RotateCcw' is declared but its value is never read.
src/app/admin/onboarding/page.tsx(21,3): error TS6133: 'Filter' is declared but its value is never read.
src/app/admin/reports/page.tsx(9,3): error TS6133: 'Calendar' is declared but its value is never read.
src/app/admin/reports/page.tsx(16,3): error TS6133: 'AlertTriangle' is declared but its value is never read.
src/app/admin/reports/page.tsx(20,3): error TS6133: 'Settings' is declared but its value is never read.
src/app/admin/reports/page.tsx(513,28): error TS6133: 'reportType' is declared but its value is never read.
src/app/admin/users/page.tsx(11,3): error TS6133: 'Filter' is declared but its value is never read.
src/app/admin/users/page.tsx(17,3): error TS6133: 'Eye' is declared but its value is never read.
src/app/admin/users/page.tsx(51,9): error TS6133: 'router' is declared but its value is never read.
src/app/admin/users/page.tsx(732,14): error TS2790: The operand of a 'delete' operator must be optional.
src/app/analytics/page.tsx(17,3): error TS6133: 'PieChart' is declared but its value is never read.
src/app/analytics/page.tsx(19,3): error TS6133: 'TrendingDown' is declared but its value is never read.
src/app/analytics/page.tsx(21,3): error TS6133: 'Users' is declared but its value is never read.
src/app/analytics/page.tsx(22,3): error TS6133: 'Package' is declared but its value is never read.
src/app/analytics/page.tsx(24,3): error TS6133: 'DollarSign' is declared but its value is never read.
src/app/analytics/page.tsx(27,3): error TS6133: 'Zap' is declared but its value is never read.
src/app/api/3pl/book/route.ts(41,11): error TS2353: Object literal may only specify known properties, and 'tracking_code' does not exist in type '(Without<ShipmentUpdateInput, ShipmentUncheckedUpdateInput> & ShipmentUncheckedUpdateInput) | (Without<...> & ShipmentUpdateInput)'.
src/app/api/admin/audit/route.ts(4,1): error TS6133: 'prisma' is declared but its value is never read.
src/app/api/admin/audit/route.ts(220,9): error TS2322: Type 'boolean | undefined' is not assignable to type 'boolean'.
  Type 'undefined' is not assignable to type 'boolean'.
src/app/api/admin/audit/route.ts(371,16): error TS6133: 'createAuditLog' is declared but its value is never read.
src/app/api/admin/onboarding/route.ts(4,1): error TS6133: 'prisma' is declared but its value is never read.
src/app/api/admin/onboarding/route.ts(5,1): error TS6133: 'bcrypt' is declared but its value is never read.
src/app/api/admin/onboarding/route.ts(5,20): error TS7016: Could not find a declaration file for module 'bcryptjs'. 'C:/Users/Khell/Desktop/Ashley AI/node_modules/.pnpm/bcryptjs@2.4.3/node_modules/bcryptjs/index.js' implicitly has an 'any' type.
  Try `npm i --save-dev @types/bcryptjs` if it exists or add a new declaration (.d.ts) file containing `declare module 'bcryptjs';`
src/app/api/admin/onboarding/route.ts(8,7): error TS6133: 'OnboardingStepSchema' is declared but its value is never read.
src/app/api/admin/onboarding/route.ts(104,3): error TS6133: 'user' is declared but its value is never read.
src/app/api/admin/reports/route.ts(246,48): error TS6133: 'user' is declared but its value is never read.
src/app/api/admin/reports/route.ts(281,3): error TS6133: 'department' is declared but its value is never read.
src/app/api/admin/reports/route.ts(342,48): error TS6133: 'department' is declared but its value is never read.
src/app/api/admin/reports/route.ts(401,47): error TS6133: 'department' is declared but its value is never read.
src/app/api/admin/reports/route.ts(530,3): error TS6133: 'department' is declared but its value is never read.
src/app/api/admin/reports/route.ts(531,3): error TS6133: 'dateFrom' is declared but its value is never read.
src/app/api/admin/reports/route.ts(532,3): error TS6133: 'dateTo' is declared but its value is never read.
src/app/api/admin/reports/route.ts(627,3): error TS6133: 'department' is declared but its value is never read.
src/app/api/admin/reports/route.ts(628,3): error TS6133: 'dateFrom' is declared but its value is never read.
src/app/api/admin/reports/route.ts(629,3): error TS6133: 'dateTo' is declared but its value is never read.
src/app/api/admin/reports/route.ts(672,3): error TS6133: 'department' is declared but its value is never read.
src/app/api/admin/reports/route.ts(673,3): error TS6133: 'dateFrom' is declared but its value is never read.
src/app/api/admin/reports/route.ts(674,3): error TS6133: 'dateTo' is declared but its value is never read.
src/app/api/admin/users/[id]/route.ts(5,20): error TS7016: Could not find a declaration file for module 'bcryptjs'. 'C:/Users/Khell/Desktop/Ashley AI/node_modules/.pnpm/bcryptjs@2.4.3/node_modules/bcryptjs/index.js' implicitly has an 'any' type.
  Try `npm i --save-dev @types/bcryptjs` if it exists or add a new declaration (.d.ts) file containing `declare module 'bcryptjs';`
src/app/api/admin/users/route.ts(5,20): error TS7016: Could not find a declaration file for module 'bcryptjs'. 'C:/Users/Khell/Desktop/Ashley AI/node_modules/.pnpm/bcryptjs@2.4.3/node_modules/bcryptjs/index.js' implicitly has an 'any' type.
  Try `npm i --save-dev @types/bcryptjs` if it exists or add a new declaration (.d.ts) file containing `declare module 'bcryptjs';`
src/app/api/admin/users/route.ts(35,7): error TS6133: 'UpdateUserSchema' is declared but its value is never read.
src/app/api/ai-chat/chat/route.ts(172,7): error TS6133: 'user_id' is declared but its value is never read.
src/app/api/ai-chat/chat/route.ts(173,7): error TS6133: 'use_stream' is declared but its value is never read.
src/app/api/ai-chat/chat/route.ts(320,40): error TS2339: Property 'messages' does not exist on type 'Anthropic'.
src/app/api/ai-chat/conversations/[id]/route.ts(8,3): error TS6133: 'request' is declared but its value is never read.
src/app/api/ai-chat/conversations/[id]/route.ts(82,3): error TS6133: 'request' is declared but its value is never read.
src/app/api/ai/bottleneck/route.ts(6,27): error TS6133: 'req' is declared but its value is never read.
src/app/api/ai/bottleneck/route.ts(80,13): error TS6133: 'totalGood' is declared but its value is never read.
src/app/api/ai/bottleneck/route.ts(80,48): error TS6133: 'run' is declared but its value is never read.
src/app/api/ai/bottleneck/trends/route.ts(26,23): error TS6133: 'sewingRuns' is declared but its value is never read.
src/app/api/ai/bottleneck/trends/route.ts(26,35): error TS6133: 'printRuns' is declared but its value is never read.
src/app/api/ai/defect-detection/patterns/route.ts(10,11): error TS6133: 'operator_id' is declared but its value is never read.
src/app/api/ai/defect-detection/patterns/route.ts(11,11): error TS6133: 'station' is declared but its value is never read.
src/app/api/ai/defect-detection/patterns/route.ts(146,36): error TS2339: Property 'name' does not exist on type '{ id: string; is_active: boolean; created_at: Date; updated_at: Date; workspace_id: string; email: string; password_hash: string; first_name: string; last_name: string; role: string; ... 11 more ...; last_login: Date | null; }'.
src/app/api/ai/defect-detection/patterns/route.ts(173,7): error TS2532: Object is possibly 'undefined'.
src/app/api/ai/defect-detection/route.ts(29,13): error TS6133: 'qcCheck' is declared but its value is never read.
src/app/api/ai/defect-detection/route.ts(90,11): error TS6133: 'bundleIds' is declared but its value is never read.
src/app/api/ai/pricing/analysis/route.ts(52,24): error TS2532: Object is possibly 'undefined'.
src/app/api/ai/pricing/analysis/route.ts(156,24): error TS2532: Object is possibly 'undefined'.
src/app/api/ai/scheduling/route.ts(8,41): error TS6133: 'workspace_id' is declared but its value is never read.
src/app/api/audit-logs/route.ts(2,10): error TS6133: 'requireAuth' is declared but its value is never read.
src/app/api/auth/employee-login/route.ts(3,20): error TS7016: Could not find a declaration file for module 'bcryptjs'. 'C:/Users/Khell/Desktop/Ashley AI/node_modules/.pnpm/bcryptjs@2.4.3/node_modules/bcryptjs/index.js' implicitly has an 'any' type.
  Try `npm i --save-dev @types/bcryptjs` if it exists or add a new declaration (.d.ts) file containing `declare module 'bcryptjs';`
src/app/api/auth/forgot-password/route.ts(110,7): error TS2345: Argument of type '"PASSWORD_RESET_REQUESTED"' is not assignable to parameter of type '"LOGIN" | "LOGOUT" | "LOGIN_FAILED" | "LOGIN_BLOCKED_LOCKED" | "TOKEN_REFRESH" | "2FA_ENABLED" | "2FA_DISABLED" | "REGISTER" | "REGISTER_FAILED"'.
src/app/api/auth/login/route.ts(4,20): error TS7016: Could not find a declaration file for module 'bcryptjs'. 'C:/Users/Khell/Desktop/Ashley AI/node_modules/.pnpm/bcryptjs@2.4.3/node_modules/bcryptjs/index.js' implicitly has an 'any' type.
  Try `npm i --save-dev @types/bcryptjs` if it exists or add a new declaration (.d.ts) file containing `declare module 'bcryptjs';`
src/app/api/auth/refresh/route.ts(5,3): error TS6133: 'apiSuccess' is declared but its value is never read.
src/app/api/auth/register/route.ts(3,20): error TS7016: Could not find a declaration file for module 'bcryptjs'. 'C:/Users/Khell/Desktop/Ashley AI/node_modules/.pnpm/bcryptjs@2.4.3/node_modules/bcryptjs/index.js' implicitly has an 'any' type.
  Try `npm i --save-dev @types/bcryptjs` if it exists or add a new declaration (.d.ts) file containing `declare module 'bcryptjs';`
src/app/api/auth/register/route.ts(198,11): error TS18004: No value exists in scope for the shorthand property 'verificationUrl'. Either declare one or provide an initializer.
src/app/api/auth/register/route.ts(199,22): error TS2304: Cannot find name 'verificationExpires'.
src/app/api/auth/resend-verification/route.ts(122,7): error TS2345: Argument of type '"VERIFICATION_RESENT"' is not assignable to parameter of type '"LOGIN" | "LOGOUT" | "LOGIN_FAILED" | "LOGIN_BLOCKED_LOCKED" | "TOKEN_REFRESH" | "2FA_ENABLED" | "2FA_DISABLED" | "REGISTER" | "REGISTER_FAILED"'.
src/app/api/auth/reset-password/route.ts(5,20): error TS7016: Could not find a declaration file for module 'bcryptjs'. 'C:/Users/Khell/Desktop/Ashley AI/node_modules/.pnpm/bcryptjs@2.4.3/node_modules/bcryptjs/index.js' implicitly has an 'any' type.
  Try `npm i --save-dev @types/bcryptjs` if it exists or add a new declaration (.d.ts) file containing `declare module 'bcryptjs';`
src/app/api/auth/reset-password/route.ts(99,24): error TS2345: Argument of type '"PASSWORD_RESET"' is not assignable to parameter of type '"LOGIN" | "LOGOUT" | "LOGIN_FAILED" | "LOGIN_BLOCKED_LOCKED" | "TOKEN_REFRESH" | "2FA_ENABLED" | "2FA_DISABLED" | "REGISTER" | "REGISTER_FAILED"'.
src/app/api/auth/verify-email/route.ts(70,24): error TS2345: Argument of type '"EMAIL_VERIFIED"' is not assignable to parameter of type '"LOGIN" | "LOGOUT" | "LOGIN_FAILED" | "LOGIN_BLOCKED_LOCKED" | "TOKEN_REFRESH" | "2FA_ENABLED" | "2FA_DISABLED" | "REGISTER" | "REGISTER_FAILED"'.
src/app/api/automation/execute/route.ts(1,23): error TS6133: 'NextResponse' is declared but its value is never read.
src/app/api/automation/execute/route.ts(50,11): error TS6133: 'triggerConfig' is declared but its value is never read.
src/app/api/automation/execute/route.ts(306,3): error TS6133: 'workspaceId' is declared but its value is never read.
src/app/api/automation/execute/route.ts(336,40): error TS6133: 'triggerData' is declared but its value is never read.
src/app/api/automation/execute/route.ts(336,58): error TS6133: 'workspaceId' is declared but its value is never read.
src/app/api/automation/execute/route.ts(348,7): error TS2353: Object literal may only specify known properties, and 'details' does not exist in type '(Without<AuditLogCreateInput, AuditLogUncheckedCreateInput> & AuditLogUncheckedCreateInput) | (Without<...> & AuditLogCreateInput)'.
src/app/api/backups/route.ts(6,27): error TS6133: 'request' is declared but its value is never read.
src/app/api/brands/route.ts(138,7): error TS2322: Type '{ name: string; status: "ACTIVE" | "INACTIVE"; client_id: string; description?: string | undefined; metadata?: Record<string, any> | undefined; logo_url?: string | undefined; brand_colors?: string[] | undefined; default_pricing?: Record<...> | undefined; guidelines?: string | undefined; }' is not assignable to type '(Without<BrandCreateInput, BrandUncheckedCreateInput> & BrandUncheckedCreateInput) | (Without<...> & BrandCreateInput)'.
  Type '{ name: string; status: "ACTIVE" | "INACTIVE"; client_id: string; description?: string | undefined; metadata?: Record<string, any> | undefined; logo_url?: string | undefined; brand_colors?: string[] | undefined; default_pricing?: Record<...> | undefined; guidelines?: string | undefined; }' is not assignable to type 'Without<BrandCreateInput, BrandUncheckedCreateInput> & BrandUncheckedCreateInput'.
    Property 'workspace_id' is missing in type '{ name: string; status: "ACTIVE" | "INACTIVE"; client_id: string; description?: string | undefined; metadata?: Record<string, any> | undefined; logo_url?: string | undefined; brand_colors?: string[] | undefined; default_pricing?: Record<...> | undefined; guidelines?: string | undefined; }' but required in type 'BrandUncheckedCreateInput'.
src/app/api/bundles/[id]/status/route.ts(58,20): error TS2339: Property 'bundleStatusHistory' does not exist on type 'PrismaClient<PrismaClientOptions, never, DefaultArgs>'.
src/app/api/clients/[id]/brands/[brandId]/route.ts(14,3): error TS6133: 'request' is declared but its value is never read.
src/app/api/clients/[id]/brands/[brandId]/route.ts(30,13): error TS2353: Object literal may only specify known properties, and 'company' does not exist in type 'ClientSelect<DefaultArgs>'.
src/app/api/clients/[id]/brands/[brandId]/route.ts(169,3): error TS6133: 'request' is declared but its value is never read.
src/app/api/clients/[id]/brands/route.ts(5,7): error TS6133: 'DEFAULT_WORKSPACE_ID' is declared but its value is never read.
src/app/api/clients/[id]/brands/route.ts(15,7): error TS6133: 'UpdateBrandSchema' is declared but its value is never read.
src/app/api/clients/[id]/brands/route.ts(18,3): error TS6133: 'request' is declared but its value is never read.
src/app/api/clients/[id]/route.ts(17,9): error TS2322: Type 'string | null' is not assignable to type 'string | StringFilter<"Client"> | undefined'.
  Type 'null' is not assignable to type 'string | StringFilter<"Client"> | undefined'.
src/app/api/clients/[id]/route.ts(125,3): error TS6133: 'request' is declared but its value is never read.
src/app/api/cutting/bundles/route.ts(140,11): error TS7034: Variable 'createdBundles' implicitly has type 'any[]' in some locations where its type cannot be determined.
src/app/api/cutting/bundles/route.ts(163,17): error TS6133: 'bundleNumber' is declared but its value is never read.
src/app/api/cutting/bundles/route.ts(166,13): error TS2322: Type '{ workspace_id: string; lay_id: string; size_code: string; qty: number; qr_code: string; status: string; }' is not assignable to type '(Without<BundleCreateInput, BundleUncheckedCreateInput> & BundleUncheckedCreateInput) | (Without<...> & BundleCreateInput)'.
  Type '{ workspace_id: string; lay_id: string; size_code: string; qty: number; qr_code: string; status: string; }' is not assignable to type 'Without<BundleCreateInput, BundleUncheckedCreateInput> & BundleUncheckedCreateInput'.
    Property 'order_id' is missing in type '{ workspace_id: string; lay_id: string; size_code: string; qty: number; qr_code: string; status: string; }' but required in type 'BundleUncheckedCreateInput'.
src/app/api/cutting/bundles/route.ts(210,15): error TS7005: Variable 'createdBundles' implicitly has an 'any[]' type.
src/app/api/cutting/lays/route.ts(31,11): error TS6133: 'status' is declared but its value is never read.
src/app/api/cutting/lays/route.ts(155,13): error TS6133: 'cutOutputs' is declared but its value is never read.
src/app/api/dashboard/stats/route.ts(85,14): error TS2339: Property 'cuttingRun' does not exist on type 'PrismaClient<PrismaClientOptions, never, DefaultArgs>'.
src/app/api/dashboard/stats/route.ts(99,11): error TS2353: Object literal may only specify known properties, and 'quantity' does not exist in type 'PrintRunSelect<DefaultArgs>'.
src/app/api/dashboard/stats/route.ts(109,11): error TS2353: Object literal may only specify known properties, and 'pieces_completed' does not exist in type 'SewingRunSelect<DefaultArgs>'.
src/app/api/dashboard/stats/route.ts(119,11): error TS2353: Object literal may only specify known properties, and 'quantity' does not exist in type 'FinishingRunSelect<DefaultArgs>'.
src/app/api/dashboard/stats/route.ts(131,16): error TS7006: Parameter 'sum' implicitly has an 'any' type.
src/app/api/dashboard/stats/route.ts(131,21): error TS7006: Parameter 'run' implicitly has an 'any' type.
src/app/api/dashboard/stats/route.ts(141,16): error TS7006: Parameter 'sum' implicitly has an 'any' type.
src/app/api/dashboard/stats/route.ts(141,21): error TS7006: Parameter 'run' implicitly has an 'any' type.
src/app/api/dashboard/stats/route.ts(151,16): error TS7006: Parameter 'sum' implicitly has an 'any' type.
src/app/api/dashboard/stats/route.ts(151,21): error TS7006: Parameter 'run' implicitly has an 'any' type.
src/app/api/dashboard/stats/route.ts(184,9): error TS7034: Variable 'productionTrendData' implicitly has type 'any[]' in some locations where its type cannot be determined.
src/app/api/dashboard/stats/route.ts(195,21): error TS7006: Parameter 'r' implicitly has an 'any' type.
src/app/api/dashboard/stats/route.ts(199,22): error TS7006: Parameter 'sum' implicitly has an 'any' type.
src/app/api/dashboard/stats/route.ts(199,27): error TS7006: Parameter 'r' implicitly has an 'any' type.
src/app/api/dashboard/stats/route.ts(202,21): error TS7006: Parameter 'r' implicitly has an 'any' type.
src/app/api/dashboard/stats/route.ts(206,22): error TS7006: Parameter 'sum' implicitly has an 'any' type.
src/app/api/dashboard/stats/route.ts(206,27): error TS7006: Parameter 'r' implicitly has an 'any' type.
src/app/api/dashboard/stats/route.ts(209,21): error TS7006: Parameter 'r' implicitly has an 'any' type.
src/app/api/dashboard/stats/route.ts(213,22): error TS7006: Parameter 'sum' implicitly has an 'any' type.
src/app/api/dashboard/stats/route.ts(213,27): error TS7006: Parameter 'r' implicitly has an 'any' type.
src/app/api/dashboard/stats/route.ts(216,21): error TS7006: Parameter 'r' implicitly has an 'any' type.
src/app/api/dashboard/stats/route.ts(220,22): error TS7006: Parameter 'sum' implicitly has an 'any' type.
src/app/api/dashboard/stats/route.ts(220,27): error TS7006: Parameter 'r' implicitly has an 'any' type.
src/app/api/dashboard/stats/route.ts(281,46): error TS7006: Parameter 'item' implicitly has an 'any' type.
src/app/api/dashboard/stats/route.ts(287,33): error TS7005: Variable 'productionTrendData' implicitly has an 'any[]' type.
src/app/api/delivery/stats/route.ts(27,11): error TS2322: Type 'string | null' is not assignable to type 'string | StringFilter<"Shipment"> | undefined'.
  Type 'null' is not assignable to type 'string | StringFilter<"Shipment"> | undefined'.
src/app/api/delivery/stats/route.ts(35,11): error TS2322: Type 'string | null' is not assignable to type 'string | StringFilter<"Shipment"> | undefined'.
  Type 'null' is not assignable to type 'string | StringFilter<"Shipment"> | undefined'.
src/app/api/delivery/stats/route.ts(43,11): error TS2322: Type 'string | null' is not assignable to type 'string | StringFilter<"Shipment"> | undefined'.
  Type 'null' is not assignable to type 'string | StringFilter<"Shipment"> | undefined'.
src/app/api/delivery/stats/route.ts(55,11): error TS2322: Type 'string | null' is not assignable to type 'string | StringFilter<"Shipment"> | undefined'.
  Type 'null' is not assignable to type 'string | StringFilter<"Shipment"> | undefined'.
src/app/api/delivery/stats/route.ts(63,11): error TS2322: Type 'string | null' is not assignable to type 'string | StringFilter<"Shipment"> | undefined'.
  Type 'null' is not assignable to type 'string | StringFilter<"Shipment"> | undefined'.
src/app/api/delivery/stats/route.ts(73,11): error TS2322: Type 'string | null' is not assignable to type 'string | StringFilter<"Shipment"> | undefined'.
  Type 'null' is not assignable to type 'string | StringFilter<"Shipment"> | undefined'.
src/app/api/delivery/stats/route.ts(85,11): error TS2322: Type 'string | null' is not assignable to type 'string | StringFilter<"Shipment"> | undefined'.
  Type 'null' is not assignable to type 'string | StringFilter<"Shipment"> | undefined'.
src/app/api/designs/[id]/print-locations/route.ts(17,3): error TS6133: 'request' is declared but its value is never read.
src/app/api/designs/[id]/print-locations/route.ts(98,3): error TS6133: 'params' is declared but its value is never read.
src/app/api/designs/[id]/print-locations/route.ts(156,3): error TS6133: 'params' is declared but its value is never read.
src/app/api/designs/[id]/send-approval/route.ts(18,7): error TS6133: '_template_id' is declared but its value is never read.
src/app/api/email/queue/route.ts(7,27): error TS6133: 'request' is declared but its value is never read.
src/app/api/employee/stats/[id]/route.ts(1,23): error TS6133: 'NextResponse' is declared but its value is never read.
src/app/api/employee/stats/[id]/route.ts(10,10): error TS6133: 'request' is declared but its value is never read.
src/app/api/employee/tasks/route.ts(11,9): error TS6133: 'position' is declared but its value is never read.
src/app/api/employees/accounts/route.ts(4,27): error TS6133: 'request' is declared but its value is never read.
src/app/api/employees/setup/route.ts(3,20): error TS7016: Could not find a declaration file for module 'bcryptjs'. 'C:/Users/Khell/Desktop/Ashley AI/node_modules/.pnpm/bcryptjs@2.4.3/node_modules/bcryptjs/index.js' implicitly has an 'any' type.
  Try `npm i --save-dev @types/bcryptjs` if it exists or add a new declaration (.d.ts) file containing `declare module 'bcryptjs';`
src/app/api/employees/setup/route.ts(48,11): error TS2353: Object literal may only specify known properties, and 'description' does not exist in type '(Without<WorkspaceCreateInput, WorkspaceUncheckedCreateInput> & WorkspaceUncheckedCreateInput) | (Without<...> & WorkspaceCreateInput)'.
src/app/api/finance/bills/route.ts(2,1): error TS6133: 'prisma' is declared but its value is never read.
src/app/api/finance/bills/route.ts(4,27): error TS6133: 'request' is declared but its value is never read.
src/app/api/finance/bills/route.ts(20,28): error TS6133: 'request' is declared but its value is never read.
src/app/api/finance/bills/route.ts(35,27): error TS6133: 'request' is declared but its value is never read.
src/app/api/finance/invoices/route.ts(1,23): error TS6133: 'NextResponse' is declared but its value is never read.
src/app/api/finance/invoices/route.ts(5,3): error TS6133: 'handleApiError' is declared but its value is never read.
src/app/api/finance/invoices/route.ts(100,50): error TS6133: 'user' is declared but its value is never read.
src/app/api/finance/invoices/route.ts(103,7): error TS6133: 'brand_id' is declared but its value is never read.
src/app/api/finance/stats/route.ts(5,27): error TS6133: 'request' is declared but its value is never read.
src/app/api/finance/suppliers/route.ts(17,15): error TS2322: Type '{ supplier: { contains: string; mode: string; }; } | {}' is not assignable to type 'ExpenseWhereInput | undefined'.
  Type '{ supplier: { contains: string; mode: string; }; }' is not assignable to type 'ExpenseWhereInput'.
    Types of property 'supplier' are incompatible.
      Object literal may only specify known properties, and 'mode' does not exist in type 'StringNullableFilter<"Expense">'.
src/app/api/finance/suppliers/route.ts(23,9): error TS2353: Object literal may only specify known properties, and '_count' does not exist in type 'ExpenseSelect<DefaultArgs>'.
src/app/api/finance/suppliers/route.ts(49,28): error TS6133: 'request' is declared but its value is never read.
src/app/api/finishing-packing/stats/route.ts(4,27): error TS6133: 'request' is declared but its value is never read.
src/app/api/government/bir/route.ts(53,53): error TS2345: Argument of type '{ date: string | undefined; invoice_number: string; customer_name: string; tin: string; address: string; amount: number; vat_amount: number; total_amount: number; }[]' is not assignable to parameter of type 'BIRSalesBookEntry[]'.
  Type '{ date: string | undefined; invoice_number: string; customer_name: string; tin: string; address: string; amount: number; vat_amount: number; total_amount: number; }' is not assignable to type 'BIRSalesBookEntry'.
    Types of property 'date' are incompatible.
      Type 'string | undefined' is not assignable to type 'string'.
        Type 'undefined' is not assignable to type 'string'.
src/app/api/government/bir/route.ts(83,56): error TS2345: Argument of type '{ date: string | undefined; reference_number: string; supplier_name: string; tin: string; address: string; amount: number; vat_amount: number; total_amount: number; }[]' is not assignable to parameter of type 'BIRPurchaseBookEntry[]'.
  Type '{ date: string | undefined; reference_number: string; supplier_name: string; tin: string; address: string; amount: number; vat_amount: number; total_amount: number; }' is not assignable to type 'BIRPurchaseBookEntry'.
    Types of property 'date' are incompatible.
      Type 'string | undefined' is not assignable to type 'string'.
        Type 'undefined' is not assignable to type 'string'.
src/app/api/government/reports/route.ts(3,1): error TS6133: 'birService' is declared but its value is never read.
src/app/api/health/route.ts(7,1): error TS6133: 'db' is declared but its value is never read.
src/app/api/hr/attendance/route.ts(11,11): error TS6133: 'type' is declared but its value is never read.
src/app/api/hr/attendance/route.ts(87,7): error TS6133: 'selfie_url' is declared but its value is never read.
src/app/api/hr/employees/[id]/profile-picture/route.ts(12,3): error TS6133: 'request' is declared but its value is never read.
src/app/api/hr/employees/[id]/profile-picture/route.ts(131,3): error TS6133: 'request' is declared but its value is never read.
src/app/api/hr/employees/[id]/profile-picture/route.ts(134,29): error TS6133: 'request' is declared but its value is never read.
src/app/api/hr/employees/route.ts(1,23): error TS6133: 'NextResponse' is declared but its value is never read.
src/app/api/hr/employees/route.ts(5,3): error TS6133: 'handleApiError' is declared but its value is never read.
src/app/api/hr/employees/route.ts(9,3): error TS6133: 'NotFoundError' is declared but its value is never read.
src/app/api/hr/employees/route.ts(16,20): error TS7016: Could not find a declaration file for module 'bcryptjs'. 'C:/Users/Khell/Desktop/Ashley AI/node_modules/.pnpm/bcryptjs@2.4.3/node_modules/bcryptjs/index.js' implicitly has an 'any' type.
  Try `npm i --save-dev @types/bcryptjs` if it exists or add a new declaration (.d.ts) file containing `declare module 'bcryptjs';`
src/app/api/hr/employees/route.ts(107,50): error TS6133: 'user' is declared but its value is never read.
src/app/api/hr/payroll/route.ts(87,7): error TS6133: 'cutoff_type' is declared but its value is never read.
src/app/api/hr/payroll/route.ts(88,7): error TS6133: 'include_overtime' is declared but its value is never read.
src/app/api/hr/payroll/route.ts(89,7): error TS6133: 'include_leaves' is declared but its value is never read.
src/app/api/hr/payroll/route.ts(261,15): error TS18047: 'completePeriod' is possibly 'null'.
src/app/api/hr/payroll/route.ts(262,25): error TS18047: 'completePeriod' is possibly 'null'.
src/app/api/hr/payroll/route.ts(263,23): error TS18047: 'completePeriod' is possibly 'null'.
src/app/api/hr/payroll/route.ts(264,19): error TS18047: 'completePeriod' is possibly 'null'.
src/app/api/hr/payroll/route.ts(265,25): error TS18047: 'completePeriod' is possibly 'null'.
src/app/api/hr/payroll/route.ts(266,27): error TS18047: 'completePeriod' is possibly 'null'.
src/app/api/hr/payroll/route.ts(267,23): error TS18047: 'completePeriod' is possibly 'null'.
src/app/api/hr/payroll/route.ts(284,25): error TS6133: 'approval_notes' is declared but its value is never read.
src/app/api/hr/stats/route.ts(11,27): error TS6133: 'request' is declared but its value is never read.
src/app/api/maintenance/stats/route.ts(4,27): error TS6133: 'request' is declared but its value is never read.
src/app/api/merchandising/demand-forecast/route.ts(195,7): error TS7053: Element implicitly has an 'any' type because expression of type 'number' can't be used to index type '{ 0: number; 1: number; 2: number; 3: number; 4: number; 5: number; 6: number; 7: number; 8: number; 9: number; 10: number; 11: number; }'.
  No index signature with a parameter of type 'number' was found on type '{ 0: number; 1: number; 2: number; 3: number; 4: number; 5: number; 6: number; 7: number; 8: number; 9: number; 10: number; 11: number; }'.
src/app/api/merchandising/market-trends/route.ts(7,3): error TS6133: 'validateEnum' is declared but its value is never read.
src/app/api/merchandising/market-trends/route.ts(226,29): error TS7053: Element implicitly has an 'any' type because expression of type 'string' can't be used to index type '{ SPRING: { products: string[]; colors: string[]; materials: string[]; impact: number; }; SUMMER: { products: string[]; colors: string[]; materials: string[]; impact: number; }; FALL: { products: string[]; colors: string[]; materials: string[]; impact: number; }; WINTER: { ...; }; }'.
  No index signature with a parameter of type 'string' was found on type '{ SPRING: { products: string[]; colors: string[]; materials: string[]; impact: number; }; SUMMER: { products: string[]; colors: string[]; materials: string[]; impact: number; }; FALL: { products: string[]; colors: string[]; materials: string[]; impact: number; }; WINTER: { ...; }; }'.
src/app/api/merchandising/market-trends/route.ts(267,9): error TS7034: Variable 'trends' implicitly has type 'any[]' in some locations where its type cannot be determined.
src/app/api/merchandising/market-trends/route.ts(332,10): error TS7005: Variable 'trends' implicitly has an 'any[]' type.
src/app/api/merchandising/market-trends/route.ts(336,9): error TS7034: Variable 'trends' implicitly has type 'any[]' in some locations where its type cannot be determined.
src/app/api/merchandising/market-trends/route.ts(408,10): error TS7005: Variable 'trends' implicitly has an 'any[]' type.
src/app/api/merchandising/recommendations/route.ts(257,29): error TS6133: 'color' is declared but its value is never read.
src/app/api/merchandising/recommendations/route.ts(268,15): error TS2322: Type 'string | undefined' is not assignable to type 'string'.
  Type 'undefined' is not assignable to type 'string'.
src/app/api/merchandising/recommendations/route.ts(308,12): error TS2532: Object is possibly 'undefined'.
src/app/api/merchandising/recommendations/route.ts(310,11): error TS2532: Object is possibly 'undefined'.
src/app/api/merchandising/recommendations/route.ts(356,3): error TS6133: 'clientOrders' is declared but its value is never read.
src/app/api/merchandising/recommendations/route.ts(377,33): error TS7053: Element implicitly has an 'any' type because expression of type 'number' can't be used to index type '{ 0: string[]; 1: string[]; 2: string[]; 3: string[]; 4: string[]; 5: string[]; 6: string[]; 7: string[]; 8: string[]; 9: string[]; 10: string[]; 11: string[]; }'.
  No index signature with a parameter of type 'number' was found on type '{ 0: string[]; 1: string[]; 2: string[]; 3: string[]; 4: string[]; 5: string[]; 6: string[]; 7: string[]; 8: string[]; 9: string[]; 10: string[]; 11: string[]; }'.
src/app/api/mobile/qc/submit/route.ts(19,7): error TS6133: 'passed' is declared but its value is never read.
src/app/api/mobile/qc/submit/route.ts(22,7): error TS6133: 'photos' is declared but its value is never read.
src/app/api/mobile/qc/submit/route.ts(24,7): error TS6133: 'inspector_name' is declared but its value is never read.
src/app/api/mobile/scan/route.ts(9,62): error TS6133: 'user' is declared but its value is never read.
src/app/api/mobile/scan/route.ts(11,19): error TS6133: 'format' is declared but its value is never read.
src/app/api/mobile/stats/route.ts(9,39): error TS6133: 'request' is declared but its value is never read.
src/app/api/mobile/stats/route.ts(86,11): error TS6133: 'printPieces' is declared but its value is never read.
src/app/api/notifications/email/route.ts(93,11): error TS2561: Object literal may only specify known properties, but 'reply_to' does not exist in type 'EmailOptions'. Did you mean to write 'replyTo'?
src/app/api/orders/[id]/activity-logs/route.ts(58,9): error TS2322: Type 'string | null' is not assignable to type 'string | undefined'.
  Type 'null' is not assignable to type 'string | undefined'.
src/app/api/orders/[id]/color-variants/route.ts(4,1): error TS6133: 'getWorkspaceIdFromRequest' is declared but its value is never read.
src/app/api/orders/[id]/color-variants/route.ts(15,3): error TS6133: 'request' is declared but its value is never read.
src/app/api/orders/[id]/color-variants/route.ts(50,3): error TS6133: 'params' is declared but its value is never read.
src/app/api/orders/[id]/color-variants/route.ts(96,3): error TS6133: 'params' is declared but its value is never read.
src/app/api/orders/[id]/route.ts(1,23): error TS6133: 'NextResponse' is declared but its value is never read.
src/app/api/orders/[id]/route.ts(19,9): error TS2322: Type 'string | null' is not assignable to type 'string | StringFilter<"Order"> | undefined'.
  Type 'null' is not assignable to type 'string | StringFilter<"Order"> | undefined'.
src/app/api/orders/[id]/route.ts(65,11): error TS6133: 'workspaceId' is declared but its value is never read.
src/app/api/orders/[id]/route.ts(108,11): error TS6133: 'workspaceId' is declared but its value is never read.
src/app/api/packing/cartons/[id]/contents/route.ts(77,3): error TS6133: 'request' is declared but its value is never read.
src/app/api/packing/cartons/[id]/contents/route.ts(109,3): error TS6133: 'params' is declared but its value is never read.
src/app/api/payments/create-checkout/route.ts(106,7): error TS2554: Expected 1 arguments, but got 2.
src/app/api/performance/metrics/route.ts(10,27): error TS6133: 'request' is declared but its value is never read.
src/app/api/performance/metrics/route.ts(28,17): error TS2538: Type 'undefined' cannot be used as an index type.
src/app/api/printing/ai/dashboard-insights/route.ts(4,27): error TS6133: 'request' is declared but its value is never read.
src/app/api/printing/ai/dashboard-insights/route.ts(184,12): error TS7053: Element implicitly has an 'any' type because expression of type 'any' can't be used to index type '{}'.
src/app/api/printing/ai/dashboard-insights/route.ts(185,9): error TS7053: Element implicitly has an 'any' type because expression of type 'any' can't be used to index type '{}'.
src/app/api/printing/ai/dashboard-insights/route.ts(187,7): error TS7053: Element implicitly has an 'any' type because expression of type 'any' can't be used to index type '{}'.
src/app/api/printing/ai/dashboard-insights/route.ts(193,10): error TS7006: Parameter 'sum' implicitly has an 'any' type.
src/app/api/printing/ai/dashboard-insights/route.ts(193,15): error TS7006: Parameter 'mat' implicitly has an 'any' type.
src/app/api/printing/ai/dashboard-insights/route.ts(197,10): error TS7006: Parameter 'sum' implicitly has an 'any' type.
src/app/api/printing/ai/dashboard-insights/route.ts(197,15): error TS7006: Parameter 'mat' implicitly has an 'any' type.
src/app/api/printing/ai/dashboard-insights/route.ts(344,10): error TS7053: Element implicitly has an 'any' type because expression of type 'any' can't be used to index type '{}'.
src/app/api/printing/ai/dashboard-insights/route.ts(345,7): error TS7053: Element implicitly has an 'any' type because expression of type 'any' can't be used to index type '{}'.
src/app/api/printing/ai/dashboard-insights/route.ts(353,5): error TS7053: Element implicitly has an 'any' type because expression of type 'any' can't be used to index type '{}'.
src/app/api/printing/ai/dashboard-insights/route.ts(356,7): error TS7053: Element implicitly has an 'any' type because expression of type 'any' can't be used to index type '{}'.
src/app/api/printing/ai/dashboard-insights/route.ts(364,14): error TS7053: Element implicitly has an 'any' type because expression of type 'any' can't be used to index type '{}'.
src/app/api/printing/ai/dashboard-insights/route.ts(365,11): error TS7053: Element implicitly has an 'any' type because expression of type 'any' can't be used to index type '{}'.
src/app/api/printing/ai/dashboard-insights/route.ts(367,9): error TS7053: Element implicitly has an 'any' type because expression of type 'any' can't be used to index type '{}'.
src/app/api/printing/ai/dashboard-insights/route.ts(376,28): error TS7006: Parameter 'sum' implicitly has an 'any' type.
src/app/api/printing/ai/dashboard-insights/route.ts(376,33): error TS7006: Parameter 'score' implicitly has an 'any' type.
src/app/api/printing/ai/dashboard-insights/route.ts(381,5): error TS7053: Element implicitly has an 'any' type because expression of type 'string' can't be used to index type '{}'.
  No index signature with a parameter of type 'string' was found on type '{}'.
src/app/api/printing/ai/dashboard-insights/route.ts(398,10): error TS7053: Element implicitly has an 'any' type because expression of type 'string' can't be used to index type '{ SILKSCREEN: number; SUBLIMATION: number; DTF: number; EMBROIDERY: number; }'.
  No index signature with a parameter of type 'string' was found on type '{ SILKSCREEN: number; SUBLIMATION: number; DTF: number; EMBROIDERY: number; }'.
src/app/api/printing/ai/monitor/route.ts(8,11): error TS6133: 'method' is declared but its value is never read.
src/app/api/printing/ai/monitor/route.ts(147,9): error TS6133: 'rejects' is declared but its value is never read.
src/app/api/printing/ai/monitor/route.ts(219,55): error TS6133: 'mat' is declared but its value is never read.
src/app/api/printing/ai/monitor/route.ts(347,27): error TS18048: 'worstFactor' is possibly 'undefined'.
src/app/api/printing/ai/monitor/route.ts(347,79): error TS18048: 'worstFactor' is possibly 'undefined'.
src/app/api/printing/ai/monitor/route.ts(348,35): error TS18048: 'worstFactor' is possibly 'undefined'.
src/app/api/printing/ai/monitor/route.ts(387,36): error TS6133: 'printRun' is declared but its value is never read.
src/app/api/printing/ai/monitor/route.ts(476,38): error TS6133: 'runId' is declared but its value is never read.
src/app/api/printing/ai/monitor/route.ts(488,36): error TS6133: 'pressure' is declared but its value is never read.
src/app/api/printing/ai/monitor/route.ts(509,21): error TS6133: 'adjustments' is declared but its value is never read.
src/app/api/printing/ai/monitor/route.ts(523,24): error TS6133: 'defects' is declared but its value is never read.
src/app/api/printing/ai/optimize/route.ts(117,5): error TS6133: 'rush_order' is declared but its value is never read.
src/app/api/printing/ai/optimize/route.ts(184,17): error TS7053: Element implicitly has an 'any' type because expression of type 'string' can't be used to index type '{ SILKSCREEN: { min: number; optimal: number; max: number; }; SUBLIMATION: { min: number; optimal: number; max: number; }; DTF: { min: number; optimal: number; max: number; }; EMBROIDERY: { min: number; optimal: number; max: number; }; }'.
  No index signature with a parameter of type 'string' was found on type '{ SILKSCREEN: { min: number; optimal: number; max: number; }; SUBLIMATION: { min: number; optimal: number; max: number; }; DTF: { min: number; optimal: number; max: number; }; EMBROIDERY: { min: number; optimal: number; max: number; }; }'.
src/app/api/printing/ai/optimize/route.ts(198,58): error TS6133: 'method' is declared but its value is never read.
src/app/api/printing/ai/optimize/route.ts(201,9): error TS6133: 'methodFactors' is declared but its value is never read.
src/app/api/printing/ai/optimize/route.ts(390,21): error TS7053: Element implicitly has an 'any' type because expression of type 'string' can't be used to index type '{ SILKSCREEN: number; SUBLIMATION: number; DTF: number; EMBROIDERY: number; }'.
  No index signature with a parameter of type 'string' was found on type '{ SILKSCREEN: number; SUBLIMATION: number; DTF: number; EMBROIDERY: number; }'.
src/app/api/printing/ai/optimize/route.ts(400,3): error TS6133: 'materials' is declared but its value is never read.
src/app/api/printing/ai/optimize/route.ts(410,21): error TS7053: Element implicitly has an 'any' type because expression of type 'string' can't be used to index type '{ SILKSCREEN: number; SUBLIMATION: number; DTF: number; EMBROIDERY: number; }'.
  No index signature with a parameter of type 'string' was found on type '{ SILKSCREEN: number; SUBLIMATION: number; DTF: number; EMBROIDERY: number; }'.
src/app/api/printing/dashboard/route.ts(4,27): error TS6133: 'request' is declared but its value is never read.
src/app/api/printing/machines/route.ts(171,36): error TS6133: 'machineId' is declared but its value is never read.
src/app/api/printing/materials/route.ts(159,31): error TS6133: 'request' is declared but its value is never read.
src/app/api/printing/runs/[id]/route.ts(5,3): error TS6133: 'request' is declared but its value is never read.
src/app/api/printing/runs/[id]/start/route.ts(5,3): error TS6133: 'request' is declared but its value is never read.
src/app/api/printing/runs/[id]/start/route.ts(224,7): error TS2322: Type '{ entity: string; entity_id: string; stage: string; analysis_type: string; risk: string; confidence: number; issues: string; recommendations: string; metadata: string; result: string; created_by: string; }' is not assignable to type '(Without<AIAnalysisCreateInput, AIAnalysisUncheckedCreateInput> & AIAnalysisUncheckedCreateInput) | (Without<...> & AIAnalysisCreateInput)'.
  Type '{ entity: string; entity_id: string; stage: string; analysis_type: string; risk: string; confidence: number; issues: string; recommendations: string; metadata: string; result: string; created_by: string; }' is not assignable to type 'Without<AIAnalysisCreateInput, AIAnalysisUncheckedCreateInput> & AIAnalysisUncheckedCreateInput'.
    Property 'workspace_id' is missing in type '{ entity: string; entity_id: string; stage: string; analysis_type: string; risk: string; confidence: number; issues: string; recommendations: string; metadata: string; result: string; created_by: string; }' but required in type 'AIAnalysisUncheckedCreateInput'.
src/app/api/printing/runs/route.ts(123,7): error TS6133: 'priority' is declared but its value is never read.
src/app/api/printing/runs/route.ts(124,7): error TS6133: 'notes' is declared but its value is never read.
src/app/api/printing/runs/route.ts(148,7): error TS2322: Type '{ order_id: any; routing_step_id: any; machine_id: any; method: any; workcenter: string; status: string; created_by: string; outputs: { create: { qty_good: number; qty_reject: number; notes: string; }; }; }' is not assignable to type '(Without<PrintRunCreateInput, PrintRunUncheckedCreateInput> & PrintRunUncheckedCreateInput) | (Without<...> & PrintRunCreateInput)'.
  Type '{ order_id: any; routing_step_id: any; machine_id: any; method: any; workcenter: string; status: string; created_by: string; outputs: { create: { qty_good: number; qty_reject: number; notes: string; }; }; }' is not assignable to type 'Without<PrintRunUncheckedCreateInput, PrintRunCreateInput> & PrintRunCreateInput'.
    Type '{ order_id: any; routing_step_id: any; machine_id: any; method: any; workcenter: string; status: string; created_by: string; outputs: { create: { qty_good: number; qty_reject: number; notes: string; }; }; }' is missing the following properties from type 'PrintRunCreateInput': workspace_id, order
src/app/api/quality-control/ashley-analysis/route.ts(108,9): error TS7034: Variable 'timeSeriesData' implicitly has type 'any[]' in some locations where its type cannot be determined.
src/app/api/quality-control/ashley-analysis/route.ts(116,12): error TS7053: Element implicitly has an 'any' type because expression of type 'string' can't be used to index type '{}'.
  No index signature with a parameter of type 'string' was found on type '{}'.
src/app/api/quality-control/ashley-analysis/route.ts(117,9): error TS7053: Element implicitly has an 'any' type because expression of type 'string' can't be used to index type '{}'.
  No index signature with a parameter of type 'string' was found on type '{}'.
src/app/api/quality-control/ashley-analysis/route.ts(119,7): error TS7053: Element implicitly has an 'any' type because expression of type 'string' can't be used to index type '{}'.
  No index signature with a parameter of type 'string' was found on type '{}'.
src/app/api/quality-control/ashley-analysis/route.ts(142,5): error TS7005: Variable 'timeSeriesData' implicitly has an 'any[]' type.
src/app/api/quality-control/ashley-analysis/route.ts(159,18): error TS7005: Variable 'timeSeriesData' implicitly has an 'any[]' type.
src/app/api/quality-control/ashley-analysis/route.ts(170,30): error TS7006: Parameter 'defect' implicitly has an 'any' type.
src/app/api/quality-control/ashley-analysis/route.ts(172,10): error TS7053: Element implicitly has an 'any' type because expression of type 'any' can't be used to index type '{}'.
src/app/api/quality-control/ashley-analysis/route.ts(173,7): error TS7053: Element implicitly has an 'any' type because expression of type 'any' can't be used to index type '{}'.
src/app/api/quality-control/ashley-analysis/route.ts(180,5): error TS7053: Element implicitly has an 'any' type because expression of type 'any' can't be used to index type '{}'.
src/app/api/quality-control/ashley-analysis/route.ts(181,5): error TS7053: Element implicitly has an 'any' type because expression of type 'any' can't be used to index type '{}'.
src/app/api/quality-control/ashley-analysis/route.ts(185,12): error TS7053: Element implicitly has an 'any' type because expression of type 'any' can't be used to index type '{}'.
src/app/api/quality-control/ashley-analysis/route.ts(186,9): error TS7053: Element implicitly has an 'any' type because expression of type 'any' can't be used to index type '{}'.
src/app/api/quality-control/ashley-analysis/route.ts(188,7): error TS7053: Element implicitly has an 'any' type because expression of type 'any' can't be used to index type '{}'.
src/app/api/quality-control/ashley-analysis/route.ts(198,9): error TS7034: Variable 'preventiveActions' implicitly has type 'any[]' in some locations where its type cannot be determined.
src/app/api/quality-control/ashley-analysis/route.ts(251,27): error TS7005: Variable 'preventiveActions' implicitly has an 'any[]' type.
src/app/api/quality-control/ashley-analysis/route.ts(445,3): error TS6133: 'defectTrends' is declared but its value is never read.
src/app/api/quality-control/ashley-analysis/route.ts(464,3): error TS6133: 'riskFactors' is declared but its value is never read.
src/app/api/quality-control/ashley-analysis/route.ts(481,3): error TS6133: 'currentRate' is declared but its value is never read.
src/app/api/quality-control/ashley-analysis/route.ts(482,3): error TS6133: 'controlLimits' is declared but its value is never read.
src/app/api/quality-control/ashley-analysis/route.ts(498,3): error TS6133: 'rootCause' is declared but its value is never read.
src/app/api/quality-control/inspections/[id]/route.ts(5,3): error TS6133: 'request' is declared but its value is never read.
src/app/api/quality-control/inspections/route.ts(122,48): error TS6133: 'aql' is declared but its value is never read.
src/app/api/quality-control/inspections/route.ts(122,61): error TS6133: 'level' is declared but its value is never read.
src/app/api/quality-control/inspections/route.ts(157,18): error TS18048: 'result' is possibly 'undefined'.
src/app/api/quality-control/inspections/route.ts(158,17): error TS18048: 'result' is possibly 'undefined'.
src/app/api/quality-control/inspections/route.ts(159,16): error TS18048: 'result' is possibly 'undefined'.
src/app/api/reports/execute/route.ts(173,3): error TS6133: 'config' is declared but its value is never read.
src/app/api/reports/execute/route.ts(212,3): error TS6133: 'config' is declared but its value is never read.
src/app/api/reports/execute/route.ts(213,3): error TS6133: 'filters' is declared but its value is never read.
src/app/api/reports/execute/route.ts(226,7): error TS2353: Object literal may only specify known properties, and 'line_item' does not exist in type 'BundleInclude<DefaultArgs>'.
src/app/api/reports/execute/route.ts(239,3): error TS6133: 'config' is declared but its value is never read.
src/app/api/reports/execute/route.ts(240,3): error TS6133: 'filters' is declared but its value is never read.
src/app/api/reports/execute/route.ts(250,7): error TS2353: Object literal may only specify known properties, and 'line_items' does not exist in type 'InvoiceInclude<DefaultArgs>'.
src/app/api/reports/execute/route.ts(264,3): error TS6133: 'config' is declared but its value is never read.
src/app/api/reports/execute/route.ts(265,3): error TS6133: 'filters' is declared but its value is never read.
src/app/api/reports/execute/route.ts(293,3): error TS6133: 'config' is declared but its value is never read.
src/app/api/reports/execute/route.ts(294,3): error TS6133: 'filters' is declared but its value is never read.
src/app/api/reports/execute/route.ts(312,3): error TS6133: 'config' is declared but its value is never read.
src/app/api/reports/execute/route.ts(313,3): error TS6133: 'filters' is declared but its value is never read.
src/app/api/seed/route.ts(3,20): error TS7016: Could not find a declaration file for module 'bcryptjs'. 'C:/Users/Khell/Desktop/Ashley AI/node_modules/.pnpm/bcryptjs@2.4.3/node_modules/bcryptjs/index.js' implicitly has an 'any' type.
  Try `npm i --save-dev @types/bcryptjs` if it exists or add a new declaration (.d.ts) file containing `declare module 'bcryptjs';`
src/app/api/settings/account/route.ts(11,31): error TS2554: Expected 1 arguments, but got 2.
src/app/api/settings/account/route.ts(11,38): error TS7006: Parameter 'userId' implicitly has an 'any' type.
src/app/api/settings/account/route.ts(11,46): error TS6133: 'workspaceId' is declared but its value is never read.
src/app/api/settings/account/route.ts(11,46): error TS7006: Parameter 'workspaceId' implicitly has an 'any' type.
src/app/api/settings/account/route.ts(16,11): error TS2353: Object literal may only specify known properties, and 'name' does not exist in type 'UserSelect<DefaultArgs>'.
src/app/api/settings/account/route.ts(40,31): error TS2554: Expected 1 arguments, but got 2.
src/app/api/settings/account/route.ts(40,38): error TS7006: Parameter 'userId' implicitly has an 'any' type.
src/app/api/settings/account/route.ts(40,46): error TS6133: 'workspaceId' is declared but its value is never read.
src/app/api/settings/account/route.ts(40,46): error TS7006: Parameter 'workspaceId' implicitly has an 'any' type.
src/app/api/settings/account/route.ts(56,13): error TS2322: Type '{ email: any; }' is not assignable to type 'UserWhereUniqueInput'.
  Type '{ email: any; }' is not assignable to type '{ id: string | UserWorkspace_idEmailCompoundUniqueInput; email_verification_token: string | UserWorkspace_idEmailCompoundUniqueInput; password_reset_token: string | UserWorkspace_idEmailCompoundUniqueInput; workspace_id_email: string | UserWorkspace_idEmailCompoundUniqueInput; } & { ...; }'.
    Type '{ email: any; }' is missing the following properties from type '{ id: string | UserWorkspace_idEmailCompoundUniqueInput; email_verification_token: string | UserWorkspace_idEmailCompoundUniqueInput; password_reset_token: string | UserWorkspace_idEmailCompoundUniqueInput; workspace_id_email: string | UserWorkspace_idEmailCompoundUniqueInput; }': id, email_verification_token, password_reset_token, workspace_id_email
src/app/api/settings/appearance/route.ts(10,27): error TS6133: 'request' is declared but its value is never read.
src/app/api/settings/appearance/route.ts(11,29): error TS6133: 'request' is declared but its value is never read.
src/app/api/settings/appearance/route.ts(11,51): error TS6133: 'user' is declared but its value is never read.
src/app/api/settings/appearance/route.ts(33,27): error TS6133: 'request' is declared but its value is never read.
src/app/api/settings/appearance/route.ts(34,51): error TS6133: 'user' is declared but its value is never read.
src/app/api/settings/appearance/route.ts(36,13): error TS6133: 'body' is declared but its value is never read.
src/app/api/settings/audit-logs/export/route.ts(7,28): error TS6133: 'request' is declared but its value is never read.
src/app/api/settings/audit-logs/export/route.ts(8,51): error TS6133: 'user' is declared but its value is never read.
src/app/api/settings/audit-logs/export/route.ts(10,13): error TS6133: 'body' is declared but its value is never read.
src/app/api/settings/audit-logs/route.ts(10,27): error TS6133: 'request' is declared but its value is never read.
src/app/api/settings/audit-logs/route.ts(11,29): error TS6133: 'request' is declared but its value is never read.
src/app/api/settings/avatar/route.ts(11,31): error TS2554: Expected 1 arguments, but got 2.
src/app/api/settings/avatar/route.ts(11,38): error TS7006: Parameter 'userId' implicitly has an 'any' type.
src/app/api/settings/avatar/route.ts(11,46): error TS6133: 'workspaceId' is declared but its value is never read.
src/app/api/settings/avatar/route.ts(11,46): error TS7006: Parameter 'workspaceId' implicitly has an 'any' type.
src/app/api/settings/avatar/route.ts(67,31): error TS2554: Expected 1 arguments, but got 2.
src/app/api/settings/avatar/route.ts(67,38): error TS7006: Parameter 'userId' implicitly has an 'any' type.
src/app/api/settings/avatar/route.ts(67,46): error TS6133: 'workspaceId' is declared but its value is never read.
src/app/api/settings/avatar/route.ts(67,46): error TS7006: Parameter 'workspaceId' implicitly has an 'any' type.
src/app/api/settings/general/route.ts(11,31): error TS2554: Expected 1 arguments, but got 2.
src/app/api/settings/general/route.ts(11,38): error TS7006: Parameter 'userId' implicitly has an 'any' type.
src/app/api/settings/general/route.ts(11,46): error TS6133: 'workspaceId' is declared but its value is never read.
src/app/api/settings/general/route.ts(11,46): error TS7006: Parameter 'workspaceId' implicitly has an 'any' type.
src/app/api/settings/general/route.ts(16,11): error TS2353: Object literal may only specify known properties, and 'name' does not exist in type 'UserSelect<DefaultArgs>'.
src/app/api/settings/general/route.ts(43,31): error TS2554: Expected 1 arguments, but got 2.
src/app/api/settings/general/route.ts(43,38): error TS7006: Parameter 'userId' implicitly has an 'any' type.
src/app/api/settings/general/route.ts(43,46): error TS6133: 'workspaceId' is declared but its value is never read.
src/app/api/settings/general/route.ts(43,46): error TS7006: Parameter 'workspaceId' implicitly has an 'any' type.
src/app/api/settings/general/route.ts(59,11): error TS2353: Object literal may only specify known properties, and 'name' does not exist in type '(Without<UserUpdateInput, UserUncheckedUpdateInput> & UserUncheckedUpdateInput) | (Without<...> & UserUpdateInput)'.
src/app/api/settings/notifications/route.ts(10,27): error TS6133: 'request' is declared but its value is never read.
src/app/api/settings/notifications/route.ts(11,29): error TS6133: 'request' is declared but its value is never read.
src/app/api/settings/notifications/route.ts(11,51): error TS6133: 'user' is declared but its value is never read.
src/app/api/settings/notifications/route.ts(36,27): error TS6133: 'request' is declared but its value is never read.
src/app/api/settings/notifications/route.ts(37,51): error TS6133: 'user' is declared but its value is never read.
src/app/api/settings/notifications/route.ts(39,13): error TS6133: 'body' is declared but its value is never read.
src/app/api/settings/password/route.ts(4,20): error TS7016: Could not find a declaration file for module 'bcrypt'. 'C:/Users/Khell/Desktop/Ashley AI/node_modules/.pnpm/bcrypt@6.0.0/node_modules/bcrypt/bcrypt.js' implicitly has an 'any' type.
  Try `npm i --save-dev @types/bcrypt` if it exists or add a new declaration (.d.ts) file containing `declare module 'bcrypt';`
src/app/api/settings/password/route.ts(12,31): error TS2554: Expected 1 arguments, but got 2.
src/app/api/settings/password/route.ts(12,38): error TS7006: Parameter 'userId' implicitly has an 'any' type.
src/app/api/settings/password/route.ts(12,46): error TS6133: 'workspaceId' is declared but its value is never read.
src/app/api/settings/password/route.ts(12,46): error TS7006: Parameter 'workspaceId' implicitly has an 'any' type.
src/app/api/settings/sessions/[id]/route.ts(11,31): error TS2554: Expected 1 arguments, but got 2.
src/app/api/settings/sessions/[id]/route.ts(11,38): error TS6133: 'userId' is declared but its value is never read.
src/app/api/settings/sessions/[id]/route.ts(11,38): error TS7006: Parameter 'userId' implicitly has an 'any' type.
src/app/api/settings/sessions/[id]/route.ts(11,46): error TS6133: 'workspaceId' is declared but its value is never read.
src/app/api/settings/sessions/[id]/route.ts(11,46): error TS7006: Parameter 'workspaceId' implicitly has an 'any' type.
src/app/api/settings/sessions/[id]/route.ts(13,13): error TS6133: 'sessionId' is declared but its value is never read.
src/app/api/settings/sessions/revoke-all/route.ts(8,31): error TS2554: Expected 1 arguments, but got 2.
src/app/api/settings/sessions/revoke-all/route.ts(8,38): error TS6133: 'userId' is declared but its value is never read.
src/app/api/settings/sessions/revoke-all/route.ts(8,38): error TS7006: Parameter 'userId' implicitly has an 'any' type.
src/app/api/settings/sessions/revoke-all/route.ts(8,46): error TS6133: 'workspaceId' is declared but its value is never read.
src/app/api/settings/sessions/revoke-all/route.ts(8,46): error TS7006: Parameter 'workspaceId' implicitly has an 'any' type.
src/app/api/settings/sessions/route.ts(10,27): error TS6133: 'request' is declared but its value is never read.
src/app/api/settings/sessions/route.ts(11,29): error TS6133: 'request' is declared but its value is never read.
src/app/api/settings/sessions/route.ts(11,51): error TS6133: 'user' is declared but its value is never read.
src/app/api/settings/workspace/logo/route.ts(11,31): error TS2554: Expected 1 arguments, but got 2.
src/app/api/settings/workspace/logo/route.ts(11,38): error TS6133: 'userId' is declared but its value is never read.
src/app/api/settings/workspace/logo/route.ts(11,38): error TS7006: Parameter 'userId' implicitly has an 'any' type.
src/app/api/settings/workspace/logo/route.ts(11,46): error TS7006: Parameter 'workspaceId' implicitly has an 'any' type.
src/app/api/settings/workspace/logo/route.ts(50,11): error TS2353: Object literal may only specify known properties, and 'logo_url' does not exist in type '(Without<WorkspaceUpdateInput, WorkspaceUncheckedUpdateInput> & WorkspaceUncheckedUpdateInput) | (Without<...> & WorkspaceUpdateInput)'.
src/app/api/settings/workspace/logo/route.ts(67,31): error TS2554: Expected 1 arguments, but got 2.
src/app/api/settings/workspace/logo/route.ts(67,38): error TS6133: 'userId' is declared but its value is never read.
src/app/api/settings/workspace/logo/route.ts(67,38): error TS7006: Parameter 'userId' implicitly has an 'any' type.
src/app/api/settings/workspace/logo/route.ts(67,46): error TS7006: Parameter 'workspaceId' implicitly has an 'any' type.
src/app/api/settings/workspace/logo/route.ts(72,11): error TS2353: Object literal may only specify known properties, and 'logo_url' does not exist in type '(Without<WorkspaceUpdateInput, WorkspaceUncheckedUpdateInput> & WorkspaceUncheckedUpdateInput) | (Without<...> & WorkspaceUpdateInput)'.
src/app/api/settings/workspace/route.ts(11,31): error TS2554: Expected 1 arguments, but got 2.
src/app/api/settings/workspace/route.ts(11,38): error TS6133: 'userId' is declared but its value is never read.
src/app/api/settings/workspace/route.ts(11,38): error TS7006: Parameter 'userId' implicitly has an 'any' type.
src/app/api/settings/workspace/route.ts(11,46): error TS7006: Parameter 'workspaceId' implicitly has an 'any' type.
src/app/api/settings/workspace/route.ts(18,11): error TS2353: Object literal may only specify known properties, and 'description' does not exist in type 'WorkspaceSelect<DefaultArgs>'.
src/app/api/settings/workspace/route.ts(56,31): error TS2554: Expected 1 arguments, but got 2.
src/app/api/settings/workspace/route.ts(56,38): error TS6133: 'userId' is declared but its value is never read.
src/app/api/settings/workspace/route.ts(56,38): error TS7006: Parameter 'userId' implicitly has an 'any' type.
src/app/api/settings/workspace/route.ts(56,46): error TS7006: Parameter 'workspaceId' implicitly has an 'any' type.
src/app/api/setup/route.ts(3,20): error TS7016: Could not find a declaration file for module 'bcryptjs'. 'C:/Users/Khell/Desktop/Ashley AI/node_modules/.pnpm/bcryptjs@2.4.3/node_modules/bcryptjs/index.js' implicitly has an 'any' type.
  Try `npm i --save-dev @types/bcryptjs` if it exists or add a new declaration (.d.ts) file containing `declare module 'bcryptjs';`
src/app/api/sewing/dashboard/route.ts(4,27): error TS6133: 'request' is declared but its value is never read.
src/app/api/sewing/operations/route.ts(2,1): error TS6133: 'prisma' is declared but its value is never read.
src/app/api/sewing/operations/route.ts(9,11): error TS6133: 'where' is declared but its value is never read.
src/app/api/sewing/runs/route.ts(65,24): error TS6133: 'total' is declared but its value is never read.
src/app/api/tenants/route.ts(52,9): error TS2783: 'success' is specified more than once, so this usage will be overwritten.
src/app/automation/page.tsx(6,3): error TS6133: 'Play' is declared but its value is never read.
src/app/automation/page.tsx(7,3): error TS6133: 'Pause' is declared but its value is never read.
src/app/automation/page.tsx(10,3): error TS6133: 'Settings' is declared but its value is never read.
src/app/automation/page.tsx(15,3): error TS6133: 'XCircle' is declared but its value is never read.
src/app/automation/page.tsx(17,3): error TS6133: 'Users' is declared but its value is never read.
src/app/automation/page.tsx(22,11): error TS6196: 'AutomationStats' is declared but never used.
src/app/automation/page.tsx(73,5): error TS6133: 'error' is declared but its value is never read.
src/app/automation/page.tsx(360,46): error TS7006: Parameter 'activity' implicitly has an 'any' type.
src/app/automation/page.tsx(360,56): error TS7006: Parameter 'index' implicitly has an 'any' type.
src/app/capa/page.tsx(13,3): error TS6133: 'Users' is declared but its value is never read.
src/app/capa/page.tsx(16,3): error TS6133: 'Filter' is declared but its value is never read.
src/app/clients/[id]/brands/page.tsx(15,3): error TS6133: 'Image' is declared but its value is never read.
src/app/clients/[id]/brands/page.tsx(61,9): error TS6133: 'router' is declared but its value is never read.
src/app/clients/[id]/brands/page.tsx(539,45): error TS2345: Argument of type 'string | undefined' is not assignable to parameter of type 'string | null'.
  Type 'undefined' is not assignable to type 'string | null'.
src/app/clients/[id]/edit/page.tsx(218,13): error TS6133: 'existingBrandIds' is declared but its value is never read.
src/app/clients/page.tsx(10,3): error TS6133: 'Plus' is declared but its value is never read.
src/app/clients/page.tsx(30,11): error TS6196: 'Client' is declared but never used.
src/app/clients/page.tsx(95,9): error TS6133: 'formatCurrency' is declared but its value is never read.
src/app/clients/page.tsx(186,26): error TS7006: Parameter 'client' implicitly has an 'any' type.
src/app/cutting/[layId]/bundles/page.tsx(15,1): error TS6133: 'Separator' is declared but its value is never read.
src/app/cutting/[layId]/bundles/page.tsx(67,9): error TS6133: 'router' is declared but its value is never read.
src/app/cutting/[layId]/bundles/page.tsx(138,5): error TS2322: Type '{ size_code?: string | undefined; total_pieces?: number | undefined; pieces_per_bundle?: number | undefined; bundles_count?: number | undefined; qr_codes?: string[] | undefined; }' is not assignable to type 'BundleCreate'.
  Types of property 'size_code' are incompatible.
    Type 'string | undefined' is not assignable to type 'string'.
      Type 'undefined' is not assignable to type 'string'.
src/app/cutting/[layId]/bundles/page.tsx(142,7): error TS2532: Object is possibly 'undefined'.
src/app/cutting/[layId]/bundles/page.tsx(143,9): error TS2532: Object is possibly 'undefined'.
src/app/cutting/[layId]/bundles/page.tsx(179,21): error TS2345: Argument of type '{ qr_codes: { bundle_number: number; qr_code: string; pieces: number; }[]; size_code: string; total_pieces: number; pieces_per_bundle: number; bundles_count: number; }[]' is not assignable to parameter of type 'SetStateAction<BundleCreate[]>'.
  Type '{ qr_codes: { bundle_number: number; qr_code: string; pieces: number; }[]; size_code: string; total_pieces: number; pieces_per_bundle: number; bundles_count: number; }[]' is not assignable to type 'BundleCreate[]'.
    Type '{ qr_codes: { bundle_number: number; qr_code: string; pieces: number; }[]; size_code: string; total_pieces: number; pieces_per_bundle: number; bundles_count: number; }' is not assignable to type 'BundleCreate'.
      Types of property 'qr_codes' are incompatible.
        Type '{ bundle_number: number; qr_code: string; pieces: number; }[]' is not assignable to type 'string[]'.
          Type '{ bundle_number: number; qr_code: string; pieces: number; }' is not assignable to type 'string'.
src/app/cutting/[layId]/bundles/page.tsx(419,44): error TS6133: 'index' is declared but its value is never read.
src/app/cutting/create-lay/page.tsx(22,1): error TS6133: 'Separator' is declared but its value is never read.
src/app/cutting/create-lay/page.tsx(167,70): error TS6133: 'qty' is declared but its value is never read.
src/app/cutting/create-lay/page.tsx(184,5): error TS2322: Type '{ size_code?: string | undefined; qty?: number | undefined; }' is not assignable to type 'SizeOutput'.
  Types of property 'size_code' are incompatible.
    Type 'string | undefined' is not assignable to type 'string'.
      Type 'undefined' is not assignable to type 'string'.
src/app/cutting/create-lay/page.tsx(251,15): error TS6133: 'result' is declared but its value is never read.
src/app/cutting/issue-fabric/page.tsx(221,15): error TS6133: 'result' is declared but its value is never read.
src/app/cutting/page-original.tsx(29,3): error TS6133: 'Plus' is declared but its value is never read.
src/app/cutting/page.tsx(10,1): error TS6133: 'Input' is declared but its value is never read.
src/app/cutting/page.tsx(30,3): error TS6133: 'Trash2' is declared but its value is never read.
src/app/cutting/page.tsx(35,11): error TS6196: 'CutLay' is declared but never used.
src/app/cutting/page.tsx(64,11): error TS6196: 'Bundle' is declared but never used.
src/app/cutting/page.tsx(91,18): error TS6133: 'setSearch' is declared but its value is never read.
src/app/cutting/page.tsx(92,23): error TS6133: 'setCurrentPage' is declared but its value is never read.
src/app/cutting/page.tsx(279,34): error TS7006: Parameter 'sum' implicitly has an 'any' type.
src/app/cutting/page.tsx(279,39): error TS7006: Parameter 'lay' implicitly has an 'any' type.
src/app/cutting/page.tsx(302,41): error TS7006: Parameter 'b' implicitly has an 'any' type.
src/app/cutting/page.tsx(407,38): error TS7006: Parameter 'lay' implicitly has an 'any' type.
src/app/cutting/page.tsx(410,32): error TS7006: Parameter 'sum' implicitly has an 'any' type.
src/app/cutting/page.tsx(410,37): error TS7006: Parameter 'output' implicitly has an 'any' type.
src/app/cutting/page.tsx(543,38): error TS7006: Parameter 'bundle' implicitly has an 'any' type.
src/app/cutting/scan-bundle/page.tsx(15,3): error TS6133: 'Calendar' is declared but its value is never read.
src/app/cutting/scan-bundle/page.tsx(16,3): error TS6133: 'Hash' is declared but its value is never read.
src/app/delivery/page.tsx(19,3): error TS6133: 'Filter' is declared but its value is never read.
src/app/delivery/page.tsx(160,9): error TS6133: 'isLoading' is declared but its value is never read.
src/app/delivery/tracking/[id]/page.tsx(16,3): error TS6133: 'Camera' is declared but its value is never read.
src/app/designs/[id]/approval/page.tsx(33,3): error TS6133: 'Image' is declared but its value is never read.
src/app/designs/[id]/approval/page.tsx(35,3): error TS6133: 'Palette' is declared but its value is never read.
src/app/designs/[id]/approval/page.tsx(38,3): error TS6133: 'Mail' is declared but its value is never read.
src/app/designs/[id]/approval/page.tsx(39,3): error TS6133: 'Calendar' is declared but its value is never read.
src/app/designs/[id]/approval/page.tsx(190,10): error TS6133: 'approvalHistory' is declared but its value is never read.
src/app/designs/[id]/page.tsx(7,3): error TS6133: 'CardDescription' is declared but its value is never read.
src/app/designs/[id]/page.tsx(24,3): error TS6133: 'MessageCircle' is declared but its value is never read.
src/app/designs/[id]/page.tsx(27,3): error TS6133: 'Clock' is declared but its value is never read.
src/app/designs/[id]/versions/new/page.tsx(12,1): error TS6133: 'Input' is declared but its value is never read.
src/app/designs/[id]/versions/new/page.tsx(19,3): error TS6133: 'Save' is declared but its value is never read.
src/app/designs/[id]/versions/page.tsx(7,3): error TS6133: 'CardDescription' is declared but its value is never read.
src/app/designs/[id]/versions/page.tsx(17,3): error TS6133: 'Download' is declared but its value is never read.
src/app/designs/[id]/versions/page.tsx(19,3): error TS6133: 'CheckCircle' is declared but its value is never read.
src/app/designs/[id]/versions/page.tsx(20,3): error TS6133: 'AlertCircle' is declared but its value is never read.
src/app/designs/[id]/versions/page.tsx(21,3): error TS6133: 'Clock' is declared but its value is never read.
src/app/designs/[id]/versions/page.tsx(24,3): error TS6133: 'Lock' is declared but its value is never read.
src/app/designs/new/page.tsx(22,1): error TS6133: 'Badge' is declared but its value is never read.
src/app/designs/new/page.tsx(23,1): error TS6133: 'Separator' is declared but its value is never read.
src/app/designs/new/page.tsx(97,10): error TS6133: 'loading' is declared but its value is never read.
src/app/designs/new/page.tsx(385,15): error TS2339: Property 'warning' does not exist on type '{ (message: Message, opts?: Partial<Pick<Toast, "id" | "position" | "duration" | "style" | "className" | "icon" | "ariaProps" | "iconTheme" | "toasterId" | "removeDelay">> | undefined): string; ... 8 more ...; promise<T>(promise: Promise<...> | (() => Promise<...>), msgs: { ...; }, opts?: DefaultToastOptions | undef...'.
src/app/designs/page.tsx(9,3): error TS6133: 'CardDescription' is declared but its value is never read.
src/app/designs/page.tsx(10,3): error TS6133: 'CardHeader' is declared but its value is never read.
src/app/designs/page.tsx(11,3): error TS6133: 'CardTitle' is declared but its value is never read.
src/app/designs/page.tsx(19,3): error TS6133: 'Plus' is declared but its value is never read.
src/app/designs/page.tsx(32,11): error TS6196: 'DesignAsset' is declared but never used.
src/app/designs/page.tsx(299,36): error TS7006: Parameter 'design' implicitly has an 'any' type.
src/app/designs/upload/page.tsx(22,1): error TS6133: 'Badge' is declared but its value is never read.
src/app/designs/upload/page.tsx(23,1): error TS6133: 'Separator' is declared but its value is never read.
src/app/designs/upload/page.tsx(24,37): error TS6133: 'AlertCircle' is declared but its value is never read.
src/app/designs/upload/page.tsx(55,10): error TS6133: 'loading' is declared but its value is never read.
src/app/designs/upload/page.tsx(55,19): error TS6133: 'setLoading' is declared but its value is never read.
src/app/employee/dashboard/page.tsx(54,5): error TS6133: 'employeeId' is declared but its value is never read.
src/app/employee/dashboard/page.tsx(69,35): error TS6133: 'role' is declared but its value is never read.
src/app/employee/dashboard/page.tsx(70,11): error TS6133: 'baseTasks' is declared but its value is never read.
src/app/employee/dashboard/page.tsx(142,27): error TS6133: 'role' is declared but its value is never read.
src/app/employee/page.tsx(18,1): error TS6133: 'ErrorAlert' is declared but its value is never read.
src/app/employee/page.tsx(33,3): error TS6133: 'DollarSign' is declared but its value is never read.
src/app/employee/page.tsx(76,41): error TS2769: No overload matches this call.
  Overload 1 of 2, '(data: string): string', gave the following error.
    Argument of type 'string | undefined' is not assignable to parameter of type 'string'.
      Type 'undefined' is not assignable to type 'string'.
  Overload 2 of 2, '(data: string): string', gave the following error.
    Argument of type 'string | undefined' is not assignable to parameter of type 'string'.
      Type 'undefined' is not assignable to type 'string'.
src/app/employee/page.tsx(96,39): error TS6133: 'statsLoading' is declared but its value is never read.
src/app/finance/invoices/new/page.tsx(254,35): error TS6133: 'index' is declared but its value is never read.
src/app/finance/page.tsx(36,3): error TS6133: 'Filter' is declared but its value is never read.
src/app/finance/page.tsx(65,11): error TS6196: 'Bill' is declared but never used.
src/app/finance/page.tsx(163,9): error TS6133: 'isLoading' is declared but its value is never read.
src/app/finance/page.tsx(573,32): error TS7006: Parameter 'bill' implicitly has an 'any' type.
src/app/finishing-packing/carton-builder/page.tsx(11,3): error TS6133: 'AlertTriangle' is declared but its value is never read.
src/app/finishing-packing/carton-builder/page.tsx(12,3): error TS6133: 'CheckCircle' is declared but its value is never read.
src/app/finishing-packing/carton-builder/page.tsx(14,3): error TS6133: 'Scale' is declared but its value is never read.
src/app/finishing-packing/carton-builder/page.tsx(15,3): error TS6133: 'Maximize' is declared but its value is never read.
src/app/finishing-packing/carton-builder/page.tsx(17,3): error TS6133: 'Calculator' is declared but its value is never read.
src/app/finishing-packing/carton-builder/page.tsx(23,1): error TS6133: 'Badge' is declared but its value is never read.
src/app/finishing-packing/page.tsx(15,3): error TS6133: 'Filter' is declared but its value is never read.
src/app/finishing-packing/page.tsx(19,3): error TS6133: 'Tags' is declared but its value is never read.
src/app/finishing-packing/page.tsx(66,11): error TS6196: 'FinishingStats' is declared but never used.
src/app/finishing-packing/page.tsx(149,9): error TS6133: 'isLoading' is declared but its value is never read.
src/app/finishing-packing/page.tsx(190,5): error TS7006: Parameter 'run' implicitly has an 'any' type.
src/app/finishing-packing/page.tsx(202,5): error TS7006: Parameter 'carton' implicitly has an 'any' type.
src/app/government/page.tsx(14,1): error TS6192: All imports in import declaration are unused.
src/app/government/page.tsx(27,3): error TS6133: 'Users' is declared but its value is never read.
src/app/hr-payroll/page.tsx(1195,34): error TS6133: 'url' is declared but its value is never read.
src/app/inventory/page.tsx(13,3): error TS6133: 'Download' is declared but its value is never read.
src/app/inventory/page.tsx(14,3): error TS6133: 'Upload' is declared but its value is never read.
src/app/inventory/page.tsx(232,21): error TS6133: 'stockPercent' is declared but its value is never read.
src/app/layout.tsx(13,7): error TS6133: 'ChatWidget' is declared but its value is never read.
src/app/maintenance/page.tsx(23,3): error TS6133: 'CheckCircle' is declared but its value is never read.
src/app/maintenance/page.tsx(24,3): error TS6133: 'Clock' is declared but its value is never read.
src/app/maintenance/page.tsx(25,3): error TS6133: 'Calendar' is declared but its value is never read.
src/app/maintenance/page.tsx(27,3): error TS6133: 'TrendingUp' is declared but its value is never read.
src/app/maintenance/page.tsx(32,3): error TS6133: 'Trash2' is declared but its value is never read.
src/app/maintenance/page.tsx(33,3): error TS6133: 'Users' is declared but its value is never read.
src/app/maintenance/page.tsx(34,3): error TS6133: 'Activity' is declared but its value is never read.
src/app/maintenance/page.tsx(35,3): error TS6133: 'BarChart3' is declared but its value is never read.
src/app/maintenance/page.tsx(39,11): error TS6196: 'MaintenanceStats' is declared but never used.
src/app/maintenance/page.tsx(95,11): error TS6196: 'Asset' is declared but never used.
src/app/maintenance/page.tsx(114,11): error TS6196: 'WorkOrder' is declared but never used.
src/app/maintenance/page.tsx(139,11): error TS6196: 'MaintenanceSchedule' is declared but never used.
src/app/maintenance/page.tsx(166,9): error TS6133: 'router' is declared but its value is never read.
src/app/maintenance/page.tsx(248,9): error TS6133: 'loading' is declared but its value is never read.
src/app/maintenance/page.tsx(318,9): error TS6133: 'formatDateTime' is declared but its value is never read.
src/app/maintenance/page.tsx(535,30): error TS7006: Parameter 'maintenance' implicitly has an 'any' type.
src/app/maintenance/page.tsx(579,59): error TS7006: Parameter 'activity' implicitly has an 'any' type.
src/app/maintenance/page.tsx(647,54): error TS7006: Parameter 'asset' implicitly has an 'any' type.
src/app/maintenance/page.tsx(750,58): error TS7006: Parameter 'wo' implicitly has an 'any' type.
src/app/maintenance/page.tsx(853,57): error TS7006: Parameter 'schedule' implicitly has an 'any' type.
src/app/merchandising/page.tsx(25,3): error TS6133: 'PieChart' is declared but its value is never read.
src/app/mobile/dashboard/page.tsx(8,3): error TS6133: 'TrendingUp' is declared but its value is never read.
src/app/mobile/dashboard/page.tsx(12,3): error TS6133: 'LogOut' is declared but its value is never read.
src/app/mobile/qc/page.tsx(9,3): error TS6133: 'Upload' is declared but its value is never read.
src/app/mobile/scanner/page.tsx(136,25): error TS6133: 'imageData' is declared but its value is never read.
src/app/orders/page.tsx(28,11): error TS6196: 'Order' is declared but never used.
src/app/orders/page.tsx(227,25): error TS7006: Parameter 'order' implicitly has an 'any' type.
src/app/printing/machines/page.tsx(22,1): error TS6133: 'Textarea' is declared but its value is never read.
src/app/printing/machines/page.tsx(42,3): error TS6133: 'Trash2' is declared but its value is never read.
src/app/printing/machines/page.tsx(94,10): error TS6133: 'editingMachine' is declared but its value is never read.
src/app/printing/machines/page.tsx(94,26): error TS6133: 'setEditingMachine' is declared but its value is never read.
src/app/printing/page.tsx(15,1): error TS6133: 'Input' is declared but its value is never read.
src/app/printing/page.tsx(35,3): error TS6133: 'Brain' is declared but its value is never read.
src/app/printing/page.tsx(185,9): error TS6133: 'isLoading' is declared but its value is never read.
src/app/printing/page.tsx(258,9): error TS6133: 'StatCardSkeleton' is declared but its value is never read.
src/app/printing/page.tsx(270,9): error TS6133: 'PrintRunCardSkeleton' is declared but its value is never read.
src/app/printing/runs/[id]/page.tsx(32,3): error TS6133: 'Save' is declared but its value is never read.
src/app/printing/runs/[id]/page.tsx(214,9): error TS6133: 'addMaterial' is declared but its value is never read.
src/app/printing/runs/[id]/page.tsx(246,5): error TS2322: Type '{ reason_code?: string | undefined; qty?: number | undefined; photo_url?: string; cost_attribution?: string | undefined; }' is not assignable to type '{ reason_code: string; qty: number; photo_url?: string | undefined; cost_attribution: string; }'.
  Types of property 'reason_code' are incompatible.
    Type 'string | undefined' is not assignable to type 'string'.
      Type 'undefined' is not assignable to type 'string'.
src/app/printing/runs/[id]/page.tsx(584,13): error TS2322: Type 'Dispatch<SetStateAction<MaterialConsumption[]>>' is not assignable to type '(materials: MaterialConsumption[]) => void'.
  Types of parameters 'value' and 'materials' are incompatible.
    Type 'MaterialConsumption[]' is not assignable to type 'SetStateAction<MaterialConsumption[]>'.
      Type 'MaterialConsumption[]' is not assignable to type 'MaterialConsumption[]'. Two different types with this name exist, but they are unrelated.
        Type 'MaterialConsumption' is missing the following properties from type 'MaterialConsumption': item_id, item_name, uom, qty
src/app/printing/runs/[id]/page.tsx(701,3): error TS6133: 'data' is declared but its value is never read.
src/app/profile/security/page.tsx(17,3): error TS6133: 'Eye' is declared but its value is never read.
src/app/profile/security/page.tsx(18,3): error TS6133: 'EyeOff' is declared but its value is never read.
src/app/quality-control/analytics/page.tsx(11,3): error TS6133: 'Calendar' is declared but its value is never read.
src/app/quality-control/analytics/page.tsx(12,3): error TS6133: 'Filter' is declared but its value is never read.
src/app/quality-control/analytics/page.tsx(124,9): error TS2322: Type 'string | undefined' is not assignable to type 'string'.
  Type 'undefined' is not assignable to type 'string'.
src/app/quality-control/capa/page.tsx(12,3): error TS6133: 'Filter' is declared but its value is never read.
src/app/quality-control/new/page.tsx(10,3): error TS6133: 'Camera' is declared but its value is never read.
src/app/quality-control/new/page.tsx(12,3): error TS6133: 'Send' is declared but its value is never read.
src/app/quality-control/new/page.tsx(147,7): error TS2353: Object literal may only specify known properties, and 'sampleSize' does not exist in type '{ sample_size: number; acceptance: number; rejection: number; result: "REJECT" | "PENDING_REVIEW" | "ACCEPT"; } | ((prevState: { sample_size: number; acceptance: number; rejection: number; result: "REJECT" | ... 1 more ... | "ACCEPT"; } | null) => { ...; } | null)'.
src/app/quality-control/new/page.tsx(166,9): error TS6133: 'addDefectToSample' is declared but its value is never read.
src/app/quality-control/new/page.tsx(168,5): error TS2532: Object is possibly 'undefined'.
src/app/quality-control/new/page.tsx(169,5): error TS2532: Object is possibly 'undefined'.
src/app/quality-control/new/page.tsx(423,43): error TS6133: 'index' is declared but its value is never read.
src/app/quality-control/page.tsx(7,3): error TS6133: 'Users' is declared but its value is never read.
src/app/quality-control/page.tsx(17,3): error TS6133: 'Filter' is declared but its value is never read.
src/app/quality-control/page.tsx(144,9): error TS6133: 'isLoading' is declared but its value is never read.
src/app/quality-control/page.tsx(161,9): error TS7023: 'getStatusBadge' implicitly has return type 'any' because it does not have a return type annotation and is referenced directly or indirectly in one of its return expressions.
src/app/register/page.tsx(3,20): error TS6133: 'useEffect' is declared but its value is never read.
src/app/register/page.tsx(6,1): error TS6133: 'dynamic' is declared but its value is never read.
src/app/settings/account/page.tsx(10,3): error TS6133: 'Camera' is declared but its value is never read.
src/app/settings/appearance/page.tsx(16,10): error TS6133: 'theme' is declared but its value is never read.
src/app/settings/audit-logs/page.tsx(148,9): error TS6133: 'getCategoryIcon' is declared but its value is never read.
src/app/settings/notifications/page.tsx(14,1): error TS6133: 'Label' is declared but its value is never read.
src/app/settings/workspace/page.tsx(13,3): error TS6133: 'Mail' is declared but its value is never read.
src/app/sewing/operations/page.tsx(15,1): error TS6133: 'Textarea' is declared but its value is never read.
src/app/sewing/operations/page.tsx(30,3): error TS6133: 'DialogTrigger' is declared but its value is never read.
src/app/sewing/operations/page.tsx(41,3): error TS6133: 'ArrowRight' is declared but its value is never read.
src/app/sewing/operations/page.tsx(42,3): error TS6133: 'CheckCircle' is declared but its value is never read.
src/app/sewing/operations/page.tsx(43,3): error TS6133: 'AlertCircle' is declared but its value is never read.
src/app/sewing/operations/page.tsx(352,23): error TS2345: Argument of type '(prev: SewingOperation[]) => (SewingOperation | { updated_at: string; standard_minutes: number; piece_rate: number | null; product_type: string; name: string; depends_on: string[]; id: string; created_at: string; })[]' is not assignable to parameter of type 'SetStateAction<SewingOperation[]>'.
  Type '(prev: SewingOperation[]) => (SewingOperation | { updated_at: string; standard_minutes: number; piece_rate: number | null; product_type: string; name: string; depends_on: string[]; id: string; created_at: string; })[]' is not assignable to type '(prevState: SewingOperation[]) => SewingOperation[]'.
    Type '(SewingOperation | { updated_at: string; standard_minutes: number; piece_rate: number | null; product_type: string; name: string; depends_on: string[]; id: string; created_at: string; })[]' is not assignable to type 'SewingOperation[]'.
      Type 'SewingOperation | { updated_at: string; standard_minutes: number; piece_rate: number | null; product_type: string; name: string; depends_on: string[]; id: string; created_at: string; }' is not assignable to type 'SewingOperation'.
        Type '{ updated_at: string; standard_minutes: number; piece_rate: number | null; product_type: string; name: string; depends_on: string[]; id: string; created_at: string; }' is not assignable to type 'SewingOperation'.
          Types of property 'piece_rate' are incompatible.
            Type 'number | null' is not assignable to type 'number | undefined'.
              Type 'null' is not assignable to type 'number | undefined'.
src/app/sewing/page.tsx(29,3): error TS6133: 'Clock' is declared but its value is never read.
src/app/sewing/page.tsx(36,3): error TS6133: 'Filter' is declared but its value is never read.
src/app/sewing/page.tsx(218,9): error TS6133: 'isLoading' is declared but its value is never read.
src/app/sewing/runs/[id]/page.tsx(17,1): error TS6192: All imports in import declaration are unused.
src/app/sewing/runs/[id]/page.tsx(97,9): error TS6133: 'router' is declared but its value is never read.
src/app/sewing/runs/new/page.tsx(16,1): error TS6192: All imports in import declaration are unused.
src/app/sms-notifications/page.tsx(15,1): error TS6192: All imports in import declaration are unused.
src/app/sms-notifications/page.tsx(28,3): error TS6133: 'DollarSign' is declared but its value is never read.
src/app/sms-notifications/page.tsx(36,10): error TS6133: 'selectedTemplate' is declared but its value is never read.
src/app/sms-notifications/page.tsx(36,28): error TS6133: 'setSelectedTemplate' is declared but its value is never read.
src/app/sms-notifications/page.tsx(37,10): error TS6133: 'previewMessage' is declared but its value is never read.
src/app/sms-notifications/page.tsx(66,9): error TS6133: 'previewTemplate' is declared but its value is never read.
src/components/ai-chat/ChatWidget.tsx(20,11): error TS6196: 'Conversation' is declared but never used.
src/components/approval-workflow/ApprovalTimeline.tsx(6,1): error TS6133: 'ApprovalStatus' is declared but its value is never read.
src/components/approval-workflow/ApprovalTimeline.tsx(124,23): error TS6133: 'isLast' is declared but its value is never read.
src/components/approval-workflow/BatchApprovalActions.tsx(18,3): error TS6133: 'Send' is declared but its value is never read.
src/components/approval-workflow/BatchApprovalActions.tsx(23,3): error TS6133: 'Square' is declared but its value is never read.
src/components/approval-workflow/BatchApprovalActions.tsx(312,48): error TS2322: Type '{ children: (string | number)[]; variant: "outline"; size: string; }' is not assignable to type 'IntrinsicAttributes & BadgeProps'.
  Property 'size' does not exist on type 'IntrinsicAttributes & BadgeProps'.
src/components/approval-workflow/ThreadedComments.tsx(8,1): error TS6133: 'Input' is declared but its value is never read.
src/components/approval-workflow/ThreadedComments.tsx(22,3): error TS6133: 'MoreHorizontal' is declared but its value is never read.
src/components/approval-workflow/ThreadedComments.tsx(30,3): error TS6133: 'Edit' is declared but its value is never read.
src/components/approval-workflow/ThreadedComments.tsx(32,3): error TS6133: 'Pin' is declared but its value is never read.
src/components/approval-workflow/ThreadedComments.tsx(86,10): error TS6133: 'editingComment' is declared but its value is never read.
src/components/approval-workflow/ThreadedComments.tsx(86,26): error TS6133: 'setEditingComment' is declared but its value is never read.
src/components/approval-workflow/ThreadedComments.tsx(87,10): error TS6133: 'editText' is declared but its value is never read.
src/components/approval-workflow/ThreadedComments.tsx(87,20): error TS6133: 'setEditText' is declared but its value is never read.
src/components/AshleyAIDashboard.tsx(20,3): error TS6133: 'Clock' is declared but its value is never read.
src/components/AshleyAIDashboard.tsx(93,10): error TS6133: 'predictions' is declared but its value is never read.
src/components/AshleyAIDashboard.tsx(190,8): error TS18048: 'insights.summary.high_priority_alerts.length' is possibly 'undefined'.
src/components/AshleyAIDashboard.tsx(195,14): error TS18047: 'insights' is possibly 'null'.
src/components/AshleyAIDashboard.tsx(535,16): error TS18048: 'insights.insights.workforce.data.fatigue_alerts.length' is possibly 'undefined'.
src/components/AshleyAIDashboard.tsx(539,22): error TS18047: 'insights' is possibly 'null'.
src/components/AshleyAIDashboard.tsx(612,16): error TS18048: 'insights.insights.maintenance.data.immediate_attention.length' is possibly 'undefined'.
src/components/AshleyAIDashboard.tsx(618,22): error TS18047: 'insights' is possibly 'null'.
src/components/AshleyAIDashboard.tsx(658,18): error TS18048: 'insights.insights.maintenance.data.maintenance_due.length' is possibly 'undefined'.
src/components/AshleyAIDashboard.tsx(663,24): error TS18047: 'insights' is possibly 'null'.
src/components/charts/ProductionTrendChart.tsx(24,32): error TS6133: 'Calendar' is declared but its value is never read.
src/components/cutting/EfficiencyCalculator.tsx(10,3): error TS6133: 'TrendingDown' is declared but its value is never read.
src/components/cutting/EfficiencyCalculator.tsx(82,7): error TS6133: 'plies' is declared but its value is never read.
src/components/cutting/FabricBatchSelector.tsx(16,1): error TS6133: 'Separator' is declared but its value is never read.
src/components/cutting/FabricBatchSelector.tsx(24,3): error TS6133: 'AlertTriangle' is declared but its value is never read.
src/components/cutting/FabricBatchSelector.tsx(25,3): error TS6133: 'CheckCircle' is declared but its value is never read.
src/components/cutting/FabricBatchSelector.tsx(199,13): error TS6133: 'estimatedPieces' is declared but its value is never read.
src/components/dashboard/CustomizableDashboard.tsx(4,51): error TS2307: Cannot find module 'react-grid-layout' or its corresponding type declarations.
src/components/dashboard/CustomizableDashboard.tsx(5,29): error TS6133: 'CardHeader' is declared but its value is never read.
src/components/dashboard/CustomizableDashboard.tsx(5,41): error TS6133: 'CardTitle' is declared but its value is never read.
src/components/dashboard/RealTimeMetrics.tsx(30,13): error TS7030: Not all code paths return a value.
src/components/dashboard/RealTimeMetrics.tsx(99,11): error TS6133: 'data' is declared but its value is never read.
src/components/dashboard/role-activities.tsx(227,29): error TS6133: 'user' is declared but its value is never read.
src/components/dashboard/role-activities.tsx(270,29): error TS6133: 'user' is declared but its value is never read.
src/components/design-upload/AshleyValidation.tsx(135,17): error TS2339: Property 'warning' does not exist on type '{ (message: Message, opts?: Partial<Pick<Toast, "id" | "position" | "duration" | "style" | "className" | "icon" | "ariaProps" | "iconTheme" | "toasterId" | "removeDelay">> | undefined): string; ... 8 more ...; promise<T>(promise: Promise<...> | (() => Promise<...>), msgs: { ...; }, opts?: DefaultToastOptions | undef...'.
src/components/design-upload/ColorPalette.tsx(15,28): error TS6133: 'Pipette' is declared but its value is never read.
src/components/design-upload/ColorPalette.tsx(18,11): error TS6196: 'Color' is declared but never used.
src/components/design-upload/ColorPalette.tsx(59,3): error TS6133: 'allowCustomNames' is declared but its value is never read.
src/components/design-upload/ColorPalette.tsx(109,23): error TS2345: Argument of type 'string | undefined' is not assignable to parameter of type 'string'.
  Type 'undefined' is not assignable to type 'string'.
src/components/design-upload/ColorPalette.tsx(110,23): error TS2345: Argument of type 'string | undefined' is not assignable to parameter of type 'string'.
  Type 'undefined' is not assignable to type 'string'.
src/components/design-upload/ColorPalette.tsx(111,23): error TS2345: Argument of type 'string | undefined' is not assignable to parameter of type 'string'.
  Type 'undefined' is not assignable to type 'string'.
src/components/design-upload/ColorPalette.tsx(116,9): error TS6133: 'getContrastColor' is declared but its value is never read.
src/components/design-upload/FileUploadZone.tsx(12,3): error TS6133: 'AlertCircle' is declared but its value is never read.
src/components/design-upload/FileUploadZone.tsx(13,3): error TS6133: 'Upload' is declared but its value is never read.
src/components/design-upload/PlacementEditor.tsx(22,28): error TS6133: 'Move' is declared but its value is never read.
src/components/ErrorBoundary.tsx(39,23): error TS2345: Argument of type 'ErrorInfo' is not assignable to parameter of type 'Extras'.
  Index signature for type 'string' is missing in type 'ErrorInfo'.
src/components/FileUpload.tsx(4,39): error TS6133: 'ImageIcon' is declared but its value is never read.
src/components/FileUpload.tsx(45,11): error TS18048: 'file' is possibly 'undefined'.
src/components/FileUpload.tsx(47,19): error TS18048: 'file' is possibly 'undefined'.
src/components/FileUpload.tsx(52,24): error TS2345: Argument of type 'File | undefined' is not assignable to parameter of type 'File'.
  Type 'undefined' is not assignable to type 'File'.
src/components/keyboard-shortcuts-dialog.tsx(4,10): error TS6133: 'X' is declared but its value is never read.
src/components/mobile/Scanner.tsx(69,9): error TS18048: 'selectedDevice' is possibly 'undefined'.
src/components/mobile/Scanner.tsx(129,28): error TS18048: 'track' is possibly 'undefined'.
src/components/mobile/Scanner.tsx(132,15): error TS18048: 'track' is possibly 'undefined'.
src/components/order-intake/activity-timeline.tsx(151,40): error TS6133: 'index' is declared but its value is never read.
src/components/order-intake/activity-timeline.tsx(153,28): error TS18048: 'config' is possibly 'undefined'.
src/components/order-intake/activity-timeline.tsx(159,72): error TS18048: 'config' is possibly 'undefined'.
src/components/order-intake/activity-timeline.tsx(161,49): error TS18048: 'config' is possibly 'undefined'.
src/components/order-intake/commercials-section.tsx(235,25): error TS2532: Object is possibly 'undefined'.
src/components/order-intake/dates-slas-section.tsx(6,1): error TS6133: 'Input' is declared but its value is never read.
src/components/order-intake/dates-slas-section.tsx(8,1): error TS6192: All imports in import declaration are unused.
src/components/order-intake/dates-slas-section.tsx(34,3): error TS6133: 'differenceInDays' is declared but its value is never read.
src/components/order-intake/files-notes-section.tsx(24,3): error TS6133: 'Download' is declared but its value is never read.
src/components/order-intake/files-notes-section.tsx(154,9): error TS6133: 'getFileIcon' is declared but its value is never read.
src/components/order-intake/files-notes-section.tsx(332,7): error TS2532: Object is possibly 'undefined'.
src/components/order-intake/graphic-editing-section.tsx(10,1): error TS6133: 'Checkbox' is declared but its value is never read.
src/components/order-intake/graphic-editing-section.tsx(12,3): error TS6133: 'Plus' is declared but its value is never read.
src/components/order-intake/order-details-section.tsx(136,22): error TS2532: Object is possibly 'undefined'.
src/components/order-intake/order-details-section.tsx(144,9): error TS2532: Object is possibly 'undefined'.
src/components/order-intake/order-details-section.tsx(177,21): error TS2532: Object is possibly 'undefined'.
src/components/order-intake/order-details-section.tsx(178,27): error TS2532: Object is possibly 'undefined'.
src/components/order-intake/order-details-section.tsx(186,9): error TS2532: Object is possibly 'undefined'.
src/components/order-intake/product-design-section.tsx(6,1): error TS6133: 'Input' is declared but its value is never read.
src/components/order-intake/production-route-section.tsx(7,1): error TS6192: All imports in import declaration are unused.
src/components/order-intake/production-route-section.tsx(14,1): error TS6133: 'Separator' is declared but its value is never read.
src/components/order-intake/production-route-section.tsx(15,1): error TS6133: 'Progress' is declared but its value is never read.
src/components/order-intake/production-route-section.tsx(439,3): error TS6133: 'deliveryDate' is declared but its value is never read.
src/components/order-intake/production-route-section.tsx(485,13): error TS6133: 'currentRoute' is declared but its value is never read.
src/components/order-intake/quantities-size-section.tsx(8,1): error TS6192: All imports in import declaration are unused.
src/components/order-intake/quantities-size-section.tsx(18,3): error TS6133: 'TrendingUp' is declared but its value is never read.
src/components/order-intake/quantities-size-section.tsx(154,23): error TS2345: Argument of type 'SizeTemplate | undefined' is not assignable to parameter of type 'SizeTemplate'.
  Type 'undefined' is not assignable to type 'SizeTemplate'.
src/components/order-intake/quantities-size-section.tsx(168,24): error TS2532: Object is possibly 'undefined'.
src/components/order-intake/quantities-size-section.tsx(351,45): error TS2532: Object is possibly 'undefined'.
src/components/order-intake/quantities-size-section.tsx(367,43): error TS2532: Object is possibly 'undefined'.
src/components/order-intake/variants-addons-section.tsx(17,1): error TS6133: 'Slider' is declared but its value is never read.
src/components/order-intake/variants-addons-section.tsx(174,18): error TS6133: 'setAddOns' is declared but its value is never read.
src/components/order-intake/variants-addons-section.tsx(391,7): error TS2532: Object is possibly 'undefined'.
src/components/printing/AIInsightsDashboard.tsx(14,3): error TS6133: 'Clock' is declared but its value is never read.
src/components/printing/AIInsightsDashboard.tsx(16,3): error TS6133: 'Zap' is declared but its value is never read.
src/components/printing/AIInsightsDashboard.tsx(86,40): error TS6133: 'change' is declared but its value is never read.
src/components/printing/DTFWorkflow.tsx(22,1): error TS6133: 'Badge' is declared but its value is never read.
src/components/printing/DTFWorkflow.tsx(23,1): error TS6133: 'Progress' is declared but its value is never read.
src/components/printing/DTFWorkflow.tsx(25,3): error TS6133: 'AlertCircle' is declared but its value is never read.
src/components/printing/DTFWorkflow.tsx(31,3): error TS6133: 'Camera' is declared but its value is never read.
src/components/printing/DTFWorkflow.tsx(98,3): error TS6133: 'runId' is declared but its value is never read.
src/components/printing/DTFWorkflow.tsx(174,5): error TS2532: Object is possibly 'undefined'.
src/components/printing/DTFWorkflow.tsx(262,40): error TS2345: Argument of type '"transfer" | "quality" | "setup" | "print" | "cure" | "powder"' is not assignable to parameter of type '"printing" | "transfer" | "curing" | "powder_application" | "quality_control" | "film_setup"'.
  Type '"quality"' is not assignable to type '"printing" | "transfer" | "curing" | "powder_application" | "quality_control" | "film_setup"'.
src/components/printing/EmbroideryWorkflow.tsx(22,1): error TS6133: 'Badge' is declared but its value is never read.
src/components/printing/EmbroideryWorkflow.tsx(25,3): error TS6133: 'AlertCircle' is declared but its value is never read.
src/components/printing/EmbroideryWorkflow.tsx(29,3): error TS6133: 'Timer' is declared but its value is never read.
src/components/printing/EmbroideryWorkflow.tsx(31,3): error TS6133: 'Camera' is declared but its value is never read.
src/components/printing/EmbroideryWorkflow.tsx(100,3): error TS6133: 'runId' is declared but its value is never read.
src/components/printing/EmbroideryWorkflow.tsx(192,5): error TS2322: Type '{ sequence?: number | undefined; color_name?: string | undefined; color_code?: string | undefined; thread_weight?: string | undefined; estimated_consumption_m?: number | undefined; }' is not assignable to type '{ sequence: number; color_name: string; color_code: string; thread_weight: string; estimated_consumption_m: number; }'.
  Types of property 'sequence' are incompatible.
    Type 'number | undefined' is not assignable to type 'number'.
      Type 'undefined' is not assignable to type 'number'.
src/components/printing/EmbroideryWorkflow.tsx(221,5): error TS2322: Type '{ reason?: string | undefined; duration_minutes?: number | undefined; resolved?: boolean | undefined; }' is not assignable to type '{ reason: string; duration_minutes: number; resolved: boolean; }'.
  Types of property 'reason' are incompatible.
    Type 'string | undefined' is not assignable to type 'string'.
      Type 'undefined' is not assignable to type 'string'.
src/components/printing/EmbroideryWorkflow.tsx(313,40): error TS2345: Argument of type '"production" | "quality" | "setup" | "design"' is not assignable to parameter of type '"production" | "quality_control" | "design_setup" | "machine_setup"'.
  Type '"quality"' is not assignable to type '"production" | "quality_control" | "design_setup" | "machine_setup"'.
src/components/printing/MaterialConsumption.tsx(37,3): error TS6133: 'CheckCircle' is declared but its value is never read.
src/components/printing/MaterialConsumption.tsx(228,7): error TS2322: Type '{ quantity: number; cost: number; notes: string | undefined; material_id?: string | undefined; material_name?: string | undefined; unit?: string | undefined; batch_id?: string; }' is not assignable to type 'MaterialConsumption'.
  Types of property 'material_id' are incompatible.
    Type 'string | undefined' is not assignable to type 'string'.
      Type 'undefined' is not assignable to type 'string'.
src/components/printing/MaterialConsumption.tsx(230,19): error TS2532: Object is possibly 'undefined'.
src/components/printing/MaterialConsumption.tsx(232,12): error TS2532: Object is possibly 'undefined'.
src/components/printing/MaterialConsumption.tsx(234,40): error TS2532: Object is possibly 'undefined'.
src/components/printing/MaterialConsumption.tsx(556,49): error TS6133: 'index' is declared but its value is never read.
src/components/printing/QualityControl.tsx(41,3): error TS6133: 'FileText' is declared but its value is never read.
src/components/printing/QualityControl.tsx(126,3): error TS6133: 'runId' is declared but its value is never read.
src/components/printing/QualityControl.tsx(183,11): error TS6133: 'defectCode' is declared but its value is never read.
src/components/printing/QualityControl.tsx(213,9): error TS6133: 'updateDefect' is declared but its value is never read.
src/components/printing/SilkscreenWorkflow.tsx(22,1): error TS6133: 'Badge' is declared but its value is never read.
src/components/printing/SilkscreenWorkflow.tsx(23,1): error TS6133: 'Progress' is declared but its value is never read.
src/components/printing/SilkscreenWorkflow.tsx(29,3): error TS6133: 'Timer' is declared but its value is never read.
src/components/printing/SilkscreenWorkflow.tsx(83,3): error TS6133: 'runId' is declared but its value is never read.
src/components/printing/SilkscreenWorkflow.tsx(156,5): error TS2322: Type '{ name?: string | undefined; pantone?: string | undefined; location?: string | undefined; estimated_grams?: number | undefined; }' is not assignable to type '{ name: string; pantone: string; location: string; estimated_grams: number; }'.
  Types of property 'name' are incompatible.
    Type 'string | undefined' is not assignable to type 'string'.
      Type 'undefined' is not assignable to type 'string'.
src/components/printing/SilkscreenWorkflow.tsx(236,40): error TS2345: Argument of type '"setup" | "print" | "prep" | "cure"' is not assignable to parameter of type '"printing" | "curing" | "screen_prep" | "ink_setup"'.
  Type '"setup"' is not assignable to type '"printing" | "curing" | "screen_prep" | "ink_setup"'.
src/components/printing/SublimationWorkflow.tsx(22,1): error TS6133: 'Badge' is declared but its value is never read.
src/components/printing/SublimationWorkflow.tsx(23,1): error TS6133: 'Progress' is declared but its value is never read.
src/components/printing/SublimationWorkflow.tsx(29,3): error TS6133: 'Timer' is declared but its value is never read.
src/components/printing/SublimationWorkflow.tsx(84,3): error TS6133: 'runId' is declared but its value is never read.
src/components/printing/SublimationWorkflow.tsx(146,5): error TS2532: Object is possibly 'undefined'.
src/components/printing/SublimationWorkflow.tsx(228,40): error TS2345: Argument of type '"quality" | "setup" | "press" | "print"' is not assignable to parameter of type '"printing" | "heat_press" | "digital_setup" | "quality_control"'.
  Type '"quality"' is not assignable to type '"printing" | "heat_press" | "digital_setup" | "quality_control"'.
src/components/ProductionDashboard.tsx(17,3): error TS6133: 'Clock' is declared but its value is never read.
src/components/ProductionDashboard.tsx(20,3): error TS6133: 'TrendingUp' is declared but its value is never read.
src/components/ProductionDashboard.tsx(21,3): error TS6133: 'TrendingDown' is declared but its value is never read.
src/components/ProductionDashboard.tsx(22,3): error TS6133: 'Zap' is declared but its value is never read.
src/components/ProductionDashboard.tsx(147,9): error TS6133: 'getPriorityColor' is declared but its value is never read.
src/components/ProductionDashboard.tsx(206,16): error TS18048: 'dashboardData.quality.pass_rate.total' is possibly 'undefined'.
src/components/ProductionDashboard.tsx(208,22): error TS18047: 'dashboardData' is possibly 'null'.
src/components/ProductionDashboard.tsx(209,23): error TS18047: 'dashboardData' is possibly 'null'.
src/components/ProductionDashboard.tsx(261,8): error TS18048: 'dashboardData.alerts.upcoming_deadlines.length' is possibly 'undefined'.
src/components/ProductionDashboard.tsx(266,14): error TS18047: 'dashboardData' is possibly 'null'.
src/components/ProductionDashboard.tsx(348,23): error TS2532: Object is possibly 'undefined'.
src/components/ProductionDashboard.tsx(439,27): error TS2532: Object is possibly 'undefined'.
src/components/ProductionDashboard.tsx(440,25): error TS2532: Object is possibly 'undefined'.
src/components/pwa-register.tsx(8,10): error TS6133: 'isOnline' is declared but its value is never read.
src/components/pwa-register.tsx(9,10): error TS6133: 'updateAvailable' is declared but its value is never read.
src/components/role-dashboards/AdminDashboard.tsx(4,1): error TS6192: All imports in import declaration are unused.
src/components/role-dashboards/AdminDashboard.tsx(15,3): error TS6133: 'TrendingDown' is declared but its value is never read.
src/components/role-dashboards/AdminDashboard.tsx(35,3): error TS6133: 'LineChart' is declared but its value is never read.
src/components/role-dashboards/AdminDashboard.tsx(36,3): error TS6133: 'Line' is declared but its value is never read.
src/components/role-dashboards/AdminDashboard.tsx(476,57): error TS6133: 'entry' is declared but its value is never read.
src/components/route-guard.tsx(28,9): error TS2322: Type 'string[] | {}' is not assignable to type 'Permission[] | undefined'.
  Type 'string[]' is not assignable to type 'Permission[]'.
    Type 'string' is not assignable to type 'Permission'.
src/components/sewing/EfficiencyTracker.tsx(17,3): error TS6133: 'Target' is declared but its value is never read.
src/components/sewing/EfficiencyTracker.tsx(145,9): error TS6133: 'getProgressColor' is declared but its value is never read.
src/components/sewing/MobileProductionInterface.tsx(16,3): error TS6133: 'Play' is declared but its value is never read.
src/components/sewing/MobileProductionInterface.tsx(20,3): error TS6133: 'Minus' is declared but its value is never read.
src/components/sewing/MobileProductionInterface.tsx(27,3): error TS6133: 'Camera' is declared but its value is never read.
src/components/sewing/MobileProductionInterface.tsx(63,3): error TS6133: 'operatorView' is declared but its value is never read.
src/components/sewing/MobileProductionInterface.tsx(70,10): error TS6133: 'showQRScanner' is declared but its value is never read.
src/components/sewing/MobileProductionInterface.tsx(75,10): error TS6133: 'touchStart' is declared but its value is never read.
src/components/sewing/MobileProductionInterface.tsx(75,22): error TS6133: 'setTouchStart' is declared but its value is never read.
src/components/sewing/MobileProductionInterface.tsx(171,11): error TS6133: 'progressPercentage' is declared but its value is never read.
src/components/sewing/PieceRateCalculator.tsx(18,3): error TS6133: 'Clock' is declared but its value is never read.
src/components/sewing/PieceRateCalculator.tsx(20,3): error TS6133: 'Target' is declared but its value is never read.
src/components/sewing/PieceRateCalculator.tsx(68,3): error TS6133: 'operatorId' is declared but its value is never read.
src/components/sewing/QRBundleScanner.tsx(20,3): error TS6133: 'Package' is declared but its value is never read.
src/components/sewing/QualityControlInterface.tsx(30,3): error TS6133: 'Package' is declared but its value is never read.
src/components/sewing/QualityControlInterface.tsx(31,3): error TS6133: 'User' is declared but its value is never read.
src/components/sewing/QualityControlInterface.tsx(32,3): error TS6133: 'Clock' is declared but its value is never read.
src/components/sewing/QualityControlInterface.tsx(33,3): error TS6133: 'Image' is declared but its value is never read.
src/components/sidebar.tsx(7,35): error TS6133: 'hasAccess' is declared but its value is never read.
src/components/top-navbar.tsx(6,47): error TS6133: 'Menu' is declared but its value is never read.
src/components/top-navbar.tsx(6,53): error TS6133: 'X' is declared but its value is never read.
src/components/ui/animated-wrapper.tsx(9,3): error TS6133: 'isInViewport' is declared but its value is never read.
src/components/ui/animated.tsx(90,13): error TS18048: 'entry' is possibly 'undefined'.
src/components/ui/animated.tsx(114,13): error TS7030: Not all code paths return a value.
src/components/ui/popover.tsx(63,26): error TS2345: Argument of type 'HTMLElement' is not assignable to parameter of type 'HTMLButtonElement'.
  Type 'HTMLElement' is missing the following properties from type 'HTMLButtonElement': disabled, form, formAction, formEnctype, and 15 more.
src/components/ui/popover.tsx(119,72): error TS6133: 'ref' is declared but its value is never read.
src/components/ui/theme-toggle.tsx(12,8): error TS2307: Cannot find module '@/components/ui/dropdown-menu' or its corresponding type declarations.
src/components/ui/theme-toggle.tsx(32,51): error TS2345: Argument of type '"dark"' is not assignable to parameter of type '"light"'.
src/components/ui/theme-toggle.tsx(35,12): error TS2367: This comparison appears to be unintentional because the types '"light"' and '"dark"' have no overlap.
src/components/ui/theme-toggle.tsx(37,51): error TS2345: Argument of type '"system"' is not assignable to parameter of type '"light"'.
src/components/ui/theme-toggle.tsx(40,12): error TS2367: This comparison appears to be unintentional because the types '"light"' and '"system"' have no overlap.
src/components/ui/toast-provider.tsx(4,45): error TS6133: 'HotToast' is declared but its value is never read.
src/components/ui/toast-provider.tsx(28,23): error TS2367: This comparison appears to be unintentional because the types '"light"' and '"dark"' have no overlap.
src/components/ui/toast-provider.tsx(29,18): error TS2367: This comparison appears to be unintentional because the types '"light"' and '"dark"' have no overlap.
src/components/ui/toast-provider.tsx(30,32): error TS2367: This comparison appears to be unintentional because the types '"light"' and '"dark"' have no overlap.
src/hooks/useKeyboardShortcuts.ts(79,13): error TS6133: 'metaMatches' is declared but its value is never read.
src/lib/3pl/index.ts(147,5): error TS2322: Type 'QuoteResponse | undefined' is not assignable to type 'QuoteResponse | null'.
  Type 'undefined' is not assignable to type 'QuoteResponse | null'.
src/lib/ai/bottleneck-detection.ts(273,9): error TS18048: 'scores.throughputLoss' is possibly 'undefined'.
src/lib/ai/bottleneck-detection.ts(276,30): error TS2345: Argument of type 'number | undefined' is not assignable to parameter of type 'number'.
  Type 'undefined' is not assignable to type 'number'.
src/lib/ai/bottleneck-detection.ts(282,9): error TS18048: 'scores.queuePressure' is possibly 'undefined'.
src/lib/ai/bottleneck-detection.ts(285,30): error TS2345: Argument of type 'number | undefined' is not assignable to parameter of type 'number'.
  Type 'undefined' is not assignable to type 'number'.
src/lib/ai/bottleneck-detection.ts(291,9): error TS18048: 'scores.waitTimeImpact' is possibly 'undefined'.
src/lib/ai/bottleneck-detection.ts(294,30): error TS2345: Argument of type 'number | undefined' is not assignable to parameter of type 'number'.
  Type 'undefined' is not assignable to type 'number'.
src/lib/ai/bottleneck-detection.ts(325,9): error TS18048: 'scores.qualityImpact' is possibly 'undefined'.
src/lib/ai/bottleneck-detection.ts(328,30): error TS2345: Argument of type 'number | undefined' is not assignable to parameter of type 'number'.
  Type 'undefined' is not assignable to type 'number'.
src/lib/ai/bottleneck-detection.ts(374,5): error TS6133: 'metrics' is declared but its value is never read.
src/lib/ai/bottleneck-detection.ts(533,11): error TS6133: 'delayFactor' is declared but its value is never read.
src/lib/ai/defect-detection.ts(189,5): error TS6133: 'image' is declared but its value is never read.
src/lib/ai/defect-detection.ts(219,30): error TS6133: 'idx' is declared but its value is never read.
src/lib/ai/defect-detection.ts(243,11): error TS2488: Type '[string, { keywords: string[]; severity: string; typical_locations: string[]; } | { keywords: string[]; severity: string; typical_locations: string[]; } | { keywords: string[]; severity: string; typical_locations: string[]; } | ... 11 more ... | { ...; }] | undefined' must have a '[Symbol.iterator]()' method that returns an iterator.
src/lib/ai/defect-detection.ts(274,5): error TS6133: 'garmentType' is declared but its value is never read.
src/lib/ai/defect-detection.ts(303,54): error TS6133: 'severity' is declared but its value is never read.
src/lib/ai/defect-detection.ts(366,9): error TS2532: Object is possibly 'undefined'.
src/lib/ai/defect-detection.ts(373,9): error TS2532: Object is possibly 'undefined'.
src/lib/ai/defect-detection.ts(398,44): error TS2532: Object is possibly 'undefined'.
src/lib/ai/dynamic-pricing.ts(54,20): error TS6133: 'RUSH_FEE_MULTIPLIER' is declared but its value is never read.
src/lib/ai/dynamic-pricing.ts(294,9): error TS18048: 'multipliers.complexityMultiplier' is possibly 'undefined'.
src/lib/ai/dynamic-pricing.ts(298,18): error TS18048: 'multipliers.complexityMultiplier' is possibly 'undefined'.
src/lib/ai/dynamic-pricing.ts(307,17): error TS18048: 'multipliers.quantityAdjustment' is possibly 'undefined'.
src/lib/ai/dynamic-pricing.ts(308,32): error TS18048: 'multipliers.quantityAdjustment' is possibly 'undefined'.
src/lib/ai/dynamic-pricing.ts(317,17): error TS18048: 'multipliers.clientFactor' is possibly 'undefined'.
src/lib/ai/dynamic-pricing.ts(318,32): error TS18048: 'multipliers.clientFactor' is possibly 'undefined'.
src/lib/ai/dynamic-pricing.ts(329,17): error TS18048: 'multipliers.demandFactor' is possibly 'undefined'.
src/lib/ai/dynamic-pricing.ts(330,32): error TS18048: 'multipliers.demandFactor' is possibly 'undefined'.
src/lib/ai/dynamic-pricing.ts(339,17): error TS18048: 'multipliers.urgencyFactor' is possibly 'undefined'.
src/lib/ai/dynamic-pricing.ts(340,32): error TS18048: 'multipliers.urgencyFactor' is possibly 'undefined'.
src/lib/ai/dynamic-pricing.ts(349,17): error TS18048: 'multipliers.seasonalFactor' is possibly 'undefined'.
src/lib/ai/dynamic-pricing.ts(350,32): error TS18048: 'multipliers.seasonalFactor' is possibly 'undefined'.
src/lib/ai/dynamic-pricing.ts(599,35): error TS18048: 'optimalMarginRange.min' is possibly 'undefined'.
src/lib/ai/dynamic-pricing.ts(599,75): error TS18048: 'optimalMarginRange.max' is possibly 'undefined'.
src/lib/ai/dynamic-pricing.ts(606,7): error TS2552: Cannot find name 'optimal_margin_range'. Did you mean 'optimalMarginRange'?
src/lib/ai/predictive-maintenance.ts(211,5): error TS6133: 'currentHours' is declared but its value is never read.
src/lib/ai/predictive-maintenance.ts(248,9): error TS18048: 'risks.temperature' is possibly 'undefined'.
src/lib/ai/predictive-maintenance.ts(252,9): error TS18048: 'risks.vibration' is possibly 'undefined'.
src/lib/ai/predictive-maintenance.ts(257,9): error TS18048: 'risks.noise' is possibly 'undefined'.
src/lib/ai/predictive-maintenance.ts(262,9): error TS18048: 'risks.runtime' is possibly 'undefined'.
src/lib/ai/smart-scheduling.ts(338,11): error TS2532: Object is possibly 'undefined'.
src/lib/ai/smart-scheduling.ts(348,28): error TS2532: Object is possibly 'undefined'.
src/lib/ai/smart-scheduling.ts(349,26): error TS2532: Object is possibly 'undefined'.
src/lib/ai/smart-scheduling.ts(372,5): error TS6133: 'startTime' is declared but its value is never read.
src/lib/ai/smart-scheduling.ts(402,5): error TS6133: 'allJobs' is declared but its value is never read.
src/lib/ai/smart-scheduling.ts(491,5): error TS6133: 'schedule' is declared but its value is never read.
src/lib/ai/smart-scheduling.ts(603,13): error TS2532: Object is possibly 'undefined'.
src/lib/animations.ts(208,3): error TS2322: Type 'Promise<Animation[]>' is not assignable to type 'Promise<void[]>'.
  Type 'Animation[]' is not assignable to type 'void[]'.
    Type 'Animation' is not assignable to type 'void'.
src/lib/audit-logger.ts(9,12): error TS2552: Cannot find name 'EdgeRuntime'. Did you mean 'isEdgeRuntime'?
src/lib/audit/logger.ts(81,9): error TS2322: Type 'string | undefined' is not assignable to type 'string'.
  Type 'undefined' is not assignable to type 'string'.
src/lib/audit/logger.ts(136,5): error TS2322: Type '{ user: { select: { id: true; email: true; name: true; }; }; }' is not assignable to type 'never'.
src/lib/audit/logger.ts(149,18): error TS2339: Property 'details' does not exist on type '{ user: never; } & { id: string; created_at: Date; workspace_id: string; user_id: string | null; ip_address: string | null; user_agent: string | null; action: string; resource: string; resource_id: string; old_values: string | null; new_values: string | null; }'.
src/lib/audit/logger.ts(149,43): error TS2339: Property 'details' does not exist on type '{ user: never; } & { id: string; created_at: Date; workspace_id: string; user_id: string | null; ip_address: string | null; user_agent: string | null; action: string; resource: string; resource_id: string; old_values: string | null; new_values: string | null; }'.
src/lib/audit/logger.ts(150,23): error TS2339: Property 'before_value' does not exist on type '{ user: never; } & { id: string; created_at: Date; workspace_id: string; user_id: string | null; ip_address: string | null; user_agent: string | null; action: string; resource: string; resource_id: string; old_values: string | null; new_values: string | null; }'.
src/lib/audit/logger.ts(150,53): error TS2339: Property 'before_value' does not exist on type '{ user: never; } & { id: string; created_at: Date; workspace_id: string; user_id: string | null; ip_address: string | null; user_agent: string | null; action: string; resource: string; resource_id: string; old_values: string | null; new_values: string | null; }'.
src/lib/audit/logger.ts(151,22): error TS2339: Property 'after_value' does not exist on type '{ user: never; } & { id: string; created_at: Date; workspace_id: string; user_id: string | null; ip_address: string | null; user_agent: string | null; action: string; resource: string; resource_id: string; old_values: string | null; new_values: string | null; }'.
src/lib/audit/logger.ts(151,51): error TS2339: Property 'after_value' does not exist on type '{ user: never; } & { id: string; created_at: Date; workspace_id: string; user_id: string | null; ip_address: string | null; user_agent: string | null; action: string; resource: string; resource_id: string; old_values: string | null; new_values: string | null; }'.
src/lib/audit/logger.ts(188,12): error TS2532: Object is possibly 'undefined'.
src/lib/audit/logger.ts(427,7): error TS2353: Object literal may only specify known properties, and 'severity' does not exist in type 'AuditLogSelect<DefaultArgs>'.
src/lib/audit/logger.ts(441,24): error TS2339: Property 'severity' does not exist on type '{ id: string; created_at: Date; workspace_id: string; user_id: string | null; ip_address: string | null; user_agent: string | null; action: string; resource: string; resource_id: string; old_values: string | null; new_values: string | null; }'.
src/lib/audit/logger.ts(441,56): error TS2339: Property 'severity' does not exist on type '{ id: string; created_at: Date; workspace_id: string; user_id: string | null; ip_address: string | null; user_agent: string | null; action: string; resource: string; resource_id: string; old_values: string | null; new_values: string | null; }'.
src/lib/audit/logger.ts(445,17): error TS2538: Type 'undefined' cannot be used as an index type.
src/lib/audit/logger.ts(445,37): error TS2538: Type 'undefined' cannot be used as an index type.
src/lib/audit/logger.ts(467,7): error TS2353: Object literal may only specify known properties, and 'severity' does not exist in type 'AuditLogWhereInput'.
src/lib/auth-middleware.ts(3,23): error TS6133: 'JWTPayload' is declared but its value is never read.
src/lib/auth-utils.ts(6,36): error TS2307: Cannot find module 'jose' or its corresponding type declarations.
src/lib/auth-utils.ts(7,20): error TS7016: Could not find a declaration file for module 'bcryptjs'. 'C:/Users/Khell/Desktop/Ashley AI/node_modules/.pnpm/bcryptjs@2.4.3/node_modules/bcryptjs/index.js' implicitly has an 'any' type.
  Try `npm i --save-dev @types/bcryptjs` if it exists or add a new declaration (.d.ts) file containing `declare module 'bcryptjs';`
src/lib/auth-utils.ts(164,26): error TS2769: No overload matches this call.
  Overload 1 of 4, '(arrayBuffer: WithImplicitCoercion<ArrayBufferLike>, byteOffset?: number | undefined, length?: number | undefined): Buffer<ArrayBufferLike>', gave the following error.
    Argument of type 'string | undefined' is not assignable to parameter of type 'WithImplicitCoercion<ArrayBufferLike>'.
      Type 'undefined' is not assignable to type 'WithImplicitCoercion<ArrayBufferLike>'.
  Overload 2 of 4, '(string: WithImplicitCoercion<string>, encoding?: BufferEncoding | undefined): Buffer<ArrayBuffer>', gave the following error.
    Argument of type 'string | undefined' is not assignable to parameter of type 'WithImplicitCoercion<string>'.
      Type 'undefined' is not assignable to type 'WithImplicitCoercion<string>'.
src/lib/auth-utils.ts(167,35): error TS2769: No overload matches this call.
  Overload 1 of 4, '(data: ArrayBufferView<ArrayBufferLike>, inputEncoding: undefined, outputEncoding: Encoding): string', gave the following error.
    Argument of type 'string | undefined' is not assignable to parameter of type 'ArrayBufferView<ArrayBufferLike>'.
      Type 'undefined' is not assignable to type 'ArrayBufferView<ArrayBufferLike>'.
  Overload 2 of 4, '(data: string, inputEncoding: Encoding | undefined, outputEncoding: Encoding): string', gave the following error.
    Argument of type 'string | undefined' is not assignable to parameter of type 'string'.
      Type 'undefined' is not assignable to type 'string'.
src/lib/auth-utils.ts(168,3): error TS2322: Type 'string' is not assignable to type 'Buffer<ArrayBufferLike> & string'.
  Type 'string' is not assignable to type 'Buffer<ArrayBufferLike>'.
src/lib/auth/2fa.ts(32,28): error TS2532: Object is possibly 'undefined'.
src/lib/auth/2fa.ts(59,34): error TS2345: Argument of type 'string | undefined' is not assignable to parameter of type 'string'.
  Type 'undefined' is not assignable to type 'string'.
src/lib/auth/2fa.ts(89,18): error TS2532: Object is possibly 'undefined'.
src/lib/auth/2fa.ts(91,7): error TS2532: Object is possibly 'undefined'.
src/lib/auth/2fa.ts(92,7): error TS2532: Object is possibly 'undefined'.
src/lib/auth/2fa.ts(93,7): error TS2532: Object is possibly 'undefined'.
src/lib/auth/2fa.ts(94,6): error TS2532: Object is possibly 'undefined'.
src/lib/auth/2fa.ts(185,22): error TS6133: 'secret' is declared but its value is never read.
src/lib/auth/session-manager.ts(7,30): error TS2307: Cannot find module 'uuid' or its corresponding type declarations.
src/lib/auth/session-manager.ts(66,32): error TS2339: Property 'session' does not exist on type 'PrismaClient<PrismaClientOptions, never, DefaultArgs>'.
src/lib/auth/session-manager.ts(99,32): error TS2339: Property 'session' does not exist on type 'PrismaClient<PrismaClientOptions, never, DefaultArgs>'.
src/lib/auth/session-manager.ts(112,16): error TS2339: Property 'session' does not exist on type 'PrismaClient<PrismaClientOptions, never, DefaultArgs>'.
src/lib/auth/session-manager.ts(137,33): error TS2339: Property 'session' does not exist on type 'PrismaClient<PrismaClientOptions, never, DefaultArgs>'.
src/lib/auth/session-manager.ts(150,23): error TS7006: Parameter 'session' implicitly has an 'any' type.
src/lib/auth/session-manager.ts(169,18): error TS2339: Property 'session' does not exist on type 'PrismaClient<PrismaClientOptions, never, DefaultArgs>'.
src/lib/auth/session-manager.ts(201,31): error TS2339: Property 'session' does not exist on type 'PrismaClient<PrismaClientOptions, never, DefaultArgs>'.
src/lib/auth/session-manager.ts(222,31): error TS2339: Property 'session' does not exist on type 'PrismaClient<PrismaClientOptions, never, DefaultArgs>'.
src/lib/auth/session-manager.ts(245,34): error TS2339: Property 'session' does not exist on type 'PrismaClient<PrismaClientOptions, never, DefaultArgs>'.
src/lib/auth/session-manager.ts(255,18): error TS2339: Property 'session' does not exist on type 'PrismaClient<PrismaClientOptions, never, DefaultArgs>'.
src/lib/auth/session-manager.ts(271,23): error TS2339: Property 'session' does not exist on type 'PrismaClient<PrismaClientOptions, never, DefaultArgs>'.
src/lib/auth/session-manager.ts(295,38): error TS2339: Property 'session' does not exist on type 'PrismaClient<PrismaClientOptions, never, DefaultArgs>'.
src/lib/auth/session-manager.ts(368,3): error TS6133: 'activity' is declared but its value is never read.
src/lib/auth/session-manager.ts(371,18): error TS2339: Property 'session' does not exist on type 'PrismaClient<PrismaClientOptions, never, DefaultArgs>'.
src/lib/auth/session-manager.ts(390,14): error TS2339: Property 'session' does not exist on type 'PrismaClient<PrismaClientOptions, never, DefaultArgs>'.
src/lib/auth/session-manager.ts(396,14): error TS2339: Property 'session' does not exist on type 'PrismaClient<PrismaClientOptions, never, DefaultArgs>'.
src/lib/auth/session-manager.ts(401,14): error TS2339: Property 'session' does not exist on type 'PrismaClient<PrismaClientOptions, never, DefaultArgs>'.
src/lib/auth/session-manager.ts(409,14): error TS2339: Property 'session' does not exist on type 'PrismaClient<PrismaClientOptions, never, DefaultArgs>'.
src/lib/backup/scheduler.ts(102,9): error TS2322: Type '"database"' is not assignable to type 'ErrorCategory | undefined'.
src/lib/backup/service.ts(8,3): error TS6133: 'PutObjectCommand' is declared but its value is never read.
src/lib/backup/service.ts(9,3): error TS6133: 'GetObjectCommand' is declared but its value is never read.
src/lib/backup/service.ts(10,3): error TS6133: 'ListObjectsV2Command' is declared but its value is never read.
src/lib/backup/service.ts(11,3): error TS6133: 'DeleteObjectCommand' is declared but its value is never read.
src/lib/backup/service.ts(13,1): error TS6192: All imports in import declaration are unused.
src/lib/backup/service.ts(14,1): error TS6133: 'pipeline' is declared but its value is never read.
src/lib/backup/service.ts(21,10): error TS6133: 'getS3Client' is declared but its value is never read.
src/lib/backup/service.ts(104,9): error TS2322: Type 'string | undefined' is not assignable to type 'string'.
  Type 'undefined' is not assignable to type 'string'.
src/lib/backup/service.ts(160,15): error TS6133: 'sourceStats' is declared but its value is never read.
src/lib/backup/service.ts(170,31): error TS2345: Argument of type 'string | undefined' is not assignable to parameter of type 'PathLike'.
  Type 'undefined' is not assignable to type 'PathLike'.
src/lib/backup/service.ts(302,44): error TS2345: Argument of type 'string | undefined' is not assignable to parameter of type 'PathLike'.
  Type 'undefined' is not assignable to type 'PathLike'.
src/lib/bulk-operations.ts(42,13): error TS2322: Type '{ order_id: string | undefined; event_type: string; description: string; performed_by: string; metadata: string; }' is not assignable to type '(Without<OrderActivityLogCreateInput, OrderActivityLogUncheckedCreateInput> & OrderActivityLogUncheckedCreateInput) | (Without<...> & OrderActivityLogCreateInput)'.
  Type '{ order_id: string | undefined; event_type: string; description: string; performed_by: string; metadata: string; }' is not assignable to type 'Without<OrderActivityLogUncheckedCreateInput, OrderActivityLogCreateInput> & OrderActivityLogCreateInput'.
    Type '{ order_id: string | undefined; event_type: string; description: string; performed_by: string; metadata: string; }' is not assignable to type 'Without<OrderActivityLogUncheckedCreateInput, OrderActivityLogCreateInput>'.
      Types of property 'order_id' are incompatible.
        Type 'string | undefined' is not assignable to type 'undefined'.
          Type 'string' is not assignable to type 'undefined'.
src/lib/bulk-operations.ts(89,3): error TS6133: 'userId' is declared but its value is never read.
src/lib/bulk-operations.ts(176,13): error TS2353: Object literal may only specify known properties, and 'brand_id' does not exist in type 'Without<InvoiceCreateInput, InvoiceUncheckedCreateInput> & InvoiceUncheckedCreateInput'.
src/lib/bulk-operations.ts(309,53): error TS18048: 'orderData' is possibly 'undefined'.
src/lib/bulk-operations.ts(316,21): error TS18048: 'orderData' is possibly 'undefined'.
src/lib/bulk-operations.ts(317,15): error TS2353: Object literal may only specify known properties, and 'code' does not exist in type 'Without<ClientCreateInput, ClientUncheckedCreateInput> & ClientUncheckedCreateInput'.
src/lib/bulk-operations.ts(317,21): error TS18048: 'orderData' is possibly 'undefined'.
src/lib/bulk-operations.ts(318,25): error TS18048: 'orderData' is possibly 'undefined'.
src/lib/bulk-operations.ts(326,13): error TS18048: 'orderData' is possibly 'undefined'.
src/lib/bulk-operations.ts(331,21): error TS18048: 'orderData' is possibly 'undefined'.
src/lib/bulk-operations.ts(340,23): error TS18048: 'orderData' is possibly 'undefined'.
src/lib/bulk-operations.ts(341,23): error TS18048: 'orderData' is possibly 'undefined'.
src/lib/bulk-operations.ts(356,27): error TS18048: 'orderData' is possibly 'undefined'.
src/lib/bulk-operations.ts(357,13): error TS2353: Object literal may only specify known properties, and 'qty' does not exist in type 'Without<OrderCreateInput, OrderUncheckedCreateInput> & OrderUncheckedCreateInput'.
src/lib/bulk-operations.ts(357,18): error TS18048: 'orderData' is possibly 'undefined'.
src/lib/bulk-operations.ts(358,27): error TS18048: 'orderData' is possibly 'undefined'.
src/lib/bulk-operations.ts(359,28): error TS18048: 'orderData' is possibly 'undefined'.
src/lib/bulk-operations.ts(360,26): error TS18048: 'orderData' is possibly 'undefined'.
src/lib/bulk-operations.ts(362,20): error TS18048: 'orderData' is possibly 'undefined'.
src/lib/bulk-operations.ts(413,3): error TS6133: 'workspaceId' is declared but its value is never read.
src/lib/cache.ts(204,22): error TS2345: Argument of type 'string | undefined' is not assignable to parameter of type 'string'.
  Type 'undefined' is not assignable to type 'string'.
src/lib/cache.ts(273,48): error TS2345: Argument of type 'string | undefined' is not assignable to parameter of type 'string'.
  Type 'undefined' is not assignable to type 'string'.
src/lib/crypto.ts(56,28): error TS2769: No overload matches this call.
  Overload 1 of 4, '(arrayBuffer: WithImplicitCoercion<ArrayBufferLike>, byteOffset?: number | undefined, length?: number | undefined): Buffer<ArrayBufferLike>', gave the following error.
    Argument of type 'string | undefined' is not assignable to parameter of type 'WithImplicitCoercion<ArrayBufferLike>'.
      Type 'undefined' is not assignable to type 'WithImplicitCoercion<ArrayBufferLike>'.
  Overload 2 of 4, '(string: WithImplicitCoercion<string>, encoding?: BufferEncoding | undefined): Buffer<ArrayBuffer>', gave the following error.
    Argument of type 'string | undefined' is not assignable to parameter of type 'WithImplicitCoercion<string>'.
      Type 'undefined' is not assignable to type 'WithImplicitCoercion<string>'.
src/lib/crypto.ts(57,33): error TS2769: No overload matches this call.
  Overload 1 of 4, '(arrayBuffer: WithImplicitCoercion<ArrayBufferLike>, byteOffset?: number | undefined, length?: number | undefined): Buffer<ArrayBufferLike>', gave the following error.
    Argument of type 'string | undefined' is not assignable to parameter of type 'WithImplicitCoercion<ArrayBufferLike>'.
      Type 'undefined' is not assignable to type 'WithImplicitCoercion<ArrayBufferLike>'.
  Overload 2 of 4, '(string: WithImplicitCoercion<string>, encoding?: BufferEncoding | undefined): Buffer<ArrayBuffer>', gave the following error.
    Argument of type 'string | undefined' is not assignable to parameter of type 'WithImplicitCoercion<string>'.
      Type 'undefined' is not assignable to type 'WithImplicitCoercion<string>'.
src/lib/crypto.ts(65,37): error TS2769: No overload matches this call.
  Overload 1 of 4, '(data: ArrayBufferView<ArrayBufferLike>, inputEncoding: undefined, outputEncoding: Encoding): string', gave the following error.
    Argument of type 'string | undefined' is not assignable to parameter of type 'ArrayBufferView<ArrayBufferLike>'.
      Type 'undefined' is not assignable to type 'ArrayBufferView<ArrayBufferLike>'.
  Overload 2 of 4, '(data: string, inputEncoding: Encoding | undefined, outputEncoding: Encoding): string', gave the following error.
    Argument of type 'string | undefined' is not assignable to parameter of type 'string'.
      Type 'undefined' is not assignable to type 'string'.
src/lib/crypto.ts(66,5): error TS2322: Type 'string' is not assignable to type 'Buffer<ArrayBufferLike> & string'.
  Type 'string' is not assignable to type 'Buffer<ArrayBufferLike>'.
src/lib/email.ts(64,7): error TS2561: Object literal may only specify known properties, but 'reply_to' does not exist in type 'CreateEmailOptions'. Did you mean to write 'replyTo'?
src/lib/email/index.ts(54,7): error TS2561: Object literal may only specify known properties, but 'reply_to' does not exist in type 'CreateEmailOptions'. Did you mean to write 'replyTo'?
src/lib/email/queue.ts(2,21): error TS2459: Module '"@/lib/email"' declares 'EmailOptions' locally, but it is not exported.
src/lib/email/queue.ts(2,21): error TS6133: 'EmailOptions' is declared but its value is never read.
src/lib/email/queue.ts(2,35): error TS2459: Module '"@/lib/email"' declares 'EmailResult' locally, but it is not exported.
src/lib/email/queue.ts(279,11): error TS2561: Object literal may only specify known properties, but 'reply_to' does not exist in type 'EmailOptions'. Did you mean to write 'replyTo'?
src/lib/emailService.ts(58,9): error TS2561: Object literal may only specify known properties, but 'reply_to' does not exist in type 'CreateEmailOptions'. Did you mean to write 'replyTo'?
src/lib/error-handling.ts(155,19): error TS18048: 'response.error' is possibly 'undefined'.
src/lib/error-handling.ts(155,19): error TS2345: Argument of type 'string | undefined' is not assignable to parameter of type 'string'.
  Type 'undefined' is not assignable to type 'string'.
src/lib/error-handling.ts(476,27): error TS6133: 'req' is declared but its value is never read.
src/lib/error-handling.ts(476,37): error TS6133: 'res' is declared but its value is never read.
src/lib/error-handling.ts(476,47): error TS6133: 'next' is declared but its value is never read.
src/lib/error-logger.ts(281,17): error TS2339: Property 'startTransaction' does not exist on type 'typeof import("C:/Users/Khell/Desktop/Ashley AI/node_modules/.pnpm/@sentry+nextjs@10.20.0_@opentelemetry+context-async-hooks@2.1.0_@opentelemetry+api@1.9.0__@op_qhxwmu46yatoqaurybnjz4ibmi/node_modules/@sentry/nextjs/build/types/index.types")'.
src/lib/file-validator.ts(70,7): error TS2322: Type 'undefined' is not assignable to type 'number'.
src/lib/file-validator.ts(71,7): error TS2322: Type 'undefined' is not assignable to type 'number'.
src/lib/file-validator.ts(72,7): error TS2322: Type 'undefined' is not assignable to type 'number'.
src/lib/file-validator.ts(73,7): error TS2322: Type 'undefined' is not assignable to type 'number'.
src/lib/file-validator.ts(219,10): error TS2532: Object is possibly 'undefined'.
src/lib/file-validator.ts(286,21): error TS2532: Object is possibly 'undefined'.
src/lib/gmail-email.ts(1,24): error TS2307: Cannot find module 'nodemailer' or its corresponding type declarations.
src/lib/government/bir.ts(4,3): error TS6133: 'BIRWithholdingTax' is declared but its value is never read.
src/lib/government/bir.ts(6,3): error TS6133: 'ExportOptions' is declared but its value is never read.
src/lib/government/bir.ts(52,5): error TS6133: 'period' is declared but its value is never read.
src/lib/government/bir.ts(88,5): error TS6133: 'period' is declared but its value is never read.
src/lib/government/philhealth.ts(17,20): error TS6133: 'MIN_PREMIUM' is declared but its value is never read.
src/lib/government/philhealth.ts(18,20): error TS6133: 'MAX_PREMIUM' is declared but its value is never read.
src/lib/government/sss.ts(307,30): error TS18048: 'bracket' is possibly 'undefined'.
src/lib/government/sss.ts(308,24): error TS18048: 'bracket' is possibly 'undefined'.
src/lib/government/sss.ts(309,24): error TS18048: 'bracket' is possibly 'undefined'.
src/lib/government/sss.ts(310,24): error TS18048: 'bracket' is possibly 'undefined'.
src/lib/government/sss.ts(311,27): error TS18048: 'bracket' is possibly 'undefined'.
src/lib/integrations/slack.ts(185,9): error TS2532: Object is possibly 'undefined'.
src/lib/integrations/slack.ts(185,58): error TS2532: Object is possibly 'undefined'.
src/lib/integrations/webhooks.ts(234,11): error TS6133: 'data' is declared but its value is never read.
src/lib/inventory/inventory-manager.ts(88,13): error TS2339: Property 'prisma' does not exist on type 'typeof import("C:/Users/Khell/Desktop/Ashley AI/services/ash-admin/src/lib/database")'.
src/lib/inventory/inventory-manager.ts(135,13): error TS2339: Property 'prisma' does not exist on type 'typeof import("C:/Users/Khell/Desktop/Ashley AI/services/ash-admin/src/lib/database")'.
src/lib/inventory/inventory-manager.ts(188,13): error TS2339: Property 'prisma' does not exist on type 'typeof import("C:/Users/Khell/Desktop/Ashley AI/services/ash-admin/src/lib/database")'.
src/lib/inventory/inventory-manager.ts(206,5): error TS6133: 'po_id' is declared but its value is never read.
src/lib/inventory/inventory-manager.ts(222,13): error TS2339: Property 'prisma' does not exist on type 'typeof import("C:/Users/Khell/Desktop/Ashley AI/services/ash-admin/src/lib/database")'.
src/lib/inventory/inventory-manager.ts(231,9): error TS6133: 'severity' is declared but its value is never read.
src/lib/inventory/inventory-manager.ts(256,13): error TS2339: Property 'prisma' does not exist on type 'typeof import("C:/Users/Khell/Desktop/Ashley AI/services/ash-admin/src/lib/database")'.
src/lib/inventory/inventory-manager.ts(297,13): error TS2339: Property 'prisma' does not exist on type 'typeof import("C:/Users/Khell/Desktop/Ashley AI/services/ash-admin/src/lib/database")'.
src/lib/inventory/inventory-manager.ts(338,28): error TS6133: 'b' is declared but its value is never read.
src/lib/inventory/inventory-manager.ts(345,13): error TS2339: Property 'prisma' does not exist on type 'typeof import("C:/Users/Khell/Desktop/Ashley AI/services/ash-admin/src/lib/database")'.
src/lib/inventory/inventory-manager.ts(360,55): error TS7006: Parameter 'material' implicitly has an 'any' type.
src/lib/inventory/inventory-manager.ts(401,13): error TS2339: Property 'prisma' does not exist on type 'typeof import("C:/Users/Khell/Desktop/Ashley AI/services/ash-admin/src/lib/database")'.
src/lib/inventory/inventory-manager.ts(453,13): error TS2339: Property 'prisma' does not exist on type 'typeof import("C:/Users/Khell/Desktop/Ashley AI/services/ash-admin/src/lib/database")'.
src/lib/inventory/inventory-manager.ts(461,8): error TS7006: Parameter 'sum' implicitly has an 'any' type.
src/lib/inventory/inventory-manager.ts(461,13): error TS7006: Parameter 'm' implicitly has an 'any' type.
src/lib/inventory/inventory-manager.ts(464,44): error TS7006: Parameter 'm' implicitly has an 'any' type.
src/lib/inventory/inventory-manager.ts(470,7): error TS7006: Parameter 'm' implicitly has an 'any' type.
src/lib/jwt.ts(43,23): error TS2769: No overload matches this call.
  Overload 1 of 5, '(payload: string | object | Buffer<ArrayBufferLike>, secretOrPrivateKey: null, options?: (SignOptions & { algorithm: "none"; }) | undefined): string', gave the following error.
    Argument of type 'string' is not assignable to parameter of type 'null'.
  Overload 2 of 5, '(payload: string | object | Buffer<ArrayBufferLike>, secretOrPrivateKey: Buffer<ArrayBufferLike> | Secret | PrivateKeyInput | JsonWebKeyInput, options?: SignOptions | undefined): string', gave the following error.
    Type 'string' is not assignable to type 'number | StringValue | undefined'.
  Overload 3 of 5, '(payload: string | object | Buffer<ArrayBufferLike>, secretOrPrivateKey: Buffer<ArrayBufferLike> | Secret | PrivateKeyInput | JsonWebKeyInput, callback: SignCallback): void', gave the following error.
    Object literal may only specify known properties, and 'expiresIn' does not exist in type 'SignCallback'.
src/lib/jwt.ts(62,23): error TS2769: No overload matches this call.
  Overload 1 of 5, '(payload: string | object | Buffer<ArrayBufferLike>, secretOrPrivateKey: null, options?: (SignOptions & { algorithm: "none"; }) | undefined): string', gave the following error.
    Argument of type 'string' is not assignable to parameter of type 'null'.
  Overload 2 of 5, '(payload: string | object | Buffer<ArrayBufferLike>, secretOrPrivateKey: Buffer<ArrayBufferLike> | Secret | PrivateKeyInput | JsonWebKeyInput, options?: SignOptions | undefined): string', gave the following error.
    Type 'string' is not assignable to type 'number | StringValue | undefined'.
  Overload 3 of 5, '(payload: string | object | Buffer<ArrayBufferLike>, secretOrPrivateKey: Buffer<ArrayBufferLike> | Secret | PrivateKeyInput | JsonWebKeyInput, callback: SignCallback): void', gave the following error.
    Object literal may only specify known properties, and 'expiresIn' does not exist in type 'SignCallback'.
src/lib/jwt.ts(215,3): error TS2322: Type 'string | undefined' is not assignable to type 'string | null'.
  Type 'undefined' is not assignable to type 'string | null'.
src/lib/multi-tenant/tenant-manager.ts(4,10): error TS2724: '"@/lib/database"' has no exported member named 'prisma'. Did you mean 'Prisma'?
src/lib/multi-tenant/tenant-manager.ts(297,44): error TS7006: Parameter 'u' implicitly has an 'any' type.
src/lib/multi-tenant/tenant-manager.ts(299,46): error TS7006: Parameter 'o' implicitly has an 'any' type.
src/lib/multi-tenant/tenant-manager.ts(380,33): error TS7016: Could not find a declaration file for module 'bcryptjs'. 'C:/Users/Khell/Desktop/Ashley AI/node_modules/.pnpm/bcryptjs@2.4.3/node_modules/bcryptjs/index.js' implicitly has an 'any' type.
  Try `npm i --save-dev @types/bcryptjs` if it exists or add a new declaration (.d.ts) file containing `declare module 'bcryptjs';`
src/lib/multi-tenant/tenant-middleware.ts(73,17): error TS2339: Property 'prisma' does not exist on type 'typeof import("C:/Users/Khell/Desktop/Ashley AI/services/ash-admin/src/lib/database")'.
src/lib/password-validator.ts(19,7): error TS6133: 'MIN_SPECIAL' is declared but its value is never read.
src/lib/paymentService.ts(12,7): error TS2322: Type '"2024-11-20.acacia"' is not assignable to type '"2025-08-27.basil"'.
src/lib/performance.ts(224,25): error TS2345: Argument of type 'K | undefined' is not assignable to parameter of type 'K'.
  'K' could be instantiated with an arbitrary type which could be unrelated to 'K | undefined'.
src/lib/performance/api-cache-middleware.ts(7,10): error TS2614: Module '"@/lib/redis"' has no exported member 'cache'. Did you mean to use 'import cache from "@/lib/redis"' instead?
src/lib/performance/api-cache-middleware.ts(89,28): error TS7006: Parameter 'err' implicitly has an 'any' type.
src/lib/permissions.ts(6,3): error TS6133: 'hasAnyPermission' is declared but its value is never read.
src/lib/permissions.ts(7,3): error TS6133: 'NAVIGATION_PERMISSIONS' is declared but its value is never read.
src/lib/permissions.ts(8,22): error TS6133: 'RBACPermission' is declared but its value is never read.
src/lib/rbac/permission-manager.ts(536,13): error TS2339: Property 'prisma' does not exist on type 'typeof import("C:/Users/Khell/Desktop/Ashley AI/services/ash-admin/src/lib/database")'.
src/lib/rbac/permission-manager.ts(622,13): error TS2339: Property 'prisma' does not exist on type 'typeof import("C:/Users/Khell/Desktop/Ashley AI/services/ash-admin/src/lib/database")'.
src/lib/security/password.ts(1,25): error TS7016: Could not find a declaration file for module 'bcryptjs'. 'C:/Users/Khell/Desktop/Ashley AI/node_modules/.pnpm/bcryptjs@2.4.3/node_modules/bcryptjs/index.js' implicitly has an 'any' type.
  Try `npm i --save-dev @types/bcryptjs` if it exists or add a new declaration (.d.ts) file containing `declare module 'bcryptjs';`
src/lib/session-timeout.ts(113,11): error TS6133: '_inactiveDuration' is declared but its value is never read.
src/lib/token-rotation.ts(50,37): error TS2345: Argument of type '{ userId: string; email: string; role: string; workspaceId: string; }' is not assignable to parameter of type 'Omit<JWTPayload, "iat" | "exp">'.
  Types of property 'role' are incompatible.
    Type 'string' is not assignable to type 'UserRole'.
src/lib/white-label/branding-manager.ts(122,15): error TS2339: Property 'prisma' does not exist on type 'typeof import("C:/Users/Khell/Desktop/Ashley AI/services/ash-admin/src/lib/database")'.
src/lib/white-label/branding-manager.ts(182,15): error TS2339: Property 'prisma' does not exist on type 'typeof import("C:/Users/Khell/Desktop/Ashley AI/services/ash-admin/src/lib/database")'.
tests/security/password-complexity.test.ts(246,11): error TS6133: '_trimmedPassword' is declared but its value is never read.
C:\Users\Khell\Desktop\Ashley AI\services\ash-admin:
ERR_PNPM_RECURSIVE_RUN_FIRST_FAIL @ash/admin@1.0.0 type-check: `tsc --noEmit`
Exit status 2
