scripts/init-production-db.ts(19,25): error TS7016: Could not find a declaration file for module 'bcryptjs'. 'C:/Users/Khell/Desktop/Ashley AI/node_modules/.pnpm/bcryptjs@2.4.3/node_modules/bcryptjs/index.js' implicitly has an 'any' type.
  Try `npm i --save-dev @types/bcryptjs` if it exists or add a new declaration (.d.ts) file containing `declare module 'bcryptjs';`
src/app/admin/reports/page.tsx(510,28): error TS6133: '__reportType' is declared but its value is never read.
src/app/admin/users/page.tsx(49,9): error TS6133: '___router' is declared but its value is never read.
src/app/admin/users/page.tsx(730,14): error TS2790: The operand of a 'delete' operator must be optional.
src/app/api/3pl/book/route.ts(45,11): error TS2353: Object literal may only specify known properties, and 'tracking_number' does not exist in type '(Without<ShipmentUpdateInput, ShipmentUncheckedUpdateInput> & ShipmentUncheckedUpdateInput) | (Without<...> & ShipmentUpdateInput)'.
src/app/api/admin/audit/route.ts(5,1): error TS6133: 'prisma' is declared but its value is never read.
src/app/api/admin/audit/route.ts(373,16): error TS6133: 'createAuditLog' is declared but its value is never read.
src/app/api/admin/onboarding/route.ts(5,1): error TS6133: 'prisma' is declared but its value is never read.
src/app/api/admin/onboarding/route.ts(6,1): error TS6133: 'bcrypt' is declared but its value is never read.
src/app/api/admin/onboarding/route.ts(6,25): error TS7016: Could not find a declaration file for module 'bcryptjs'. 'C:/Users/Khell/Desktop/Ashley AI/node_modules/.pnpm/bcryptjs@2.4.3/node_modules/bcryptjs/index.js' implicitly has an 'any' type.
  Try `npm i --save-dev @types/bcryptjs` if it exists or add a new declaration (.d.ts) file containing `declare module 'bcryptjs';`
src/app/api/admin/onboarding/route.ts(7,1): error TS6133: 'requireAuth' is declared but its value is never read.
src/app/api/admin/onboarding/route.ts(10,7): error TS6133: '___OnboardingStepSchema' is declared but its value is never read.
src/app/api/admin/onboarding/route.ts(106,3): error TS6133: 'user' is declared but its value is never read.
src/app/api/admin/reports/route.ts(282,3): error TS6133: 'department' is declared but its value is never read.
src/app/api/admin/reports/route.ts(343,48): error TS6133: 'department' is declared but its value is never read.
src/app/api/admin/reports/route.ts(402,47): error TS6133: 'department' is declared but its value is never read.
src/app/api/admin/reports/route.ts(531,3): error TS6133: 'department' is declared but its value is never read.
src/app/api/admin/reports/route.ts(532,3): error TS6133: 'dateFrom' is declared but its value is never read.
src/app/api/admin/reports/route.ts(533,3): error TS6133: 'dateTo' is declared but its value is never read.
src/app/api/admin/reports/route.ts(628,3): error TS6133: 'department' is declared but its value is never read.
src/app/api/admin/reports/route.ts(629,3): error TS6133: 'dateFrom' is declared but its value is never read.
src/app/api/admin/reports/route.ts(630,3): error TS6133: 'dateTo' is declared but its value is never read.
src/app/api/admin/reports/route.ts(673,3): error TS6133: 'department' is declared but its value is never read.
src/app/api/admin/reports/route.ts(674,3): error TS6133: 'dateFrom' is declared but its value is never read.
src/app/api/admin/reports/route.ts(675,3): error TS6133: 'dateTo' is declared but its value is never read.
src/app/api/admin/users/[id]/route.ts(6,25): error TS7016: Could not find a declaration file for module 'bcryptjs'. 'C:/Users/Khell/Desktop/Ashley AI/node_modules/.pnpm/bcryptjs@2.4.3/node_modules/bcryptjs/index.js' implicitly has an 'any' type.
  Try `npm i --save-dev @types/bcryptjs` if it exists or add a new declaration (.d.ts) file containing `declare module 'bcryptjs';`
src/app/api/admin/users/[id]/route.ts(7,1): error TS6133: 'requireAuth' is declared but its value is never read.
src/app/api/admin/users/[id]/route.ts(40,3): error TS6133: 'request' is declared but its value is never read.
src/app/api/admin/users/[id]/route.ts(231,3): error TS6133: 'request' is declared but its value is never read.
src/app/api/admin/users/route.ts(6,25): error TS7016: Could not find a declaration file for module 'bcryptjs'. 'C:/Users/Khell/Desktop/Ashley AI/node_modules/.pnpm/bcryptjs@2.4.3/node_modules/bcryptjs/index.js' implicitly has an 'any' type.
  Try `npm i --save-dev @types/bcryptjs` if it exists or add a new declaration (.d.ts) file containing `declare module 'bcryptjs';`
src/app/api/admin/users/route.ts(7,1): error TS6133: 'requireAuth' is declared but its value is never read.
src/app/api/admin/users/route.ts(37,7): error TS6133: '___UpdateUserSchema' is declared but its value is never read.
src/app/api/ai-chat/chat/route.ts(173,7): error TS6133: 'user_id' is declared but its value is never read.
src/app/api/ai-chat/chat/route.ts(174,7): error TS6133: 'use_stream' is declared but its value is never read.
src/app/api/ai-chat/conversations/[id]/route.ts(10,3): error TS6133: 'request' is declared but its value is never read.
src/app/api/ai-chat/conversations/[id]/route.ts(11,3): error TS6133: 'user' is declared but its value is never read.
src/app/api/ai-chat/conversations/[id]/route.ts(88,3): error TS6133: 'request' is declared but its value is never read.
src/app/api/ai/bottleneck/route.ts(80,13): error TS6133: '___totalGood' is declared but its value is never read.
src/app/api/ai/defect-detection/patterns/route.ts(12,11): error TS6133: '___operator_id' is declared but its value is never read.
src/app/api/ai/defect-detection/patterns/route.ts(13,11): error TS6133: '___station' is declared but its value is never read.
src/app/api/ai/defect-detection/route.ts(31,13): error TS6133: '___qcCheck' is declared but its value is never read.
src/app/api/ai/defect-detection/route.ts(90,11): error TS6133: '__bundleIds' is declared but its value is never read.
src/app/api/ai/scheduling/route.ts(11,11): error TS6133: '___workspace_id' is declared but its value is never read.
src/app/api/auth/employee-login/route.ts(4,25): error TS7016: Could not find a declaration file for module 'bcryptjs'. 'C:/Users/Khell/Desktop/Ashley AI/node_modules/.pnpm/bcryptjs@2.4.3/node_modules/bcryptjs/index.js' implicitly has an 'any' type.
  Try `npm i --save-dev @types/bcryptjs` if it exists or add a new declaration (.d.ts) file containing `declare module 'bcryptjs';`
src/app/api/auth/employee-login/route.ts(6,1): error TS6133: 'requireAuth' is declared but its value is never read.
src/app/api/auth/login/route.ts(5,25): error TS7016: Could not find a declaration file for module 'bcryptjs'. 'C:/Users/Khell/Desktop/Ashley AI/node_modules/.pnpm/bcryptjs@2.4.3/node_modules/bcryptjs/index.js' implicitly has an 'any' type.
  Try `npm i --save-dev @types/bcryptjs` if it exists or add a new declaration (.d.ts) file containing `declare module 'bcryptjs';`
src/app/api/auth/refresh/route.ts(7,3): error TS6133: 'apiSuccess' is declared but its value is never read.
src/app/api/auth/register/route.ts(4,25): error TS7016: Could not find a declaration file for module 'bcryptjs'. 'C:/Users/Khell/Desktop/Ashley AI/node_modules/.pnpm/bcryptjs@2.4.3/node_modules/bcryptjs/index.js' implicitly has an 'any' type.
  Try `npm i --save-dev @types/bcryptjs` if it exists or add a new declaration (.d.ts) file containing `declare module 'bcryptjs';`
src/app/api/auth/reset-password/route.ts(6,25): error TS7016: Could not find a declaration file for module 'bcryptjs'. 'C:/Users/Khell/Desktop/Ashley AI/node_modules/.pnpm/bcryptjs@2.4.3/node_modules/bcryptjs/index.js' implicitly has an 'any' type.
  Try `npm i --save-dev @types/bcryptjs` if it exists or add a new declaration (.d.ts) file containing `declare module 'bcryptjs';`
src/app/api/automation/execute/route.ts(2,1): error TS6133: 'requireAuth' is declared but its value is never read.
src/app/api/automation/execute/route.ts(3,23): error TS6133: 'NextResponse' is declared but its value is never read.
src/app/api/automation/execute/route.ts(52,11): error TS6133: '__triggerConfig' is declared but its value is never read.
src/app/api/automation/execute/route.ts(309,3): error TS6133: 'workspaceId' is declared but its value is never read.
src/app/api/automation/execute/route.ts(350,7): error TS2353: Object literal may only specify known properties, and 'details' does not exist in type '(Without<AuditLogCreateInput, AuditLogUncheckedCreateInput> & AuditLogUncheckedCreateInput) | (Without<...> & AuditLogCreateInput)'.
src/app/api/bundles/[id]/status/route.ts(16,11): error TS6133: '__userId' is declared but its value is never read.
src/app/api/bundles/[id]/status/route.ts(18,21): error TS6133: '__notes' is declared but its value is never read.
src/app/api/bundles/[id]/status/route.ts(18,30): error TS6133: '__location' is declared but its value is never read.
src/app/api/clients/[id]/brands/[brandId]/route.ts(5,1): error TS6133: 'requireAuth' is declared but its value is never read.
src/app/api/clients/[id]/brands/[brandId]/route.ts(16,3): error TS6133: 'request' is declared but its value is never read.
src/app/api/clients/[id]/brands/[brandId]/route.ts(32,13): error TS2353: Object literal may only specify known properties, and 'company' does not exist in type 'ClientSelect<DefaultArgs>'.
src/app/api/clients/[id]/brands/[brandId]/route.ts(178,3): error TS6133: 'request' is declared but its value is never read.
src/app/api/clients/[id]/brands/route.ts(7,7): error TS6133: '___DEFAULT_WORKSPACE_ID' is declared but its value is never read.
src/app/api/clients/[id]/brands/route.ts(17,7): error TS6133: '___UpdateBrandSchema' is declared but its value is never read.
src/app/api/clients/[id]/brands/route.ts(20,3): error TS6133: 'request' is declared but its value is never read.
src/app/api/clients/[id]/brands/route.ts(21,3): error TS6133: 'user' is declared but its value is never read.
src/app/api/clients/[id]/brands/route.ts(86,3): error TS6133: 'user' is declared but its value is never read.
src/app/api/clients/[id]/route.ts(10,3): error TS6133: 'request' is declared but its value is never read.
src/app/api/clients/[id]/route.ts(77,3): error TS6133: 'user' is declared but its value is never read.
src/app/api/clients/[id]/route.ts(130,3): error TS6133: 'request' is declared but its value is never read.
src/app/api/clients/[id]/route.ts(131,3): error TS6133: 'user' is declared but its value is never read.
src/app/api/comments/[id]/route.ts(3,1): error TS6133: 'requireAuth' is declared but its value is never read.
src/app/api/cutting/bundles/route.ts(143,11): error TS7034: Variable 'createdBundles' implicitly has type 'any[]' in some locations where its type cannot be determined.
src/app/api/cutting/bundles/route.ts(166,17): error TS6133: '___bundleNumber' is declared but its value is never read.
src/app/api/cutting/bundles/route.ts(169,13): error TS2322: Type '{ workspace_id: string; lay_id: string; size_code: string; qty: number; qr_code: string; status: string; }' is not assignable to type '(Without<BundleCreateInput, BundleUncheckedCreateInput> & BundleUncheckedCreateInput) | (Without<...> & BundleCreateInput)'.
  Type '{ workspace_id: string; lay_id: string; size_code: string; qty: number; qr_code: string; status: string; }' is not assignable to type 'Without<BundleCreateInput, BundleUncheckedCreateInput> & BundleUncheckedCreateInput'.
    Property 'order_id' is missing in type '{ workspace_id: string; lay_id: string; size_code: string; qty: number; qr_code: string; status: string; }' but required in type 'BundleUncheckedCreateInput'.
src/app/api/cutting/bundles/route.ts(213,15): error TS7005: Variable 'createdBundles' implicitly has an 'any[]' type.
src/app/api/cutting/lays/route.ts(33,11): error TS6133: '___status' is declared but its value is never read.
src/app/api/cutting/lays/route.ts(158,13): error TS6133: '___cutOutputs' is declared but its value is never read.
src/app/api/dashboard/stats/route.ts(92,11): error TS2353: Object literal may only specify known properties, and 'quantity' does not exist in type 'PrintRunSelect<DefaultArgs>'.
src/app/api/dashboard/stats/route.ts(102,11): error TS2353: Object literal may only specify known properties, and 'pieces_completed' does not exist in type 'SewingRunSelect<DefaultArgs>'.
src/app/api/dashboard/stats/route.ts(112,11): error TS2353: Object literal may only specify known properties, and 'quantity' does not exist in type 'FinishingRunSelect<DefaultArgs>'.
src/app/api/dashboard/stats/route.ts(124,40): error TS2339: Property 'efficiency_score' does not exist on type 'never'.
src/app/api/dashboard/stats/route.ts(134,40): error TS2339: Property 'efficiency_score' does not exist on type '{ status: string; id: string; workspace_id: string; created_at: Date; updated_at: Date; order_id: string; created_by: string; routing_step_id: string | null; started_at: Date | null; ... 4 more ...; machine_id: string | null; }'.
src/app/api/dashboard/stats/route.ts(144,40): error TS2551: Property 'efficiency_score' does not exist on type '{ status: string; id: string; created_at: Date; updated_at: Date; order_id: string; routing_step_id: string; operation_name: string; sewing_type: string | null; operator_id: string; ... 10 more ...; efficiency_pct: number | null; }'. Did you mean 'efficiency_pct'?
src/app/api/dashboard/stats/route.ts(177,9): error TS7034: Variable 'productionTrendData' implicitly has type 'any[]' in some locations where its type cannot be determined.
src/app/api/dashboard/stats/route.ts(189,42): error TS2339: Property 'created_at' does not exist on type 'never'.
src/app/api/dashboard/stats/route.ts(192,42): error TS2339: Property 'bundles_cut' does not exist on type 'never'.
src/app/api/dashboard/stats/route.ts(199,42): error TS2339: Property 'quantity' does not exist on type '{ status: string; id: string; workspace_id: string; created_at: Date; updated_at: Date; order_id: string; created_by: string; routing_step_id: string | null; started_at: Date | null; ... 4 more ...; machine_id: string | null; }'.
src/app/api/dashboard/stats/route.ts(206,42): error TS2339: Property 'pieces_completed' does not exist on type '{ status: string; id: string; created_at: Date; updated_at: Date; order_id: string; routing_step_id: string; operation_name: string; sewing_type: string | null; operator_id: string; ... 10 more ...; efficiency_pct: number | null; }'.
src/app/api/dashboard/stats/route.ts(213,42): error TS2339: Property 'quantity' does not exist on type '{ status: string; id: string; workspace_id: string; created_at: Date; updated_at: Date; order_id: string; routing_step_id: string; operator_id: string; started_at: Date | null; ended_at: Date | null; materials: string | null; notes: string | null; }'.
src/app/api/dashboard/stats/route.ts(280,33): error TS7005: Variable 'productionTrendData' implicitly has an 'any[]' type.
src/app/api/delivery/shipments/route.ts(3,1): error TS6133: 'requireAuth' is declared but its value is never read.
src/app/api/designs/[id]/comments/route.ts(4,1): error TS6133: 'requireAuth' is declared but its value is never read.
src/app/api/designs/[id]/print-locations/route.ts(5,1): error TS6133: 'requireAuth' is declared but its value is never read.
src/app/api/designs/[id]/print-locations/route.ts(19,3): error TS6133: 'request' is declared but its value is never read.
src/app/api/designs/[id]/print-locations/route.ts(106,3): error TS6133: '__params' is declared but its value is never read.
src/app/api/designs/[id]/print-locations/route.ts(106,5): error TS2339: Property '__params' does not exist on type '{ params: { id: string; }; }'.
src/app/api/designs/[id]/print-locations/route.ts(167,3): error TS6133: '__params' is declared but its value is never read.
src/app/api/designs/[id]/print-locations/route.ts(167,5): error TS2339: Property '__params' does not exist on type '{ params: { id: string; }; }'.
src/app/api/designs/[id]/send-approval/route.ts(5,1): error TS6133: 'requireAuth' is declared but its value is never read.
src/app/api/designs/[id]/send-approval/route.ts(20,7): error TS6133: '_template_id' is declared but its value is never read.
src/app/api/employee/stats/[id]/route.ts(2,23): error TS6133: 'NextResponse' is declared but its value is never read.
src/app/api/employee/stats/[id]/route.ts(4,1): error TS6133: 'requireAuth' is declared but its value is never read.
src/app/api/employee/tasks/route.ts(4,1): error TS6133: 'requireAuth' is declared but its value is never read.
src/app/api/employee/tasks/route.ts(13,9): error TS6133: '___position' is declared but its value is never read.
src/app/api/employees/setup/route.ts(4,25): error TS7016: Could not find a declaration file for module 'bcryptjs'. 'C:/Users/Khell/Desktop/Ashley AI/node_modules/.pnpm/bcryptjs@2.4.3/node_modules/bcryptjs/index.js' implicitly has an 'any' type.
  Try `npm i --save-dev @types/bcryptjs` if it exists or add a new declaration (.d.ts) file containing `declare module 'bcryptjs';`
src/app/api/employees/setup/route.ts(51,11): error TS2353: Object literal may only specify known properties, and 'description' does not exist in type '(Without<WorkspaceCreateInput, WorkspaceUncheckedCreateInput> & WorkspaceUncheckedCreateInput) | (Without<...> & WorkspaceCreateInput)'.
src/app/api/finance/bills/route.ts(3,1): error TS6133: 'prisma' is declared but its value is never read.
src/app/api/finance/invoices/route.ts(2,23): error TS6133: 'NextResponse' is declared but its value is never read.
src/app/api/finance/invoices/route.ts(6,3): error TS6133: 'handleApiError' is declared but its value is never read.
src/app/api/finance/invoices/route.ts(16,1): error TS6133: 'requireAuth' is declared but its value is never read.
src/app/api/finance/invoices/route.ts(105,7): error TS6133: 'brand_id' is declared but its value is never read.
src/app/api/finance/suppliers/route.ts(19,15): error TS2322: Type '{ supplier: { contains: string; mode: string; }; } | {}' is not assignable to type 'ExpenseWhereInput | undefined'.
  Type '{ supplier: { contains: string; mode: string; }; }' is not assignable to type 'ExpenseWhereInput'.
    Types of property 'supplier' are incompatible.
      Object literal may only specify known properties, and 'mode' does not exist in type 'StringNullableFilter<"Expense">'.
src/app/api/finance/suppliers/route.ts(25,9): error TS2353: Object literal may only specify known properties, and '_count' does not exist in type 'ExpenseSelect<DefaultArgs>'.
src/app/api/government/bir/route.ts(55,53): error TS2345: Argument of type '{ date: string | undefined; invoice_number: string; customer_name: string; tin: string; address: string; amount: number; vat_amount: number; total_amount: number; }[]' is not assignable to parameter of type 'BIRSalesBookEntry[]'.
  Type '{ date: string | undefined; invoice_number: string; customer_name: string; tin: string; address: string; amount: number; vat_amount: number; total_amount: number; }' is not assignable to type 'BIRSalesBookEntry'.
    Types of property 'date' are incompatible.
      Type 'string | undefined' is not assignable to type 'string'.
        Type 'undefined' is not assignable to type 'string'.
src/app/api/government/bir/route.ts(85,56): error TS2345: Argument of type '{ date: string | undefined; reference_number: string; supplier_name: string; tin: string; address: string; amount: number; vat_amount: number; total_amount: number; }[]' is not assignable to parameter of type 'BIRPurchaseBookEntry[]'.
  Type '{ date: string | undefined; reference_number: string; supplier_name: string; tin: string; address: string; amount: number; vat_amount: number; total_amount: number; }' is not assignable to type 'BIRPurchaseBookEntry'.
    Types of property 'date' are incompatible.
      Type 'string | undefined' is not assignable to type 'string'.
        Type 'undefined' is not assignable to type 'string'.
src/app/api/government/reports/route.ts(4,1): error TS6133: 'birService' is declared but its value is never read.
src/app/api/health/route.ts(9,1): error TS6133: 'requireAuth' is declared but its value is never read.
src/app/api/hr/attendance/route.ts(13,11): error TS6133: '___type' is declared but its value is never read.
src/app/api/hr/attendance/route.ts(89,7): error TS6133: 'selfie_url' is declared but its value is never read.
src/app/api/hr/employees/[id]/profile-picture/route.ts(132,15): error TS2304: Cannot find name 'user'.
src/app/api/hr/employees/[id]/profile-picture/route.ts(200,15): error TS2304: Cannot find name 'user'.
src/app/api/hr/employees/route.ts(2,23): error TS6133: 'NextResponse' is declared but its value is never read.
src/app/api/hr/employees/route.ts(6,3): error TS6133: 'handleApiError' is declared but its value is never read.
src/app/api/hr/employees/route.ts(10,3): error TS6133: 'NotFoundError' is declared but its value is never read.
src/app/api/hr/employees/route.ts(17,25): error TS7016: Could not find a declaration file for module 'bcryptjs'. 'C:/Users/Khell/Desktop/Ashley AI/node_modules/.pnpm/bcryptjs@2.4.3/node_modules/bcryptjs/index.js' implicitly has an 'any' type.
  Try `npm i --save-dev @types/bcryptjs` if it exists or add a new declaration (.d.ts) file containing `declare module 'bcryptjs';`
src/app/api/hr/payroll/route.ts(89,7): error TS6133: 'cutoff_type' is declared but its value is never read.
src/app/api/hr/payroll/route.ts(90,7): error TS6133: 'include_overtime' is declared but its value is never read.
src/app/api/hr/payroll/route.ts(91,7): error TS6133: 'include_leaves' is declared but its value is never read.
src/app/api/hr/payroll/route.ts(265,15): error TS18047: 'completePeriod' is possibly 'null'.
src/app/api/hr/payroll/route.ts(266,25): error TS18047: 'completePeriod' is possibly 'null'.
src/app/api/hr/payroll/route.ts(267,23): error TS18047: 'completePeriod' is possibly 'null'.
src/app/api/hr/payroll/route.ts(268,19): error TS18047: 'completePeriod' is possibly 'null'.
src/app/api/hr/payroll/route.ts(269,25): error TS18047: 'completePeriod' is possibly 'null'.
src/app/api/hr/payroll/route.ts(270,27): error TS18047: 'completePeriod' is possibly 'null'.
src/app/api/hr/payroll/route.ts(271,23): error TS18047: 'completePeriod' is possibly 'null'.
src/app/api/hr/payroll/route.ts(288,25): error TS6133: '__approval_notes' is declared but its value is never read.
src/app/api/merchandising/demand-forecast/route.ts(200,7): error TS7053: Element implicitly has an 'any' type because expression of type 'number' can't be used to index type '{ 0: number; 1: number; 2: number; 3: number; 4: number; 5: number; 6: number; 7: number; 8: number; 9: number; 10: number; 11: number; }'.
  No index signature with a parameter of type 'number' was found on type '{ 0: number; 1: number; 2: number; 3: number; 4: number; 5: number; 6: number; 7: number; 8: number; 9: number; 10: number; 11: number; }'.
src/app/api/merchandising/market-trends/route.ts(8,3): error TS6133: 'validateEnum' is declared but its value is never read.
src/app/api/merchandising/market-trends/route.ts(231,29): error TS7053: Element implicitly has an 'any' type because expression of type 'string' can't be used to index type '{ SPRING: { products: string[]; colors: string[]; materials: string[]; impact: number; }; SUMMER: { products: string[]; colors: string[]; materials: string[]; impact: number; }; FALL: { products: string[]; colors: string[]; materials: string[]; impact: number; }; WINTER: { ...; }; }'.
  No index signature with a parameter of type 'string' was found on type '{ SPRING: { products: string[]; colors: string[]; materials: string[]; impact: number; }; SUMMER: { products: string[]; colors: string[]; materials: string[]; impact: number; }; FALL: { products: string[]; colors: string[]; materials: string[]; impact: number; }; WINTER: { ...; }; }'.
src/app/api/merchandising/market-trends/route.ts(272,9): error TS7034: Variable 'trends' implicitly has type 'any[]' in some locations where its type cannot be determined.
src/app/api/merchandising/market-trends/route.ts(337,10): error TS7005: Variable 'trends' implicitly has an 'any[]' type.
src/app/api/merchandising/market-trends/route.ts(341,9): error TS7034: Variable 'trends' implicitly has type 'any[]' in some locations where its type cannot be determined.
src/app/api/merchandising/market-trends/route.ts(413,10): error TS7005: Variable 'trends' implicitly has an 'any[]' type.
src/app/api/merchandising/recommendations/route.ts(261,29): error TS6133: 'color' is declared but its value is never read.
src/app/api/merchandising/recommendations/route.ts(272,15): error TS2322: Type 'string | undefined' is not assignable to type 'string'.
  Type 'undefined' is not assignable to type 'string'.
src/app/api/merchandising/recommendations/route.ts(358,3): error TS6133: 'clientOrders' is declared but its value is never read.
src/app/api/merchandising/recommendations/route.ts(379,33): error TS7053: Element implicitly has an 'any' type because expression of type 'number' can't be used to index type '{ 0: string[]; 1: string[]; 2: string[]; 3: string[]; 4: string[]; 5: string[]; 6: string[]; 7: string[]; 8: string[]; 9: string[]; 10: string[]; 11: string[]; }'.
  No index signature with a parameter of type 'number' was found on type '{ 0: string[]; 1: string[]; 2: string[]; 3: string[]; 4: string[]; 5: string[]; 6: string[]; 7: string[]; 8: string[]; 9: string[]; 10: string[]; 11: string[]; }'.
src/app/api/mobile/qc/submit/route.ts(21,7): error TS6133: 'passed' is declared but its value is never read.
src/app/api/mobile/qc/submit/route.ts(24,7): error TS6133: 'photos' is declared but its value is never read.
src/app/api/mobile/qc/submit/route.ts(26,7): error TS6133: 'inspector_name' is declared but its value is never read.
src/app/api/mobile/scan/route.ts(12,19): error TS6133: '__format' is declared but its value is never read.
src/app/api/mobile/stats/route.ts(88,11): error TS6133: '__printPieces' is declared but its value is never read.
src/app/api/notifications/email/route.ts(101,11): error TS2561: Object literal may only specify known properties, but 'reply_to' does not exist in type 'EmailOptions'. Did you mean to write 'replyTo'?
src/app/api/orders/[id]/activity-logs/route.ts(6,1): error TS6133: 'requireAuth' is declared but its value is never read.
src/app/api/orders/[id]/activity-logs/route.ts(59,7): error TS2322: Type '{ workspace_id: string | undefined; order_id: string; event_type: string; title: string; description: string | null; performed_by: string | null; metadata: string | null; }' is not assignable to type '(Without<OrderActivityLogCreateInput, OrderActivityLogUncheckedCreateInput> & OrderActivityLogUncheckedCreateInput) | (Without<...> & OrderActivityLogCreateInput)'.
  Types of property 'workspace_id' are incompatible.
    Type 'string | undefined' is not assignable to type 'string'.
      Type 'undefined' is not assignable to type 'string'.
src/app/api/orders/[id]/color-variants/route.ts(5,1): error TS6133: 'getWorkspaceIdFromRequest' is declared but its value is never read.
src/app/api/orders/[id]/color-variants/route.ts(6,1): error TS6133: 'requireAuth' is declared but its value is never read.
src/app/api/orders/[id]/color-variants/route.ts(17,3): error TS6133: 'request' is declared but its value is never read.
src/app/api/orders/[id]/color-variants/route.ts(54,3): error TS6133: '__params' is declared but its value is never read.
src/app/api/orders/[id]/color-variants/route.ts(54,5): error TS2339: Property '__params' does not exist on type '{ params: { id: string; }; }'.
src/app/api/orders/[id]/color-variants/route.ts(104,3): error TS6133: '__params' is declared but its value is never read.
src/app/api/orders/[id]/color-variants/route.ts(104,5): error TS2339: Property '__params' does not exist on type '{ params: { id: string; }; }'.
src/app/api/orders/[id]/route.ts(2,23): error TS6133: 'NextResponse' is declared but its value is never read.
src/app/api/orders/[id]/route.ts(12,3): error TS6133: 'request' is declared but its value is never read.
src/app/api/orders/[id]/route.ts(58,48): error TS18004: No value exists in scope for the shorthand property 'orderId'. Either declare one or provide an initializer.
src/app/api/orders/[id]/route.ts(70,11): error TS6133: '___workspaceId' is declared but its value is never read.
src/app/api/orders/[id]/route.ts(102,49): error TS18004: No value exists in scope for the shorthand property 'orderId'. Either declare one or provide an initializer.
src/app/api/orders/[id]/route.ts(108,3): error TS6133: 'request' is declared but its value is never read.
src/app/api/orders/[id]/route.ts(114,11): error TS6133: '___workspaceId' is declared but its value is never read.
src/app/api/orders/[id]/route.ts(121,49): error TS18004: No value exists in scope for the shorthand property 'orderId'. Either declare one or provide an initializer.
src/app/api/packing/cartons/[id]/contents/route.ts(4,1): error TS6133: 'requireAuth' is declared but its value is never read.
src/app/api/packing/cartons/[id]/contents/route.ts(82,3): error TS6133: 'request' is declared but its value is never read.
src/app/api/packing/cartons/[id]/contents/route.ts(116,3): error TS6133: '__params' is declared but its value is never read.
src/app/api/packing/cartons/[id]/contents/route.ts(116,5): error TS2339: Property '__params' does not exist on type '{ params: { id: string; }; }'.
src/app/api/packing/cartons/route.ts(159,27): error TS2304: Cannot find name 'cartonVolume'.
src/app/api/payments/create-checkout/route.ts(112,7): error TS2554: Expected 1 arguments, but got 2.
src/app/api/performance/metrics/route.ts(30,17): error TS2538: Type 'undefined' cannot be used as an index type.
src/app/api/permissions/route.ts(14,13): error TS6133: '__roles' is declared but its value is never read.
src/app/api/permissions/route.ts(18,9): error TS18004: No value exists in scope for the shorthand property 'roles'. Either declare one or provide an initializer.
src/app/api/printing/ai/dashboard-insights/route.ts(188,12): error TS7053: Element implicitly has an 'any' type because expression of type 'any' can't be used to index type '{}'.
src/app/api/printing/ai/dashboard-insights/route.ts(189,9): error TS7053: Element implicitly has an 'any' type because expression of type 'any' can't be used to index type '{}'.
src/app/api/printing/ai/dashboard-insights/route.ts(191,7): error TS7053: Element implicitly has an 'any' type because expression of type 'any' can't be used to index type '{}'.
src/app/api/printing/ai/dashboard-insights/route.ts(197,10): error TS7006: Parameter 'sum' implicitly has an 'any' type.
src/app/api/printing/ai/dashboard-insights/route.ts(197,15): error TS7006: Parameter 'mat' implicitly has an 'any' type.
src/app/api/printing/ai/dashboard-insights/route.ts(201,10): error TS7006: Parameter 'sum' implicitly has an 'any' type.
src/app/api/printing/ai/dashboard-insights/route.ts(201,15): error TS7006: Parameter 'mat' implicitly has an 'any' type.
src/app/api/printing/ai/dashboard-insights/route.ts(351,10): error TS7053: Element implicitly has an 'any' type because expression of type 'any' can't be used to index type '{}'.
src/app/api/printing/ai/dashboard-insights/route.ts(352,7): error TS7053: Element implicitly has an 'any' type because expression of type 'any' can't be used to index type '{}'.
src/app/api/printing/ai/dashboard-insights/route.ts(360,5): error TS7053: Element implicitly has an 'any' type because expression of type 'any' can't be used to index type '{}'.
src/app/api/printing/ai/dashboard-insights/route.ts(363,7): error TS7053: Element implicitly has an 'any' type because expression of type 'any' can't be used to index type '{}'.
src/app/api/printing/ai/dashboard-insights/route.ts(371,14): error TS7053: Element implicitly has an 'any' type because expression of type 'any' can't be used to index type '{}'.
src/app/api/printing/ai/dashboard-insights/route.ts(372,11): error TS7053: Element implicitly has an 'any' type because expression of type 'any' can't be used to index type '{}'.
src/app/api/printing/ai/dashboard-insights/route.ts(374,9): error TS7053: Element implicitly has an 'any' type because expression of type 'any' can't be used to index type '{}'.
src/app/api/printing/ai/dashboard-insights/route.ts(383,28): error TS7006: Parameter 'sum' implicitly has an 'any' type.
src/app/api/printing/ai/dashboard-insights/route.ts(383,33): error TS7006: Parameter 'score' implicitly has an 'any' type.
src/app/api/printing/ai/dashboard-insights/route.ts(388,5): error TS7053: Element implicitly has an 'any' type because expression of type 'string' can't be used to index type '{}'.
  No index signature with a parameter of type 'string' was found on type '{}'.
src/app/api/printing/ai/dashboard-insights/route.ts(405,10): error TS7053: Element implicitly has an 'any' type because expression of type 'string' can't be used to index type '{ SILKSCREEN: number; SUBLIMATION: number; DTF: number; EMBROIDERY: number; }'.
  No index signature with a parameter of type 'string' was found on type '{ SILKSCREEN: number; SUBLIMATION: number; DTF: number; EMBROIDERY: number; }'.
src/app/api/printing/ai/monitor/route.ts(10,11): error TS6133: '___method' is declared but its value is never read.
src/app/api/printing/ai/monitor/route.ts(153,9): error TS6133: '___rejects' is declared but its value is never read.
src/app/api/printing/ai/monitor/route.ts(501,36): error TS6133: '__pressure' is declared but its value is never read.
src/app/api/printing/ai/monitor/route.ts(523,21): error TS6133: '__adjustments' is declared but its value is never read.
src/app/api/printing/ai/monitor/route.ts(538,24): error TS6133: '__defects' is declared but its value is never read.
src/app/api/printing/ai/optimize/route.ts(122,5): error TS6133: 'rush_order' is declared but its value is never read.
src/app/api/printing/ai/optimize/route.ts(188,17): error TS7053: Element implicitly has an 'any' type because expression of type 'string' can't be used to index type '{ SILKSCREEN: { min: number; optimal: number; max: number; }; SUBLIMATION: { min: number; optimal: number; max: number; }; DTF: { min: number; optimal: number; max: number; }; EMBROIDERY: { min: number; optimal: number; max: number; }; }'.
  No index signature with a parameter of type 'string' was found on type '{ SILKSCREEN: { min: number; optimal: number; max: number; }; SUBLIMATION: { min: number; optimal: number; max: number; }; DTF: { min: number; optimal: number; max: number; }; EMBROIDERY: { min: number; optimal: number; max: number; }; }'.
src/app/api/printing/ai/optimize/route.ts(207,9): error TS6133: '___methodFactors' is declared but its value is never read.
src/app/api/printing/ai/optimize/route.ts(396,21): error TS7053: Element implicitly has an 'any' type because expression of type 'string' can't be used to index type '{ SILKSCREEN: number; SUBLIMATION: number; DTF: number; EMBROIDERY: number; }'.
  No index signature with a parameter of type 'string' was found on type '{ SILKSCREEN: number; SUBLIMATION: number; DTF: number; EMBROIDERY: number; }'.
src/app/api/printing/ai/optimize/route.ts(406,3): error TS6133: 'materials' is declared but its value is never read.
src/app/api/printing/ai/optimize/route.ts(416,21): error TS7053: Element implicitly has an 'any' type because expression of type 'string' can't be used to index type '{ SILKSCREEN: number; SUBLIMATION: number; DTF: number; EMBROIDERY: number; }'.
  No index signature with a parameter of type 'string' was found on type '{ SILKSCREEN: number; SUBLIMATION: number; DTF: number; EMBROIDERY: number; }'.
src/app/api/printing/runs/[id]/complete/route.ts(4,1): error TS6133: 'requireAuth' is declared but its value is never read.
src/app/api/printing/runs/[id]/pause/route.ts(4,1): error TS6133: 'requireAuth' is declared but its value is never read.
src/app/api/printing/runs/[id]/route.ts(7,3): error TS6133: 'request' is declared but its value is never read.
src/app/api/printing/runs/[id]/route.ts(8,3): error TS6133: 'user' is declared but its value is never read.
src/app/api/printing/runs/[id]/route.ts(107,3): error TS6133: 'user' is declared but its value is never read.
src/app/api/printing/runs/[id]/start/route.ts(4,1): error TS6133: 'requireAuth' is declared but its value is never read.
src/app/api/printing/runs/[id]/start/route.ts(7,3): error TS6133: 'request' is declared but its value is never read.
src/app/api/printing/runs/[id]/start/route.ts(230,7): error TS2322: Type '{ entity: string; entity_id: string; stage: string; analysis_type: string; risk: string; confidence: number; issues: string; recommendations: string; metadata: string; result: string; created_by: string; }' is not assignable to type '(Without<AIAnalysisCreateInput, AIAnalysisUncheckedCreateInput> & AIAnalysisUncheckedCreateInput) | (Without<...> & AIAnalysisCreateInput)'.
  Type '{ entity: string; entity_id: string; stage: string; analysis_type: string; risk: string; confidence: number; issues: string; recommendations: string; metadata: string; result: string; created_by: string; }' is not assignable to type 'Without<AIAnalysisCreateInput, AIAnalysisUncheckedCreateInput> & AIAnalysisUncheckedCreateInput'.
    Property 'workspace_id' is missing in type '{ entity: string; entity_id: string; stage: string; analysis_type: string; risk: string; confidence: number; issues: string; recommendations: string; metadata: string; result: string; created_by: string; }' but required in type 'AIAnalysisUncheckedCreateInput'.
src/app/api/printing/runs/route.ts(125,7): error TS6133: 'priority' is declared but its value is never read.
src/app/api/printing/runs/route.ts(126,7): error TS6133: 'notes' is declared but its value is never read.
src/app/api/printing/runs/route.ts(151,7): error TS2322: Type '{ order_id: any; routing_step_id: any; machine_id: any; method: any; workcenter: string; status: string; created_by: string; outputs: { create: { qty_good: number; qty_reject: number; notes: string; }; }; }' is not assignable to type '(Without<PrintRunCreateInput, PrintRunUncheckedCreateInput> & PrintRunUncheckedCreateInput) | (Without<...> & PrintRunCreateInput)'.
  Type '{ order_id: any; routing_step_id: any; machine_id: any; method: any; workcenter: string; status: string; created_by: string; outputs: { create: { qty_good: number; qty_reject: number; notes: string; }; }; }' is not assignable to type 'Without<PrintRunUncheckedCreateInput, PrintRunCreateInput> & PrintRunCreateInput'.
    Type '{ order_id: any; routing_step_id: any; machine_id: any; method: any; workcenter: string; status: string; created_by: string; outputs: { create: { qty_good: number; qty_reject: number; notes: string; }; }; }' is missing the following properties from type 'PrintRunCreateInput': workspace_id, order
src/app/api/quality-control/ashley-analysis/route.ts(113,9): error TS7034: Variable 'timeSeriesData' implicitly has type 'any[]' in some locations where its type cannot be determined.
src/app/api/quality-control/ashley-analysis/route.ts(121,12): error TS7053: Element implicitly has an 'any' type because expression of type 'string' can't be used to index type '{}'.
  No index signature with a parameter of type 'string' was found on type '{}'.
src/app/api/quality-control/ashley-analysis/route.ts(122,9): error TS7053: Element implicitly has an 'any' type because expression of type 'string' can't be used to index type '{}'.
  No index signature with a parameter of type 'string' was found on type '{}'.
src/app/api/quality-control/ashley-analysis/route.ts(124,7): error TS7053: Element implicitly has an 'any' type because expression of type 'string' can't be used to index type '{}'.
  No index signature with a parameter of type 'string' was found on type '{}'.
src/app/api/quality-control/ashley-analysis/route.ts(147,5): error TS7005: Variable 'timeSeriesData' implicitly has an 'any[]' type.
src/app/api/quality-control/ashley-analysis/route.ts(164,18): error TS7005: Variable 'timeSeriesData' implicitly has an 'any[]' type.
src/app/api/quality-control/ashley-analysis/route.ts(175,30): error TS7006: Parameter 'defect' implicitly has an 'any' type.
src/app/api/quality-control/ashley-analysis/route.ts(177,10): error TS7053: Element implicitly has an 'any' type because expression of type 'any' can't be used to index type '{}'.
src/app/api/quality-control/ashley-analysis/route.ts(178,7): error TS7053: Element implicitly has an 'any' type because expression of type 'any' can't be used to index type '{}'.
src/app/api/quality-control/ashley-analysis/route.ts(185,5): error TS7053: Element implicitly has an 'any' type because expression of type 'any' can't be used to index type '{}'.
src/app/api/quality-control/ashley-analysis/route.ts(186,5): error TS7053: Element implicitly has an 'any' type because expression of type 'any' can't be used to index type '{}'.
src/app/api/quality-control/ashley-analysis/route.ts(191,12): error TS7053: Element implicitly has an 'any' type because expression of type 'any' can't be used to index type '{}'.
src/app/api/quality-control/ashley-analysis/route.ts(192,9): error TS7053: Element implicitly has an 'any' type because expression of type 'any' can't be used to index type '{}'.
src/app/api/quality-control/ashley-analysis/route.ts(194,7): error TS7053: Element implicitly has an 'any' type because expression of type 'any' can't be used to index type '{}'.
src/app/api/quality-control/ashley-analysis/route.ts(203,9): error TS7034: Variable 'preventiveActions' implicitly has type 'any[]' in some locations where its type cannot be determined.
src/app/api/quality-control/ashley-analysis/route.ts(256,27): error TS7005: Variable 'preventiveActions' implicitly has an 'any[]' type.
src/app/api/quality-control/ashley-analysis/route.ts(450,3): error TS6133: 'defectTrends' is declared but its value is never read.
src/app/api/quality-control/ashley-analysis/route.ts(468,3): error TS6133: 'riskFactors' is declared but its value is never read.
src/app/api/quality-control/ashley-analysis/route.ts(485,3): error TS6133: 'currentRate' is declared but its value is never read.
src/app/api/quality-control/ashley-analysis/route.ts(486,3): error TS6133: 'controlLimits' is declared but its value is never read.
src/app/api/quality-control/ashley-analysis/route.ts(501,3): error TS6133: 'rootCause' is declared but its value is never read.
src/app/api/quality-control/inspections/[id]/close/route.ts(4,1): error TS6133: 'requireAuth' is declared but its value is never read.
src/app/api/quality-control/inspections/[id]/defect/route.ts(4,1): error TS6133: 'requireAuth' is declared but its value is never read.
src/app/api/quality-control/inspections/[id]/route.ts(7,3): error TS6133: 'request' is declared but its value is never read.
src/app/api/quality-control/inspections/[id]/route.ts(8,3): error TS6133: 'user' is declared but its value is never read.
src/app/api/quality-control/inspections/[id]/route.ts(58,3): error TS6133: 'user' is declared but its value is never read.
src/app/api/quality-control/inspections/[id]/sample/route.ts(4,1): error TS6133: 'requireAuth' is declared but its value is never read.
src/app/api/reports/execute/route.ts(177,3): error TS6133: 'config' is declared but its value is never read.
src/app/api/reports/execute/route.ts(216,3): error TS6133: 'config' is declared but its value is never read.
src/app/api/reports/execute/route.ts(217,3): error TS6133: 'filters' is declared but its value is never read.
src/app/api/reports/execute/route.ts(230,7): error TS2353: Object literal may only specify known properties, and 'line_item' does not exist in type 'BundleInclude<DefaultArgs>'.
src/app/api/reports/execute/route.ts(243,3): error TS6133: 'config' is declared but its value is never read.
src/app/api/reports/execute/route.ts(244,3): error TS6133: 'filters' is declared but its value is never read.
src/app/api/reports/execute/route.ts(254,7): error TS2353: Object literal may only specify known properties, and 'line_items' does not exist in type 'InvoiceInclude<DefaultArgs>'.
src/app/api/reports/execute/route.ts(268,3): error TS6133: 'config' is declared but its value is never read.
src/app/api/reports/execute/route.ts(269,3): error TS6133: 'filters' is declared but its value is never read.
src/app/api/reports/execute/route.ts(297,3): error TS6133: 'config' is declared but its value is never read.
src/app/api/reports/execute/route.ts(298,3): error TS6133: 'filters' is declared but its value is never read.
src/app/api/reports/execute/route.ts(316,3): error TS6133: 'config' is declared but its value is never read.
src/app/api/reports/execute/route.ts(317,3): error TS6133: 'filters' is declared but its value is never read.
src/app/api/seed/route.ts(4,25): error TS7016: Could not find a declaration file for module 'bcryptjs'. 'C:/Users/Khell/Desktop/Ashley AI/node_modules/.pnpm/bcryptjs@2.4.3/node_modules/bcryptjs/index.js' implicitly has an 'any' type.
  Try `npm i --save-dev @types/bcryptjs` if it exists or add a new declaration (.d.ts) file containing `declare module 'bcryptjs';`
src/app/api/sessions/route.ts(18,13): error TS6133: '__stats' is declared but its value is never read.
src/app/api/sessions/route.ts(22,15): error TS2552: Cannot find name 'stats'. Did you mean 'status'?
src/app/api/sessions/route.ts(52,13): error TS6133: '__count' is declared but its value is never read.
src/app/api/sessions/route.ts(57,29): error TS2304: Cannot find name 'count'.
src/app/api/sessions/route.ts(58,31): error TS2304: Cannot find name 'count'.
src/app/api/settings/appearance/route.ts(34,11): error TS6133: '___body' is declared but its value is never read.
src/app/api/settings/audit-logs/export/route.ts(10,11): error TS6133: '___body' is declared but its value is never read.
src/app/api/settings/notifications/route.ts(37,11): error TS6133: '___body' is declared but its value is never read.
src/app/api/settings/password/route.ts(5,20): error TS7016: Could not find a declaration file for module 'bcrypt'. 'C:/Users/Khell/Desktop/Ashley AI/node_modules/.pnpm/bcrypt@6.0.0/node_modules/bcrypt/bcrypt.js' implicitly has an 'any' type.
  Try `npm i --save-dev @types/bcrypt` if it exists or add a new declaration (.d.ts) file containing `declare module 'bcrypt';`
src/app/api/settings/sessions/[id]/route.ts(9,3): error TS6133: 'request' is declared but its value is never read.
src/app/api/settings/sessions/[id]/route.ts(10,3): error TS6133: 'authUser' is declared but its value is never read.
src/app/api/settings/sessions/[id]/route.ts(14,11): error TS6133: '___sessionId' is declared but its value is never read.
src/app/api/settings/workspace/logo/route.ts(52,9): error TS2353: Object literal may only specify known properties, and 'logo_url' does not exist in type '(Without<WorkspaceUpdateInput, WorkspaceUncheckedUpdateInput> & WorkspaceUncheckedUpdateInput) | (Without<...> & WorkspaceUpdateInput)'.
src/app/api/settings/workspace/logo/route.ts(74,9): error TS2353: Object literal may only specify known properties, and 'logo_url' does not exist in type '(Without<WorkspaceUpdateInput, WorkspaceUncheckedUpdateInput> & WorkspaceUncheckedUpdateInput) | (Without<...> & WorkspaceUpdateInput)'.
src/app/api/settings/workspace/route.ts(18,9): error TS2353: Object literal may only specify known properties, and 'description' does not exist in type 'WorkspaceSelect<DefaultArgs>'.
src/app/api/setup/route.ts(4,25): error TS7016: Could not find a declaration file for module 'bcryptjs'. 'C:/Users/Khell/Desktop/Ashley AI/node_modules/.pnpm/bcryptjs@2.4.3/node_modules/bcryptjs/index.js' implicitly has an 'any' type.
  Try `npm i --save-dev @types/bcryptjs` if it exists or add a new declaration (.d.ts) file containing `declare module 'bcryptjs';`
src/app/api/setup/route.ts(5,1): error TS6133: 'requireAuth' is declared but its value is never read.
src/app/api/sewing/operations/route.ts(3,1): error TS6133: 'prisma' is declared but its value is never read.
src/app/api/sewing/operations/route.ts(11,11): error TS6133: '___where' is declared but its value is never read.
src/app/api/sewing/runs/route.ts(67,24): error TS6133: 'total' is declared but its value is never read.
src/app/api/swagger/route.ts(3,1): error TS6133: 'requireAuth' is declared but its value is never read.
src/app/api/tenants/route.ts(54,9): error TS2783: 'success' is specified more than once, so this usage will be overwritten.
src/app/automation/page.tsx(9,3): error TS6133: 'Play' is declared but its value is never read.
src/app/automation/page.tsx(10,3): error TS6133: 'Pause' is declared but its value is never read.
src/app/automation/page.tsx(13,3): error TS6133: 'Settings' is declared but its value is never read.
src/app/automation/page.tsx(18,3): error TS6133: 'XCircle' is declared but its value is never read.
src/app/automation/page.tsx(20,3): error TS6133: 'Users' is declared but its value is never read.
src/app/automation/page.tsx(25,11): error TS6196: 'AutomationStats' is declared but never used.
src/app/automation/page.tsx(76,5): error TS6133: 'error' is declared but its value is never read.
src/app/automation/page.tsx(363,46): error TS7006: Parameter 'activity' implicitly has an 'any' type.
src/app/automation/page.tsx(363,56): error TS7006: Parameter 'index' implicitly has an 'any' type.
src/app/capa/page.tsx(13,3): error TS6133: 'Users' is declared but its value is never read.
src/app/capa/page.tsx(16,3): error TS6133: 'Filter' is declared but its value is never read.
src/app/clients/[id]/brands/page.tsx(15,3): error TS6133: 'Image' is declared but its value is never read.
src/app/clients/[id]/brands/page.tsx(61,9): error TS6133: '___router' is declared but its value is never read.
src/app/clients/[id]/brands/page.tsx(539,45): error TS2345: Argument of type 'string | undefined' is not assignable to parameter of type 'string | null'.
  Type 'undefined' is not assignable to type 'string | null'.
src/app/clients/[id]/edit/page.tsx(218,13): error TS6133: '___existingBrandIds' is declared but its value is never read.
src/app/clients/page.tsx(13,3): error TS6133: 'Plus' is declared but its value is never read.
src/app/clients/page.tsx(34,11): error TS6196: 'Client' is declared but never used.
src/app/clients/page.tsx(99,9): error TS6133: '___formatCurrency' is declared but its value is never read.
src/app/clients/page.tsx(191,26): error TS7006: Parameter 'client' implicitly has an 'any' type.
src/app/cutting/[layId]/bundles/page.tsx(15,1): error TS6133: 'Separator' is declared but its value is never read.
src/app/cutting/[layId]/bundles/page.tsx(67,9): error TS6133: '___router' is declared but its value is never read.
src/app/cutting/[layId]/bundles/page.tsx(138,5): error TS2322: Type '{ size_code?: string | undefined; total_pieces?: number | undefined; pieces_per_bundle?: number | undefined; bundles_count?: number | undefined; qr_codes?: string[] | undefined; }' is not assignable to type 'BundleCreate'.
  Types of property 'size_code' are incompatible.
    Type 'string | undefined' is not assignable to type 'string'.
      Type 'undefined' is not assignable to type 'string'.
src/app/cutting/[layId]/bundles/page.tsx(179,21): error TS2345: Argument of type '{ qr_codes: { bundle_number: number; qr_code: string; pieces: number; }[]; size_code: string; total_pieces: number; pieces_per_bundle: number; bundles_count: number; }[]' is not assignable to parameter of type 'SetStateAction<BundleCreate[]>'.
  Type '{ qr_codes: { bundle_number: number; qr_code: string; pieces: number; }[]; size_code: string; total_pieces: number; pieces_per_bundle: number; bundles_count: number; }[]' is not assignable to type 'BundleCreate[]'.
    Type '{ qr_codes: { bundle_number: number; qr_code: string; pieces: number; }[]; size_code: string; total_pieces: number; pieces_per_bundle: number; bundles_count: number; }' is not assignable to type 'BundleCreate'.
      Types of property 'qr_codes' are incompatible.
        Type '{ bundle_number: number; qr_code: string; pieces: number; }[]' is not assignable to type 'string[]'.
          Type '{ bundle_number: number; qr_code: string; pieces: number; }' is not assignable to type 'string'.
src/app/cutting/create-lay/page.tsx(22,1): error TS6133: 'Separator' is declared but its value is never read.
src/app/cutting/create-lay/page.tsx(167,70): error TS6133: 'qty' is declared but its value is never read.
src/app/cutting/create-lay/page.tsx(184,5): error TS2322: Type '{ size_code?: string | undefined; qty?: number | undefined; }' is not assignable to type 'SizeOutput'.
  Types of property 'size_code' are incompatible.
    Type 'string | undefined' is not assignable to type 'string'.
      Type 'undefined' is not assignable to type 'string'.
src/app/cutting/create-lay/page.tsx(251,15): error TS6133: '___result' is declared but its value is never read.
src/app/cutting/issue-fabric/page.tsx(221,15): error TS6133: '___result' is declared but its value is never read.
src/app/cutting/page.tsx(13,1): error TS6133: 'Input' is declared but its value is never read.
src/app/cutting/page.tsx(33,3): error TS6133: 'Trash2' is declared but its value is never read.
src/app/cutting/page.tsx(38,11): error TS6196: 'CutLay' is declared but never used.
src/app/cutting/page.tsx(67,11): error TS6196: 'Bundle' is declared but never used.
src/app/cutting/page.tsx(94,18): error TS6133: 'setSearch' is declared but its value is never read.
src/app/cutting/page.tsx(95,23): error TS6133: 'setCurrentPage' is declared but its value is never read.
src/app/cutting/page.tsx(282,34): error TS7006: Parameter 'sum' implicitly has an 'any' type.
src/app/cutting/page.tsx(282,39): error TS7006: Parameter 'lay' implicitly has an 'any' type.
src/app/cutting/page.tsx(305,41): error TS7006: Parameter 'b' implicitly has an 'any' type.
src/app/cutting/page.tsx(410,38): error TS7006: Parameter 'lay' implicitly has an 'any' type.
src/app/cutting/page.tsx(413,32): error TS7006: Parameter 'sum' implicitly has an 'any' type.
src/app/cutting/page.tsx(413,37): error TS7006: Parameter 'output' implicitly has an 'any' type.
src/app/cutting/page.tsx(546,38): error TS7006: Parameter 'bundle' implicitly has an 'any' type.
src/app/cutting/scan-bundle/page.tsx(15,3): error TS6133: 'Calendar' is declared but its value is never read.
src/app/cutting/scan-bundle/page.tsx(16,3): error TS6133: 'Hash' is declared but its value is never read.
src/app/delivery/page.tsx(22,3): error TS6133: 'Filter' is declared but its value is never read.
src/app/delivery/page.tsx(163,9): error TS6133: '___isLoading' is declared but its value is never read.
src/app/delivery/tracking/[id]/page.tsx(16,3): error TS6133: 'Camera' is declared but its value is never read.
src/app/designs/[id]/approval/page.tsx(33,3): error TS6133: 'Image' is declared but its value is never read.
src/app/designs/[id]/approval/page.tsx(35,3): error TS6133: 'Palette' is declared but its value is never read.
src/app/designs/[id]/approval/page.tsx(38,3): error TS6133: 'Mail' is declared but its value is never read.
src/app/designs/[id]/approval/page.tsx(39,3): error TS6133: 'Calendar' is declared but its value is never read.
src/app/designs/[id]/approval/page.tsx(190,10): error TS6133: 'approvalHistory' is declared but its value is never read.
src/app/designs/[id]/page.tsx(7,3): error TS6133: 'CardDescription' is declared but its value is never read.
src/app/designs/[id]/page.tsx(24,3): error TS6133: 'MessageCircle' is declared but its value is never read.
src/app/designs/[id]/page.tsx(27,3): error TS6133: 'Clock' is declared but its value is never read.
src/app/designs/[id]/versions/new/page.tsx(12,1): error TS6133: 'Input' is declared but its value is never read.
src/app/designs/[id]/versions/new/page.tsx(19,3): error TS6133: 'Save' is declared but its value is never read.
src/app/designs/[id]/versions/page.tsx(7,3): error TS6133: 'CardDescription' is declared but its value is never read.
src/app/designs/[id]/versions/page.tsx(17,3): error TS6133: 'Download' is declared but its value is never read.
src/app/designs/[id]/versions/page.tsx(19,3): error TS6133: 'CheckCircle' is declared but its value is never read.
src/app/designs/[id]/versions/page.tsx(20,3): error TS6133: 'AlertCircle' is declared but its value is never read.
src/app/designs/[id]/versions/page.tsx(21,3): error TS6133: 'Clock' is declared but its value is never read.
src/app/designs/[id]/versions/page.tsx(24,3): error TS6133: 'Lock' is declared but its value is never read.
src/app/designs/new/page.tsx(22,1): error TS6133: 'Badge' is declared but its value is never read.
src/app/designs/new/page.tsx(23,1): error TS6133: 'Separator' is declared but its value is never read.
src/app/designs/new/page.tsx(97,10): error TS6133: 'loading' is declared but its value is never read.
src/app/designs/page.tsx(12,3): error TS6133: 'CardDescription' is declared but its value is never read.
src/app/designs/page.tsx(13,3): error TS6133: 'CardHeader' is declared but its value is never read.
src/app/designs/page.tsx(14,3): error TS6133: 'CardTitle' is declared but its value is never read.
src/app/designs/page.tsx(22,3): error TS6133: 'Plus' is declared but its value is never read.
src/app/designs/page.tsx(35,11): error TS6196: 'DesignAsset' is declared but never used.
src/app/designs/page.tsx(302,36): error TS7006: Parameter 'design' implicitly has an 'any' type.
src/app/designs/upload/page.tsx(22,1): error TS6133: 'Badge' is declared but its value is never read.
src/app/designs/upload/page.tsx(23,1): error TS6133: 'Separator' is declared but its value is never read.
src/app/designs/upload/page.tsx(24,37): error TS6133: 'AlertCircle' is declared but its value is never read.
src/app/designs/upload/page.tsx(55,10): error TS6133: 'loading' is declared but its value is never read.
src/app/designs/upload/page.tsx(55,19): error TS6133: 'setLoading' is declared but its value is never read.
src/app/employee/dashboard/page.tsx(54,5): error TS6133: 'employeeId' is declared but its value is never read.
src/app/employee/dashboard/page.tsx(70,11): error TS6133: '___baseTasks' is declared but its value is never read.
src/app/employee/page.tsx(21,1): error TS6133: 'ErrorAlert' is declared but its value is never read.
src/app/employee/page.tsx(36,3): error TS6133: 'DollarSign' is declared but its value is never read.
src/app/employee/page.tsx(80,41): error TS2769: No overload matches this call.
  Overload 1 of 2, '(data: string): string', gave the following error.
    Argument of type 'string | undefined' is not assignable to parameter of type 'string'.
      Type 'undefined' is not assignable to type 'string'.
  Overload 2 of 2, '(data: string): string', gave the following error.
    Argument of type 'string | undefined' is not assignable to parameter of type 'string'.
      Type 'undefined' is not assignable to type 'string'.
src/app/employee/page.tsx(100,39): error TS6133: 'statsLoading' is declared but its value is never read.
src/app/finance/page.tsx(5,1): error TS6133: 'useQuery' is declared but its value is never read.
src/app/finance/page.tsx(6,1): error TS6192: All imports in import declaration are unused.
src/app/finance/page.tsx(8,1): error TS6133: 'Badge' is declared but its value is never read.
src/app/finance/page.tsx(9,1): error TS6133: 'Button' is declared but its value is never read.
src/app/finance/page.tsx(10,1): error TS6192: All imports in import declaration are unused.
src/app/finance/page.tsx(11,1): error TS6133: 'Skeleton' is declared but its value is never read.
src/app/finance/page.tsx(12,1): error TS6133: 'DataTableSkeleton' is declared but its value is never read.
src/app/finance/page.tsx(13,1): error TS6133: 'EmptyState' is declared but its value is never read.
src/app/finance/page.tsx(14,1): error TS6133: 'ErrorAlert' is declared but its value is never read.
src/app/finance/page.tsx(16,1): error TS6133: 'exportInvoices' is declared but its value is never read.
src/app/finance/page.tsx(17,1): error TS6192: All imports in import declaration are unused.
src/app/finance/page.tsx(18,33): error TS6196: 'FinanceMetrics' is declared but never used.
src/app/finance/page.tsx(19,13): error TS6196: 'Invoice' is declared but never used.
src/app/finance/page.tsx(20,13): error TS6196: 'Bill' is declared but never used.
src/app/finance/page.tsx(21,49): error TS6133: '___router' is declared but its value is never read.
src/app/finance/page.tsx(21,81): error TS6133: 'statusFilter' is declared but its value is never read.
src/app/finance/page.tsx(21,95): error TS6133: 'setStatusFilter' is declared but its value is never read.
src/app/finishing-packing/carton-builder/page.tsx(11,3): error TS6133: 'AlertTriangle' is declared but its value is never read.
src/app/finishing-packing/carton-builder/page.tsx(12,3): error TS6133: 'CheckCircle' is declared but its value is never read.
src/app/finishing-packing/carton-builder/page.tsx(14,3): error TS6133: 'Scale' is declared but its value is never read.
src/app/finishing-packing/carton-builder/page.tsx(15,3): error TS6133: 'Maximize' is declared but its value is never read.
src/app/finishing-packing/carton-builder/page.tsx(17,3): error TS6133: 'Calculator' is declared but its value is never read.
src/app/finishing-packing/carton-builder/page.tsx(23,1): error TS6133: 'Badge' is declared but its value is never read.
src/app/finishing-packing/page.tsx(18,3): error TS6133: 'Filter' is declared but its value is never read.
src/app/finishing-packing/page.tsx(22,3): error TS6133: 'Tags' is declared but its value is never read.
src/app/finishing-packing/page.tsx(69,11): error TS6196: 'FinishingStats' is declared but never used.
src/app/finishing-packing/page.tsx(152,9): error TS6133: '___isLoading' is declared but its value is never read.
src/app/finishing-packing/page.tsx(193,5): error TS7006: Parameter 'run' implicitly has an 'any' type.
src/app/finishing-packing/page.tsx(205,5): error TS7006: Parameter 'carton' implicitly has an 'any' type.
src/app/government/page.tsx(14,1): error TS6192: All imports in import declaration are unused.
src/app/government/page.tsx(27,3): error TS6133: 'Users' is declared but its value is never read.
src/app/hr-payroll/page.tsx(1195,34): error TS6133: 'url' is declared but its value is never read.
src/app/inventory/page.tsx(13,3): error TS6133: 'Download' is declared but its value is never read.
src/app/inventory/page.tsx(14,3): error TS6133: 'Upload' is declared but its value is never read.
src/app/inventory/page.tsx(232,21): error TS6133: '___stockPercent' is declared but its value is never read.
src/app/layout.tsx(13,7): error TS6133: '___ChatWidget' is declared but its value is never read.
src/app/maintenance/page.tsx(23,3): error TS6133: 'CheckCircle' is declared but its value is never read.
src/app/maintenance/page.tsx(24,3): error TS6133: 'Clock' is declared but its value is never read.
src/app/maintenance/page.tsx(25,3): error TS6133: 'Calendar' is declared but its value is never read.
src/app/maintenance/page.tsx(27,3): error TS6133: 'TrendingUp' is declared but its value is never read.
src/app/maintenance/page.tsx(32,3): error TS6133: 'Trash2' is declared but its value is never read.
src/app/maintenance/page.tsx(33,3): error TS6133: 'Users' is declared but its value is never read.
src/app/maintenance/page.tsx(34,3): error TS6133: 'Activity' is declared but its value is never read.
src/app/maintenance/page.tsx(35,3): error TS6133: 'BarChart3' is declared but its value is never read.
src/app/maintenance/page.tsx(39,11): error TS6196: 'MaintenanceStats' is declared but never used.
src/app/maintenance/page.tsx(95,11): error TS6196: 'Asset' is declared but never used.
src/app/maintenance/page.tsx(114,11): error TS6196: 'WorkOrder' is declared but never used.
src/app/maintenance/page.tsx(139,11): error TS6196: 'MaintenanceSchedule' is declared but never used.
src/app/maintenance/page.tsx(166,9): error TS6133: '___router' is declared but its value is never read.
src/app/maintenance/page.tsx(248,9): error TS6133: '___loading' is declared but its value is never read.
src/app/maintenance/page.tsx(318,9): error TS6133: '___formatDateTime' is declared but its value is never read.
src/app/maintenance/page.tsx(535,30): error TS7006: Parameter 'maintenance' implicitly has an 'any' type.
src/app/maintenance/page.tsx(579,59): error TS7006: Parameter 'activity' implicitly has an 'any' type.
src/app/maintenance/page.tsx(647,54): error TS7006: Parameter 'asset' implicitly has an 'any' type.
src/app/maintenance/page.tsx(750,58): error TS7006: Parameter 'wo' implicitly has an 'any' type.
src/app/maintenance/page.tsx(853,57): error TS7006: Parameter 'schedule' implicitly has an 'any' type.
src/app/merchandising/page.tsx(25,3): error TS6133: 'PieChart' is declared but its value is never read.
src/app/mobile/dashboard/page.tsx(8,3): error TS6133: 'TrendingUp' is declared but its value is never read.
src/app/mobile/dashboard/page.tsx(12,3): error TS6133: 'LogOut' is declared but its value is never read.
src/app/mobile/qc/page.tsx(9,3): error TS6133: 'Upload' is declared but its value is never read.
src/app/orders/page.tsx(28,11): error TS6196: 'Order' is declared but never used.
src/app/orders/page.tsx(227,25): error TS7006: Parameter 'order' implicitly has an 'any' type.
src/app/printing/machines/page.tsx(22,1): error TS6133: 'Textarea' is declared but its value is never read.
src/app/printing/machines/page.tsx(42,3): error TS6133: 'Trash2' is declared but its value is never read.
src/app/printing/machines/page.tsx(94,10): error TS6133: 'editingMachine' is declared but its value is never read.
src/app/printing/machines/page.tsx(94,26): error TS6133: 'setEditingMachine' is declared but its value is never read.
src/app/printing/page.tsx(15,1): error TS6133: 'Input' is declared but its value is never read.
src/app/printing/page.tsx(35,3): error TS6133: 'Brain' is declared but its value is never read.
src/app/printing/page.tsx(186,9): error TS6133: '___isLoading' is declared but its value is never read.
src/app/printing/page.tsx(259,9): error TS6133: '___StatCardSkeleton' is declared but its value is never read.
src/app/printing/page.tsx(271,9): error TS6133: '___PrintRunCardSkeleton' is declared but its value is never read.
src/app/printing/runs/[id]/page.tsx(32,3): error TS6133: 'Save' is declared but its value is never read.
src/app/printing/runs/[id]/page.tsx(214,9): error TS6133: '___addMaterial' is declared but its value is never read.
src/app/printing/runs/[id]/page.tsx(246,5): error TS2322: Type '{ reason_code?: string | undefined; qty?: number | undefined; photo_url?: string; cost_attribution?: string | undefined; }' is not assignable to type '{ reason_code: string; qty: number; photo_url?: string | undefined; cost_attribution: string; }'.
  Types of property 'reason_code' are incompatible.
    Type 'string | undefined' is not assignable to type 'string'.
      Type 'undefined' is not assignable to type 'string'.
src/app/printing/runs/[id]/page.tsx(584,13): error TS2322: Type 'Dispatch<SetStateAction<MaterialConsumption[]>>' is not assignable to type '(materials: MaterialConsumption[]) => void'.
  Types of parameters 'value' and 'materials' are incompatible.
    Type 'MaterialConsumption[]' is not assignable to type 'SetStateAction<MaterialConsumption[]>'.
      Type 'MaterialConsumption[]' is not assignable to type 'MaterialConsumption[]'. Two different types with this name exist, but they are unrelated.
        Type 'MaterialConsumption' is missing the following properties from type 'MaterialConsumption': item_id, item_name, uom, qty
src/app/printing/runs/[id]/page.tsx(701,3): error TS6133: 'data' is declared but its value is never read.
src/app/profile/security/page.tsx(17,3): error TS6133: 'Eye' is declared but its value is never read.
src/app/profile/security/page.tsx(18,3): error TS6133: 'EyeOff' is declared but its value is never read.
src/app/quality-control/analytics/page.tsx(11,3): error TS6133: 'Calendar' is declared but its value is never read.
src/app/quality-control/analytics/page.tsx(12,3): error TS6133: 'Filter' is declared but its value is never read.
src/app/quality-control/analytics/page.tsx(124,9): error TS2322: Type 'string | undefined' is not assignable to type 'string'.
  Type 'undefined' is not assignable to type 'string'.
src/app/quality-control/capa/page.tsx(12,3): error TS6133: 'Filter' is declared but its value is never read.
src/app/quality-control/new/page.tsx(10,3): error TS6133: 'Camera' is declared but its value is never read.
src/app/quality-control/new/page.tsx(12,3): error TS6133: 'Send' is declared but its value is never read.
src/app/quality-control/new/page.tsx(147,7): error TS2353: Object literal may only specify known properties, and 'sampleSize' does not exist in type '{ sample_size: number; acceptance: number; rejection: number; result: "ACCEPT" | "REJECT" | "PENDING_REVIEW"; } | ((prevState: { sample_size: number; acceptance: number; rejection: number; result: "ACCEPT" | ... 1 more ... | "PENDING_REVIEW"; } | null) => { ...; } | null)'.
src/app/quality-control/new/page.tsx(166,9): error TS6133: '___addDefectToSample' is declared but its value is never read.
src/app/quality-control/page.tsx(7,3): error TS6133: 'Users' is declared but its value is never read.
src/app/quality-control/page.tsx(17,3): error TS6133: 'Filter' is declared but its value is never read.
src/app/quality-control/page.tsx(144,9): error TS6133: '___isLoading' is declared but its value is never read.
src/app/quality-control/page.tsx(161,9): error TS7023: 'getStatusBadge' implicitly has return type 'any' because it does not have a return type annotation and is referenced directly or indirectly in one of its return expressions.
src/app/register/page.tsx(3,20): error TS6133: 'useEffect' is declared but its value is never read.
src/app/settings/account/page.tsx(10,3): error TS6133: 'Camera' is declared but its value is never read.
src/app/settings/appearance/page.tsx(16,10): error TS6133: 'theme' is declared but its value is never read.
src/app/settings/audit-logs/page.tsx(148,9): error TS6133: '___getCategoryIcon' is declared but its value is never read.
src/app/settings/notifications/page.tsx(6,1): error TS6133: 'Label' is declared but its value is never read.
src/app/settings/workspace/page.tsx(3,65): error TS6133: 'Mail' is declared but its value is never read.
src/app/sewing/operations/page.tsx(15,1): error TS6133: 'Textarea' is declared but its value is never read.
src/app/sewing/operations/page.tsx(30,3): error TS6133: 'DialogTrigger' is declared but its value is never read.
src/app/sewing/operations/page.tsx(41,3): error TS6133: 'ArrowRight' is declared but its value is never read.
src/app/sewing/operations/page.tsx(42,3): error TS6133: 'CheckCircle' is declared but its value is never read.
src/app/sewing/operations/page.tsx(43,3): error TS6133: 'AlertCircle' is declared but its value is never read.
src/app/sewing/operations/page.tsx(352,23): error TS2345: Argument of type '(prev: SewingOperation[]) => (SewingOperation | { updated_at: string; standard_minutes: number; piece_rate: number | null; product_type: string; name: string; depends_on: string[]; id: string; created_at: string; })[]' is not assignable to parameter of type 'SetStateAction<SewingOperation[]>'.
  Type '(prev: SewingOperation[]) => (SewingOperation | { updated_at: string; standard_minutes: number; piece_rate: number | null; product_type: string; name: string; depends_on: string[]; id: string; created_at: string; })[]' is not assignable to type '(prevState: SewingOperation[]) => SewingOperation[]'.
    Type '(SewingOperation | { updated_at: string; standard_minutes: number; piece_rate: number | null; product_type: string; name: string; depends_on: string[]; id: string; created_at: string; })[]' is not assignable to type 'SewingOperation[]'.
      Type 'SewingOperation | { updated_at: string; standard_minutes: number; piece_rate: number | null; product_type: string; name: string; depends_on: string[]; id: string; created_at: string; }' is not assignable to type 'SewingOperation'.
        Type '{ updated_at: string; standard_minutes: number; piece_rate: number | null; product_type: string; name: string; depends_on: string[]; id: string; created_at: string; }' is not assignable to type 'SewingOperation'.
          Types of property 'piece_rate' are incompatible.
            Type 'number | null' is not assignable to type 'number | undefined'.
              Type 'null' is not assignable to type 'number | undefined'.
src/app/sewing/page.tsx(29,3): error TS6133: 'Clock' is declared but its value is never read.
src/app/sewing/page.tsx(36,3): error TS6133: 'Filter' is declared but its value is never read.
src/app/sewing/page.tsx(218,9): error TS6133: '___isLoading' is declared but its value is never read.
src/app/sewing/runs/[id]/page.tsx(17,1): error TS6192: All imports in import declaration are unused.
src/app/sewing/runs/[id]/page.tsx(97,9): error TS6133: '___router' is declared but its value is never read.
src/app/sewing/runs/new/page.tsx(16,1): error TS6192: All imports in import declaration are unused.
src/app/sms-notifications/page.tsx(15,1): error TS6192: All imports in import declaration are unused.
src/app/sms-notifications/page.tsx(28,3): error TS6133: 'DollarSign' is declared but its value is never read.
src/app/sms-notifications/page.tsx(36,10): error TS6133: 'selectedTemplate' is declared but its value is never read.
src/app/sms-notifications/page.tsx(36,28): error TS6133: 'setSelectedTemplate' is declared but its value is never read.
src/app/sms-notifications/page.tsx(37,10): error TS6133: 'previewMessage' is declared but its value is never read.
src/app/sms-notifications/page.tsx(66,9): error TS6133: '___previewTemplate' is declared but its value is never read.
src/app/verify-email/page.tsx(1,24): error TS6133: 'useEffect' is declared but its value is never read.
src/app/verify-email/page.tsx(3,10): error TS6133: 'CheckCircle2' is declared but its value is never read.
src/app/verify-email/page.tsx(3,24): error TS6133: 'XCircle' is declared but its value is never read.
src/app/verify-email/page.tsx(3,42): error TS6133: 'Mail' is declared but its value is never read.
src/app/verify-email/page.tsx(3,48): error TS6133: 'ArrowRight' is declared but its value is never read.
src/app/verify-email/page.tsx(4,118): error TS6133: '__router' is declared but its value is never read.
src/app/verify-email/page.tsx(4,148): error TS6133: 'token' is declared but its value is never read.
src/app/verify-email/page.tsx(4,190): error TS6133: 'status' is declared but its value is never read.
src/app/verify-email/page.tsx(4,198): error TS6133: 'setStatus' is declared but its value is never read.
src/app/verify-email/page.tsx(4,286): error TS6133: 'message' is declared but its value is never read.
src/app/verify-email/page.tsx(4,295): error TS6133: 'setMessage' is declared but its value is never read.
src/app/verify-email/page.tsx(4,330): error TS6133: 'userEmail' is declared but its value is never read.
src/app/verify-email/page.tsx(4,341): error TS6133: 'setUserEmail' is declared but its value is never read.
src/app/verify-email/page.tsx(4,378): error TS6133: 'resendEmail' is declared but its value is never read.
src/app/verify-email/page.tsx(4,391): error TS6133: 'setResendEmail' is declared but its value is never read.
src/app/verify-email/page.tsx(4,430): error TS6133: 'resending' is declared but its value is never read.
src/app/verify-email/page.tsx(4,441): error TS6133: 'setResending' is declared but its value is never read.
src/app/verify-email/page.tsx(4,481): error TS6133: 'resendMessage' is declared but its value is never read.
src/app/verify-email/page.tsx(4,496): error TS6133: 'setResendMessage' is declared but its value is never read.
src/app/verify-email/page.tsx(6,474): error TS2786: 'VerifyEmailContent' cannot be used as a JSX component.
  Its type '() => void' is not a valid JSX element type.
    Type '() => void' is not assignable to type '(props: any, deprecatedLegacyContext?: any) => ReactNode'.
      Type 'void' is not assignable to type 'ReactNode'.
src/components/ai-chat/ChatWidget.tsx(21,11): error TS6196: 'Conversation' is declared but never used.
src/components/approval-workflow/ApprovalTimeline.tsx(6,1): error TS6133: 'ApprovalStatus' is declared but its value is never read.
src/components/approval-workflow/ApprovalTimeline.tsx(124,23): error TS6133: '___isLast' is declared but its value is never read.
src/components/approval-workflow/BatchApprovalActions.tsx(18,3): error TS6133: 'Send' is declared but its value is never read.
src/components/approval-workflow/BatchApprovalActions.tsx(23,3): error TS6133: 'Square' is declared but its value is never read.
src/components/approval-workflow/BatchApprovalActions.tsx(312,48): error TS2322: Type '{ children: (string | number)[]; variant: "outline"; size: string; }' is not assignable to type 'IntrinsicAttributes & BadgeProps'.
  Property 'size' does not exist on type 'IntrinsicAttributes & BadgeProps'.
src/components/approval-workflow/ThreadedComments.tsx(8,1): error TS6133: 'Input' is declared but its value is never read.
src/components/approval-workflow/ThreadedComments.tsx(22,3): error TS6133: 'MoreHorizontal' is declared but its value is never read.
src/components/approval-workflow/ThreadedComments.tsx(30,3): error TS6133: 'Edit' is declared but its value is never read.
src/components/approval-workflow/ThreadedComments.tsx(32,3): error TS6133: 'Pin' is declared but its value is never read.
src/components/approval-workflow/ThreadedComments.tsx(86,10): error TS6133: 'editingComment' is declared but its value is never read.
src/components/approval-workflow/ThreadedComments.tsx(86,26): error TS6133: 'setEditingComment' is declared but its value is never read.
src/components/approval-workflow/ThreadedComments.tsx(87,10): error TS6133: 'editText' is declared but its value is never read.
src/components/approval-workflow/ThreadedComments.tsx(87,20): error TS6133: 'setEditText' is declared but its value is never read.
src/components/AshleyAIDashboard.tsx(20,3): error TS6133: 'Clock' is declared but its value is never read.
src/components/AshleyAIDashboard.tsx(93,10): error TS6133: 'predictions' is declared but its value is never read.
src/components/AshleyAIDashboard.tsx(195,14): error TS18047: 'insights' is possibly 'null'.
src/components/AshleyAIDashboard.tsx(539,22): error TS18047: 'insights' is possibly 'null'.
src/components/AshleyAIDashboard.tsx(618,22): error TS18047: 'insights' is possibly 'null'.
src/components/AshleyAIDashboard.tsx(663,24): error TS18047: 'insights' is possibly 'null'.
src/components/charts/EfficiencyGaugeChart.tsx(1,15): error TS6192: All imports in import declaration are unused.
src/components/charts/EfficiencyGaugeChart.tsx(3,1): error TS6192: All imports in import declaration are unused.
src/components/charts/EfficiencyGaugeChart.tsx(5,1): error TS6192: All imports in import declaration are unused.
src/components/charts/EfficiencyGaugeChart.tsx(8,49): error TS6198: All destructured elements are unused.
src/components/charts/ProductionTrendChart.tsx(1,15): error TS6192: All imports in import declaration are unused.
src/components/charts/ProductionTrendChart.tsx(3,1): error TS6133: 'Button' is declared but its value is never read.
src/components/charts/ProductionTrendChart.tsx(4,10): error TS6133: 'LineChart' is declared but its value is never read.
src/components/charts/ProductionTrendChart.tsx(4,21): error TS6133: 'Line' is declared but its value is never read.
src/components/charts/ProductionTrendChart.tsx(4,27): error TS6133: 'AreaChart' is declared but its value is never read.
src/components/charts/ProductionTrendChart.tsx(4,38): error TS6133: 'Area' is declared but its value is never read.
src/components/charts/ProductionTrendChart.tsx(4,44): error TS6133: 'XAxis' is declared but its value is never read.
src/components/charts/ProductionTrendChart.tsx(4,51): error TS6133: 'YAxis' is declared but its value is never read.
src/components/charts/ProductionTrendChart.tsx(4,58): error TS6133: 'CartesianGrid' is declared but its value is never read.
src/components/charts/ProductionTrendChart.tsx(4,73): error TS6133: 'Tooltip' is declared but its value is never read.
src/components/charts/ProductionTrendChart.tsx(4,82): error TS6133: 'Legend' is declared but its value is never read.
src/components/charts/ProductionTrendChart.tsx(4,90): error TS6133: 'ResponsiveContainer' is declared but its value is never read.
src/components/charts/ProductionTrendChart.tsx(6,1): error TS6192: All imports in import declaration are unused.
src/components/charts/ProductionTrendChart.tsx(7,1): error TS6192: All imports in import declaration are unused.
src/components/charts/ProductionTrendChart.tsx(10,9): error TS6133: '___CustomTooltip' is declared but its value is never read.
src/components/charts/ProductionTrendChart.tsx(12,49): error TS6198: All destructured elements are unused.
src/components/charts/ProductionTrendChart.tsx(13,40): error TS6133: 'chartType' is declared but its value is never read.
src/components/charts/ProductionTrendChart.tsx(13,51): error TS6133: 'setChartType' is declared but its value is never read.
src/components/cutting/EfficiencyCalculator.tsx(10,3): error TS6133: 'TrendingDown' is declared but its value is never read.
src/components/cutting/EfficiencyCalculator.tsx(82,7): error TS6133: 'plies' is declared but its value is never read.
src/components/cutting/FabricBatchSelector.tsx(16,1): error TS6133: 'Separator' is declared but its value is never read.
src/components/cutting/FabricBatchSelector.tsx(24,3): error TS6133: 'AlertTriangle' is declared but its value is never read.
src/components/cutting/FabricBatchSelector.tsx(25,3): error TS6133: 'CheckCircle' is declared but its value is never read.
src/components/cutting/FabricBatchSelector.tsx(199,13): error TS6133: '___estimatedPieces' is declared but its value is never read.
src/components/dashboard/CustomizableDashboard.tsx(1,34): error TS6133: 'useEffect' is declared but its value is never read.
src/components/dashboard/CustomizableDashboard.tsx(2,50): error TS2307: Cannot find module 'react-grid-layout' or its corresponding type declarations.
src/components/dashboard/CustomizableDashboard.tsx(3,1): error TS6192: All imports in import declaration are unused.
src/components/dashboard/CustomizableDashboard.tsx(4,1): error TS6133: 'Button' is declared but its value is never read.
src/components/dashboard/CustomizableDashboard.tsx(5,1): error TS6192: All imports in import declaration are unused.
src/components/dashboard/CustomizableDashboard.tsx(10,55): error TS6133: '__ResponsiveGridLayout' is declared but its value is never read.
src/components/dashboard/CustomizableDashboard.tsx(11,9): error TS6133: '___availableWidgets' is declared but its value is never read.
src/components/dashboard/CustomizableDashboard.tsx(11,214): error TS2786: 'ProductionTrendChart' cannot be used as a JSX component.
  Its type '({ data, onExport, showTarget, timeRange, onTimeRangeChange, }: ProductionTrendChartProps) => void' is not a valid JSX element type.
    Type '({ data, onExport, showTarget, timeRange, onTimeRangeChange, }: ProductionTrendChartProps) => void' is not assignable to type '(props: any, deprecatedLegacyContext?: any) => ReactNode'.
      Type 'void' is not assignable to type 'ReactNode'.
src/components/dashboard/CustomizableDashboard.tsx(11,323): error TS2786: 'EfficiencyGaugeChart' cannot be used as a JSX component.
  Its type '({ data, title, description, }: EfficiencyGaugeChartProps) => void' is not a valid JSX element type.
    Type '({ data, title, description, }: EfficiencyGaugeChartProps) => void' is not assignable to type '(props: any, deprecatedLegacyContext?: any) => ReactNode'.
      Type 'void' is not assignable to type 'ReactNode'.
src/components/dashboard/CustomizableDashboard.tsx(13,61): error TS6133: 'layouts' is declared but its value is never read.
src/components/dashboard/CustomizableDashboard.tsx(13,70): error TS6133: 'setLayouts' is declared but its value is never read.
src/components/dashboard/CustomizableDashboard.tsx(13,143): error TS6133: 'activeWidgets' is declared but its value is never read.
src/components/dashboard/CustomizableDashboard.tsx(13,158): error TS6133: 'setActiveWidgets' is declared but its value is never read.
src/components/dashboard/CustomizableDashboard.tsx(13,236): error TS6133: 'isEditMode' is declared but its value is never read.
src/components/dashboard/CustomizableDashboard.tsx(13,248): error TS6133: 'setIsEditMode' is declared but its value is never read.
src/components/dashboard/CustomizableDashboard.tsx(13,289): error TS6133: 'isLocked' is declared but its value is never read.
src/components/dashboard/CustomizableDashboard.tsx(13,299): error TS6133: 'setIsLocked' is declared but its value is never read.
src/components/dashboard/RealTimeMetrics.tsx(30,13): error TS7030: Not all code paths return a value.
src/components/dashboard/RealTimeMetrics.tsx(99,11): error TS2339: Property '__data' does not exist on type '{ data: any; isConnected: boolean; connectionStatus: "connected"; }'.
src/components/dashboard/RealTimeMetrics.tsx(99,11): error TS6133: '__data' is declared but its value is never read.
src/components/dashboard/role-activities.tsx(227,29): error TS6133: '__user' is declared but its value is never read.
src/components/dashboard/role-activities.tsx(227,31): error TS2339: Property '__user' does not exist on type '{ user: User; }'.
src/components/dashboard/role-activities.tsx(270,29): error TS6133: '__user' is declared but its value is never read.
src/components/dashboard/role-activities.tsx(270,31): error TS2339: Property '__user' does not exist on type '{ user: User; }'.
src/components/design-upload/ColorPalette.tsx(15,28): error TS6133: 'Pipette' is declared but its value is never read.
src/components/design-upload/ColorPalette.tsx(18,11): error TS6196: 'Color' is declared but never used.
src/components/design-upload/ColorPalette.tsx(59,3): error TS6133: 'allowCustomNames' is declared but its value is never read.
src/components/design-upload/ColorPalette.tsx(109,23): error TS2345: Argument of type 'string | undefined' is not assignable to parameter of type 'string'.
  Type 'undefined' is not assignable to type 'string'.
src/components/design-upload/ColorPalette.tsx(110,23): error TS2345: Argument of type 'string | undefined' is not assignable to parameter of type 'string'.
  Type 'undefined' is not assignable to type 'string'.
src/components/design-upload/ColorPalette.tsx(111,23): error TS2345: Argument of type 'string | undefined' is not assignable to parameter of type 'string'.
  Type 'undefined' is not assignable to type 'string'.
src/components/design-upload/ColorPalette.tsx(116,9): error TS6133: '___getContrastColor' is declared but its value is never read.
src/components/design-upload/FileUploadZone.tsx(12,3): error TS6133: 'AlertCircle' is declared but its value is never read.
src/components/design-upload/FileUploadZone.tsx(13,3): error TS6133: 'Upload' is declared but its value is never read.
src/components/design-upload/PlacementEditor.tsx(22,28): error TS6133: 'Move' is declared but its value is never read.
src/components/keyboard-shortcuts-dialog.tsx(4,10): error TS2305: Module '"lucide-react"' has no exported member '_X'.
src/components/OptimizedImage.tsx(4,32): error TS6198: All destructured elements are unused.
src/components/OptimizedImage.tsx(5,34): error TS6133: 'isLoading' is declared but its value is never read.
src/components/OptimizedImage.tsx(5,45): error TS6133: 'setIsLoading' is declared but its value is never read.
src/components/OptimizedImage.tsx(5,84): error TS6133: 'hasError' is declared but its value is never read.
src/components/OptimizedImage.tsx(5,94): error TS6133: 'setHasError' is declared but its value is never read.
src/components/OptimizedImage.tsx(7,10): error TS6133: 'generateBlurDataURL' is declared but its value is never read.
src/components/OptimizedImage.tsx(7,33): error TS2355: A function whose declared type is neither 'undefined', 'void', nor 'any' must return a value.
src/components/OptimizedImage.tsx(10,59): error TS2786: 'OptimizedImage' cannot be used as a JSX component.
  Its type '({ src, alt, width, height, className, fill, priority, quality, sizes, objectFit, placeholder, blurDataURL, onLoad, onError, }: OptimizedImageProps) => void' is not a valid JSX element type.
    Type '({ src, alt, width, height, className, fill, priority, quality, sizes, objectFit, placeholder, blurDataURL, onLoad, onError, }: OptimizedImageProps) => void' is not assignable to type '(props: any, deprecatedLegacyContext?: any) => ReactNode'.
      Type 'void' is not assignable to type 'ReactNode'.
src/components/OptimizedImage.tsx(14,16): error TS2786: 'OptimizedImage' cannot be used as a JSX component.
  Its type '({ src, alt, width, height, className, fill, priority, quality, sizes, objectFit, placeholder, blurDataURL, onLoad, onError, }: OptimizedImageProps) => void' is not a valid JSX element type.
    Type '({ src, alt, width, height, className, fill, priority, quality, sizes, objectFit, placeholder, blurDataURL, onLoad, onError, }: OptimizedImageProps) => void' is not assignable to type '(props: any, deprecatedLegacyContext?: any) => ReactNode'.
      Type 'void' is not assignable to type 'ReactNode'.
src/components/OptimizedImage.tsx(18,16): error TS2786: 'OptimizedImage' cannot be used as a JSX component.
  Its type '({ src, alt, width, height, className, fill, priority, quality, sizes, objectFit, placeholder, blurDataURL, onLoad, onError, }: OptimizedImageProps) => void' is not a valid JSX element type.
    Type '({ src, alt, width, height, className, fill, priority, quality, sizes, objectFit, placeholder, blurDataURL, onLoad, onError, }: OptimizedImageProps) => void' is not assignable to type '(props: any, deprecatedLegacyContext?: any) => ReactNode'.
      Type 'void' is not assignable to type 'ReactNode'.
src/components/OptimizedImage.tsx(22,16): error TS2786: 'OptimizedImage' cannot be used as a JSX component.
  Its type '({ src, alt, width, height, className, fill, priority, quality, sizes, objectFit, placeholder, blurDataURL, onLoad, onError, }: OptimizedImageProps) => void' is not a valid JSX element type.
    Type '({ src, alt, width, height, className, fill, priority, quality, sizes, objectFit, placeholder, blurDataURL, onLoad, onError, }: OptimizedImageProps) => void' is not assignable to type '(props: any, deprecatedLegacyContext?: any) => ReactNode'.
      Type 'void' is not assignable to type 'ReactNode'.
src/components/order-intake/dates-slas-section.tsx(6,1): error TS6133: 'Input' is declared but its value is never read.
src/components/order-intake/dates-slas-section.tsx(8,1): error TS6192: All imports in import declaration are unused.
src/components/order-intake/dates-slas-section.tsx(34,3): error TS6133: 'differenceInDays' is declared but its value is never read.
src/components/order-intake/files-notes-section.tsx(24,3): error TS6133: 'Download' is declared but its value is never read.
src/components/order-intake/files-notes-section.tsx(154,9): error TS6133: '___getFileIcon' is declared but its value is never read.
src/components/order-intake/graphic-editing-section.tsx(10,1): error TS6133: 'Checkbox' is declared but its value is never read.
src/components/order-intake/graphic-editing-section.tsx(12,3): error TS6133: 'Plus' is declared but its value is never read.
src/components/order-intake/product-design-section.tsx(6,1): error TS6133: 'Input' is declared but its value is never read.
src/components/order-intake/production-route-section.tsx(7,1): error TS6192: All imports in import declaration are unused.
src/components/order-intake/production-route-section.tsx(14,1): error TS6133: 'Separator' is declared but its value is never read.
src/components/order-intake/production-route-section.tsx(15,1): error TS6133: 'Progress' is declared but its value is never read.
src/components/order-intake/production-route-section.tsx(439,3): error TS6133: 'deliveryDate' is declared but its value is never read.
src/components/order-intake/production-route-section.tsx(485,13): error TS6133: '___currentRoute' is declared but its value is never read.
src/components/order-intake/quantities-size-section.tsx(8,1): error TS6192: All imports in import declaration are unused.
src/components/order-intake/quantities-size-section.tsx(18,3): error TS6133: 'TrendingUp' is declared but its value is never read.
src/components/order-intake/quantities-size-section.tsx(154,23): error TS2345: Argument of type 'SizeTemplate | undefined' is not assignable to parameter of type 'SizeTemplate'.
  Type 'undefined' is not assignable to type 'SizeTemplate'.
src/components/order-intake/variants-addons-section.tsx(17,1): error TS6133: 'Slider' is declared but its value is never read.
src/components/order-intake/variants-addons-section.tsx(174,18): error TS6133: 'setAddOns' is declared but its value is never read.
src/components/printing/AIInsightsDashboard.tsx(14,3): error TS6133: 'Clock' is declared but its value is never read.
src/components/printing/AIInsightsDashboard.tsx(16,3): error TS6133: 'Zap' is declared but its value is never read.
src/components/printing/DTFWorkflow.tsx(22,1): error TS6133: 'Badge' is declared but its value is never read.
src/components/printing/DTFWorkflow.tsx(23,1): error TS6133: 'Progress' is declared but its value is never read.
src/components/printing/DTFWorkflow.tsx(25,3): error TS6133: 'AlertCircle' is declared but its value is never read.
src/components/printing/DTFWorkflow.tsx(31,3): error TS6133: 'Camera' is declared but its value is never read.
src/components/printing/DTFWorkflow.tsx(98,3): error TS6133: 'runId' is declared but its value is never read.
src/components/printing/DTFWorkflow.tsx(262,40): error TS2345: Argument of type '"setup" | "print" | "quality" | "powder" | "cure" | "transfer"' is not assignable to parameter of type '"printing" | "quality_control" | "transfer" | "film_setup" | "powder_application" | "curing"'.
  Type '"setup"' is not assignable to type '"printing" | "quality_control" | "transfer" | "film_setup" | "powder_application" | "curing"'.
src/components/printing/EmbroideryWorkflow.tsx(22,1): error TS6133: 'Badge' is declared but its value is never read.
src/components/printing/EmbroideryWorkflow.tsx(25,3): error TS6133: 'AlertCircle' is declared but its value is never read.
src/components/printing/EmbroideryWorkflow.tsx(29,3): error TS6133: 'Timer' is declared but its value is never read.
src/components/printing/EmbroideryWorkflow.tsx(31,3): error TS6133: 'Camera' is declared but its value is never read.
src/components/printing/EmbroideryWorkflow.tsx(100,3): error TS6133: 'runId' is declared but its value is never read.
src/components/printing/EmbroideryWorkflow.tsx(192,5): error TS2322: Type '{ sequence?: number | undefined; color_name?: string | undefined; color_code?: string | undefined; thread_weight?: string | undefined; estimated_consumption_m?: number | undefined; }' is not assignable to type '{ sequence: number; color_name: string; color_code: string; thread_weight: string; estimated_consumption_m: number; }'.
  Types of property 'sequence' are incompatible.
    Type 'number | undefined' is not assignable to type 'number'.
      Type 'undefined' is not assignable to type 'number'.
src/components/printing/EmbroideryWorkflow.tsx(221,5): error TS2322: Type '{ reason?: string | undefined; duration_minutes?: number | undefined; resolved?: boolean | undefined; }' is not assignable to type '{ reason: string; duration_minutes: number; resolved: boolean; }'.
  Types of property 'reason' are incompatible.
    Type 'string | undefined' is not assignable to type 'string'.
      Type 'undefined' is not assignable to type 'string'.
src/components/printing/EmbroideryWorkflow.tsx(313,40): error TS2345: Argument of type '"production" | "design" | "setup" | "quality"' is not assignable to parameter of type '"production" | "quality_control" | "design_setup" | "machine_setup"'.
  Type '"design"' is not assignable to type '"production" | "quality_control" | "design_setup" | "machine_setup"'.
src/components/printing/MaterialConsumption.tsx(37,3): error TS6133: 'CheckCircle' is declared but its value is never read.
src/components/printing/QualityControl.tsx(41,3): error TS6133: 'FileText' is declared but its value is never read.
src/components/printing/QualityControl.tsx(126,3): error TS6133: 'runId' is declared but its value is never read.
src/components/printing/QualityControl.tsx(183,11): error TS6133: '___defectCode' is declared but its value is never read.
src/components/printing/QualityControl.tsx(213,9): error TS6133: '___updateDefect' is declared but its value is never read.
src/components/printing/SilkscreenWorkflow.tsx(22,1): error TS6133: 'Badge' is declared but its value is never read.
src/components/printing/SilkscreenWorkflow.tsx(23,1): error TS6133: 'Progress' is declared but its value is never read.
src/components/printing/SilkscreenWorkflow.tsx(29,3): error TS6133: 'Timer' is declared but its value is never read.
src/components/printing/SilkscreenWorkflow.tsx(83,3): error TS6133: 'runId' is declared but its value is never read.
src/components/printing/SilkscreenWorkflow.tsx(156,5): error TS2322: Type '{ name?: string | undefined; pantone?: string | undefined; location?: string | undefined; estimated_grams?: number | undefined; }' is not assignable to type '{ name: string; pantone: string; location: string; estimated_grams: number; }'.
  Types of property 'name' are incompatible.
    Type 'string | undefined' is not assignable to type 'string'.
      Type 'undefined' is not assignable to type 'string'.
src/components/printing/SilkscreenWorkflow.tsx(236,40): error TS2345: Argument of type '"print" | "prep" | "setup" | "cure"' is not assignable to parameter of type '"printing" | "curing" | "screen_prep" | "ink_setup"'.
  Type '"print"' is not assignable to type '"printing" | "curing" | "screen_prep" | "ink_setup"'.
src/components/printing/SublimationWorkflow.tsx(22,1): error TS6133: 'Badge' is declared but its value is never read.
src/components/printing/SublimationWorkflow.tsx(23,1): error TS6133: 'Progress' is declared but its value is never read.
src/components/printing/SublimationWorkflow.tsx(29,3): error TS6133: 'Timer' is declared but its value is never read.
src/components/printing/SublimationWorkflow.tsx(84,3): error TS6133: 'runId' is declared but its value is never read.
src/components/printing/SublimationWorkflow.tsx(228,40): error TS2345: Argument of type '"setup" | "print" | "press" | "quality"' is not assignable to parameter of type '"digital_setup" | "printing" | "heat_press" | "quality_control"'.
  Type '"setup"' is not assignable to type '"digital_setup" | "printing" | "heat_press" | "quality_control"'.
src/components/ProductionDashboard.tsx(17,3): error TS6133: 'Clock' is declared but its value is never read.
src/components/ProductionDashboard.tsx(20,3): error TS6133: 'TrendingUp' is declared but its value is never read.
src/components/ProductionDashboard.tsx(21,3): error TS6133: 'TrendingDown' is declared but its value is never read.
src/components/ProductionDashboard.tsx(22,3): error TS6133: 'Zap' is declared but its value is never read.
src/components/ProductionDashboard.tsx(147,9): error TS6133: '___getPriorityColor' is declared but its value is never read.
src/components/providers.tsx(25,13): error TS2353: Object literal may only specify known properties, and 'cacheTime' does not exist in type 'OmitKeyof<QueryObserverOptions<unknown, Error, unknown, unknown, readonly unknown[], never>, "suspense" | "queryKey", "strictly">'.
src/components/providers.tsx(55,13): error TS2353: Object literal may only specify known properties, and 'useErrorBoundary' does not exist in type 'MutationObserverOptions<unknown, Error, unknown, unknown>'.
src/components/pwa-register.tsx(8,10): error TS6133: 'isOnline' is declared but its value is never read.
src/components/pwa-register.tsx(9,10): error TS6133: 'updateAvailable' is declared but its value is never read.
src/components/role-dashboards/AdminDashboard.tsx(4,1): error TS6192: All imports in import declaration are unused.
src/components/role-dashboards/AdminDashboard.tsx(9,3): error TS6133: 'TrendingDown' is declared but its value is never read.
src/components/role-dashboards/AdminDashboard.tsx(30,3): error TS6133: 'LineChart' is declared but its value is never read.
src/components/role-dashboards/AdminDashboard.tsx(31,3): error TS6133: 'Line' is declared but its value is never read.
src/components/route-guard.tsx(28,9): error TS2322: Type 'string[] | {}' is not assignable to type 'Permission[] | undefined'.
  Type 'string[]' is not assignable to type 'Permission[]'.
    Type 'string' is not assignable to type 'Permission'.
src/components/sewing/EfficiencyTracker.tsx(17,3): error TS6133: 'Target' is declared but its value is never read.
src/components/sewing/EfficiencyTracker.tsx(145,9): error TS6133: '___getProgressColor' is declared but its value is never read.
src/components/sewing/MobileProductionInterface.tsx(16,3): error TS6133: 'Play' is declared but its value is never read.
src/components/sewing/MobileProductionInterface.tsx(20,3): error TS6133: 'Minus' is declared but its value is never read.
src/components/sewing/MobileProductionInterface.tsx(27,3): error TS6133: 'Camera' is declared but its value is never read.
src/components/sewing/MobileProductionInterface.tsx(63,3): error TS6133: 'operatorView' is declared but its value is never read.
src/components/sewing/MobileProductionInterface.tsx(70,10): error TS6133: 'showQRScanner' is declared but its value is never read.
src/components/sewing/MobileProductionInterface.tsx(75,10): error TS6133: 'touchStart' is declared but its value is never read.
src/components/sewing/MobileProductionInterface.tsx(75,22): error TS6133: 'setTouchStart' is declared but its value is never read.
src/components/sewing/MobileProductionInterface.tsx(171,11): error TS6133: '___progressPercentage' is declared but its value is never read.
src/components/sewing/PieceRateCalculator.tsx(18,3): error TS6133: 'Clock' is declared but its value is never read.
src/components/sewing/PieceRateCalculator.tsx(20,3): error TS6133: 'Target' is declared but its value is never read.
src/components/sewing/PieceRateCalculator.tsx(68,3): error TS6133: 'operatorId' is declared but its value is never read.
src/components/sewing/QRBundleScanner.tsx(20,3): error TS6133: 'Package' is declared but its value is never read.
src/components/sewing/QualityControlInterface.tsx(30,3): error TS6133: 'Package' is declared but its value is never read.
src/components/sewing/QualityControlInterface.tsx(31,3): error TS6133: 'User' is declared but its value is never read.
src/components/sewing/QualityControlInterface.tsx(32,3): error TS6133: 'Clock' is declared but its value is never read.
src/components/sewing/QualityControlInterface.tsx(33,3): error TS6133: 'Image' is declared but its value is never read.
src/components/sidebar.tsx(7,35): error TS6133: 'hasAccess' is declared but its value is never read.
src/components/sidebar.tsx(28,3): error TS6133: 'ChevronLeft' is declared but its value is never read.
src/components/sidebar.tsx(29,3): error TS6133: 'ChevronRight' is declared but its value is never read.
src/components/sidebar.tsx(70,10): error TS6133: 'collapsed' is declared but its value is never read.
src/components/sidebar.tsx(70,21): error TS6133: 'setCollapsed' is declared but its value is never read.
src/components/top-navbar.tsx(6,47): error TS6133: 'Menu' is declared but its value is never read.
src/components/top-navbar.tsx(6,53): error TS2305: Module '"lucide-react"' has no exported member '_X'.
src/components/ui/animated-wrapper.tsx(9,3): error TS6133: 'isInViewport' is declared but its value is never read.
src/components/ui/animated.tsx(114,13): error TS7030: Not all code paths return a value.
src/components/ui/popover.tsx(63,26): error TS2345: Argument of type 'HTMLElement' is not assignable to parameter of type 'HTMLButtonElement'.
  Type 'HTMLElement' is missing the following properties from type 'HTMLButtonElement': disabled, form, formAction, formEnctype, and 15 more.
src/hooks/useKeyboardShortcuts.ts(79,13): error TS6133: '___metaMatches' is declared but its value is never read.
src/lib/3pl/index.ts(147,5): error TS2322: Type 'QuoteResponse | undefined' is not assignable to type 'QuoteResponse | null'.
  Type 'undefined' is not assignable to type 'QuoteResponse | null'.
src/lib/ai/bottleneck-detection.ts(378,5): error TS6133: 'metrics' is declared but its value is never read.
src/lib/ai/bottleneck-detection.ts(537,11): error TS6133: '___delayFactor' is declared but its value is never read.
src/lib/ai/defect-detection.ts(189,5): error TS6133: 'image' is declared but its value is never read.
src/lib/ai/defect-detection.ts(243,11): error TS2488: Type '[string, { keywords: string[]; severity: string; typical_locations: string[]; } | { keywords: string[]; severity: string; typical_locations: string[]; } | { keywords: string[]; severity: string; typical_locations: string[]; } | ... 11 more ... | { ...; }] | undefined' must have a '[Symbol.iterator]()' method that returns an iterator.
src/lib/ai/defect-detection.ts(274,5): error TS6133: 'garmentType' is declared but its value is never read.
src/lib/ai/dynamic-pricing.ts(54,20): error TS6133: 'RUSH_FEE_MULTIPLIER' is declared but its value is never read.
src/lib/ai/dynamic-pricing.ts(612,7): error TS2552: Cannot find name 'optimal_margin_range'. Did you mean 'optimalMarginRange'?
src/lib/ai/predictive-maintenance.ts(211,5): error TS6133: 'currentHours' is declared but its value is never read.
src/lib/ai/smart-scheduling.ts(372,5): error TS6133: 'startTime' is declared but its value is never read.
src/lib/ai/smart-scheduling.ts(402,5): error TS6133: 'allJobs' is declared but its value is never read.
src/lib/ai/smart-scheduling.ts(491,5): error TS6133: 'schedule' is declared but its value is never read.
src/lib/animations.ts(208,3): error TS2322: Type 'Promise<Animation[]>' is not assignable to type 'Promise<void[]>'.
  Type 'Animation[]' is not assignable to type 'void[]'.
    Type 'Animation' is not assignable to type 'void'.
src/lib/audit-logger.ts(9,12): error TS2552: Cannot find name 'EdgeRuntime'. Did you mean 'isEdgeRuntime'?
src/lib/audit/logger.ts(78,29): error TS2339: Property 'workspaceId' does not exist on type 'AuditLogEntry'.
src/lib/audit/logger.ts(81,9): error TS2322: Type 'string | undefined' is not assignable to type 'string'.
  Type 'undefined' is not assignable to type 'string'.
src/lib/audit/logger.ts(82,9): error TS2322: Type 'string | undefined' is not assignable to type 'string'.
  Type 'undefined' is not assignable to type 'string'.
src/lib/audit/logger.ts(130,5): error TS2322: Type '{ user: { select: { id: true; email: true; name: true; }; }; }' is not assignable to type 'never'.
src/lib/audit/logger.ts(342,5): error TS6133: 'action' is declared but its value is never read.
src/lib/audit/logger.ts(359,5): error TS6133: 'message' is declared but its value is never read.
src/lib/audit/logger.ts(360,5): error TS6133: 'details' is declared but its value is never read.
src/lib/audit/logger.ts(377,5): error TS6133: 'format' is declared but its value is never read.
src/lib/audit/logger.ts(378,5): error TS6133: 'recordCount' is declared but its value is never read.
src/lib/audit/logger.ts(417,17): error TS2538: Type 'undefined' cannot be used as an index type.
src/lib/audit/logger.ts(417,37): error TS2538: Type 'undefined' cannot be used as an index type.
src/lib/auth-middleware.ts(3,23): error TS6133: 'JWTPayload' is declared but its value is never read.
src/lib/auth-utils.ts(6,36): error TS2307: Cannot find module 'jose' or its corresponding type declarations.
src/lib/auth-utils.ts(7,25): error TS7016: Could not find a declaration file for module 'bcryptjs'. 'C:/Users/Khell/Desktop/Ashley AI/node_modules/.pnpm/bcryptjs@2.4.3/node_modules/bcryptjs/index.js' implicitly has an 'any' type.
  Try `npm i --save-dev @types/bcryptjs` if it exists or add a new declaration (.d.ts) file containing `declare module 'bcryptjs';`
src/lib/auth-utils.ts(164,26): error TS2769: No overload matches this call.
  Overload 1 of 4, '(arrayBuffer: WithImplicitCoercion<ArrayBufferLike>, byteOffset?: number | undefined, length?: number | undefined): Buffer<ArrayBufferLike>', gave the following error.
    Argument of type 'string | undefined' is not assignable to parameter of type 'WithImplicitCoercion<ArrayBufferLike>'.
      Type 'undefined' is not assignable to type 'WithImplicitCoercion<ArrayBufferLike>'.
  Overload 2 of 4, '(string: WithImplicitCoercion<string>, encoding?: BufferEncoding | undefined): Buffer<ArrayBuffer>', gave the following error.
    Argument of type 'string | undefined' is not assignable to parameter of type 'WithImplicitCoercion<string>'.
      Type 'undefined' is not assignable to type 'WithImplicitCoercion<string>'.
src/lib/auth-utils.ts(167,35): error TS2769: No overload matches this call.
  Overload 1 of 4, '(data: ArrayBufferView<ArrayBufferLike>, inputEncoding: undefined, outputEncoding: Encoding): string', gave the following error.
    Argument of type 'string | undefined' is not assignable to parameter of type 'ArrayBufferView<ArrayBufferLike>'.
      Type 'undefined' is not assignable to type 'ArrayBufferView<ArrayBufferLike>'.
  Overload 2 of 4, '(data: string, inputEncoding: Encoding | undefined, outputEncoding: Encoding): string', gave the following error.
    Argument of type 'string | undefined' is not assignable to parameter of type 'string'.
      Type 'undefined' is not assignable to type 'string'.
src/lib/auth-utils.ts(168,3): error TS2322: Type 'string' is not assignable to type 'Buffer<ArrayBufferLike> & string'.
  Type 'string' is not assignable to type 'Buffer<ArrayBufferLike>'.
src/lib/auth/session-manager.ts(7,30): error TS2307: Cannot find module 'uuid' or its corresponding type declarations.
src/lib/auth/session-manager.ts(70,7): error TS2353: Object literal may only specify known properties, and 'token' does not exist in type '(Without<UserSessionCreateInput, UserSessionUncheckedCreateInput> & UserSessionUncheckedCreateInput) | (Without<...> & UserSessionCreateInput)'.
src/lib/auth/session-manager.ts(88,29): error TS2551: Property 'last_activity_at' does not exist on type '{ is_active: boolean; expires_at: Date; id: string; user_id: string; token_hash: string; ip_address: string | null; user_agent: string | null; last_activity: Date; created_at: Date; revoked_at: Date | null; }'. Did you mean 'last_activity'?
src/lib/auth/session-manager.ts(101,7): error TS2353: Object literal may only specify known properties, and 'token' does not exist in type 'UserSessionWhereInput'.
src/lib/auth/session-manager.ts(114,13): error TS2561: Object literal may only specify known properties, but 'last_activity_at' does not exist in type '(Without<UserSessionUpdateInput, UserSessionUncheckedUpdateInput> & UserSessionUncheckedUpdateInput) | (Without<...> & UserSessionUpdateInput)'. Did you mean to write 'last_activity'?
src/lib/auth/session-manager.ts(125,29): error TS2551: Property 'last_activity_at' does not exist on type '{ is_active: boolean; expires_at: Date; id: string; user_id: string; token_hash: string; ip_address: string | null; user_agent: string | null; last_activity: Date; created_at: Date; revoked_at: Date | null; }'. Did you mean 'last_activity'?
src/lib/auth/session-manager.ts(143,16): error TS2353: Object literal may only specify known properties, and 'last_activity_at' does not exist in type 'UserSessionOrderByWithRelationInput | UserSessionOrderByWithRelationInput[]'.
src/lib/auth/session-manager.ts(156,29): error TS2551: Property 'last_activity_at' does not exist on type '{ is_active: boolean; expires_at: Date; id: string; user_id: string; token_hash: string; ip_address: string | null; user_agent: string | null; last_activity: Date; created_at: Date; revoked_at: Date | null; }'. Did you mean 'last_activity'?
src/lib/auth/session-manager.ts(157,31): error TS2339: Property 'token' does not exist on type '{ is_active: boolean; expires_at: Date; id: string; user_id: string; token_hash: string; ip_address: string | null; user_agent: string | null; last_activity: Date; created_at: Date; revoked_at: Date | null; }'.
src/lib/auth/session-manager.ts(300,16): error TS2353: Object literal may only specify known properties, and 'last_activity_at' does not exist in type 'UserSessionOrderByWithRelationInput | UserSessionOrderByWithRelationInput[]'.
src/lib/auth/session-manager.ts(368,3): error TS6133: 'activity' is declared but its value is never read.
src/lib/auth/session-manager.ts(374,9): error TS2561: Object literal may only specify known properties, but 'last_activity_at' does not exist in type '(Without<UserSessionUpdateInput, UserSessionUncheckedUpdateInput> & UserSessionUncheckedUpdateInput) | (Without<...> & UserSessionUpdateInput)'. Did you mean to write 'last_activity'?
src/lib/auth/session-manager.ts(404,11): error TS2561: Object literal may only specify known properties, but 'last_activity_at' does not exist in type 'UserSessionWhereInput'. Did you mean to write 'last_activity'?
src/lib/auth/session-manager.ts(412,11): error TS2561: Object literal may only specify known properties, but 'last_activity_at' does not exist in type 'UserSessionWhereInput'. Did you mean to write 'last_activity'?
src/lib/backup/scheduler.ts(102,9): error TS2322: Type '"database"' is not assignable to type 'ErrorCategory | undefined'.
src/lib/backup/service.ts(8,3): error TS6133: 'PutObjectCommand' is declared but its value is never read.
src/lib/backup/service.ts(9,3): error TS6133: 'GetObjectCommand' is declared but its value is never read.
src/lib/backup/service.ts(10,3): error TS6133: 'ListObjectsV2Command' is declared but its value is never read.
src/lib/backup/service.ts(11,3): error TS6133: 'DeleteObjectCommand' is declared but its value is never read.
src/lib/backup/service.ts(13,1): error TS6192: All imports in import declaration are unused.
src/lib/backup/service.ts(14,1): error TS6133: 'pipeline' is declared but its value is never read.
src/lib/backup/service.ts(21,10): error TS6133: 'getS3Client' is declared but its value is never read.
src/lib/backup/service.ts(160,15): error TS6133: '___sourceStats' is declared but its value is never read.
src/lib/bulk-operations.ts(42,13): error TS2322: Type '{ order_id: string | undefined; event_type: string; description: string; performed_by: string; metadata: string; }' is not assignable to type '(Without<OrderActivityLogCreateInput, OrderActivityLogUncheckedCreateInput> & OrderActivityLogUncheckedCreateInput) | (Without<...> & OrderActivityLogCreateInput)'.
  Type '{ order_id: string | undefined; event_type: string; description: string; performed_by: string; metadata: string; }' is not assignable to type 'Without<OrderActivityLogUncheckedCreateInput, OrderActivityLogCreateInput> & OrderActivityLogCreateInput'.
    Type '{ order_id: string | undefined; event_type: string; description: string; performed_by: string; metadata: string; }' is not assignable to type 'Without<OrderActivityLogUncheckedCreateInput, OrderActivityLogCreateInput>'.
      Types of property 'order_id' are incompatible.
        Type 'string | undefined' is not assignable to type 'undefined'.
          Type 'string' is not assignable to type 'undefined'.
src/lib/bulk-operations.ts(89,3): error TS6133: 'userId' is declared but its value is never read.
src/lib/bulk-operations.ts(176,13): error TS2353: Object literal may only specify known properties, and 'brand_id' does not exist in type 'Without<InvoiceCreateInput, InvoiceUncheckedCreateInput> & InvoiceUncheckedCreateInput'.
src/lib/bulk-operations.ts(318,15): error TS2353: Object literal may only specify known properties, and 'code' does not exist in type 'Without<ClientCreateInput, ClientUncheckedCreateInput> & ClientUncheckedCreateInput'.
src/lib/bulk-operations.ts(358,13): error TS2353: Object literal may only specify known properties, and 'qty' does not exist in type 'Without<OrderCreateInput, OrderUncheckedCreateInput> & OrderUncheckedCreateInput'.
src/lib/bulk-operations.ts(414,3): error TS6133: 'workspaceId' is declared but its value is never read.
src/lib/cache-utils.ts(207,9): error TS2322: Type 'string | undefined' is not assignable to type 'string'.
  Type 'undefined' is not assignable to type 'string'.
src/lib/cache.ts(204,22): error TS2345: Argument of type 'string | undefined' is not assignable to parameter of type 'string'.
  Type 'undefined' is not assignable to type 'string'.
src/lib/cache.ts(273,48): error TS2345: Argument of type 'string | undefined' is not assignable to parameter of type 'string'.
  Type 'undefined' is not assignable to type 'string'.
src/lib/crypto.ts(56,28): error TS2769: No overload matches this call.
  Overload 1 of 4, '(arrayBuffer: WithImplicitCoercion<ArrayBufferLike>, byteOffset?: number | undefined, length?: number | undefined): Buffer<ArrayBufferLike>', gave the following error.
    Argument of type 'string | undefined' is not assignable to parameter of type 'WithImplicitCoercion<ArrayBufferLike>'.
      Type 'undefined' is not assignable to type 'WithImplicitCoercion<ArrayBufferLike>'.
  Overload 2 of 4, '(string: WithImplicitCoercion<string>, encoding?: BufferEncoding | undefined): Buffer<ArrayBuffer>', gave the following error.
    Argument of type 'string | undefined' is not assignable to parameter of type 'WithImplicitCoercion<string>'.
      Type 'undefined' is not assignable to type 'WithImplicitCoercion<string>'.
src/lib/crypto.ts(57,33): error TS2769: No overload matches this call.
  Overload 1 of 4, '(arrayBuffer: WithImplicitCoercion<ArrayBufferLike>, byteOffset?: number | undefined, length?: number | undefined): Buffer<ArrayBufferLike>', gave the following error.
    Argument of type 'string | undefined' is not assignable to parameter of type 'WithImplicitCoercion<ArrayBufferLike>'.
      Type 'undefined' is not assignable to type 'WithImplicitCoercion<ArrayBufferLike>'.
  Overload 2 of 4, '(string: WithImplicitCoercion<string>, encoding?: BufferEncoding | undefined): Buffer<ArrayBuffer>', gave the following error.
    Argument of type 'string | undefined' is not assignable to parameter of type 'WithImplicitCoercion<string>'.
      Type 'undefined' is not assignable to type 'WithImplicitCoercion<string>'.
src/lib/crypto.ts(65,37): error TS2769: No overload matches this call.
  Overload 1 of 4, '(data: ArrayBufferView<ArrayBufferLike>, inputEncoding: undefined, outputEncoding: Encoding): string', gave the following error.
    Argument of type 'string | undefined' is not assignable to parameter of type 'ArrayBufferView<ArrayBufferLike>'.
      Type 'undefined' is not assignable to type 'ArrayBufferView<ArrayBufferLike>'.
  Overload 2 of 4, '(data: string, inputEncoding: Encoding | undefined, outputEncoding: Encoding): string', gave the following error.
    Argument of type 'string | undefined' is not assignable to parameter of type 'string'.
      Type 'undefined' is not assignable to type 'string'.
src/lib/crypto.ts(66,5): error TS2322: Type 'string' is not assignable to type 'Buffer<ArrayBufferLike> & string'.
  Type 'string' is not assignable to type 'Buffer<ArrayBufferLike>'.
src/lib/email.ts(64,7): error TS2561: Object literal may only specify known properties, but 'reply_to' does not exist in type 'CreateEmailOptions'. Did you mean to write 'replyTo'?
src/lib/email/index.ts(54,7): error TS2561: Object literal may only specify known properties, but 'reply_to' does not exist in type 'CreateEmailOptions'. Did you mean to write 'replyTo'?
src/lib/email/queue.ts(2,21): error TS2305: Module '"@/lib/email"' has no exported member '_EmailOptions'.
src/lib/email/queue.ts(2,36): error TS2459: Module '"@/lib/email"' declares 'EmailResult' locally, but it is not exported.
src/lib/email/queue.ts(279,11): error TS2561: Object literal may only specify known properties, but 'reply_to' does not exist in type 'EmailOptions'. Did you mean to write 'replyTo'?
src/lib/emailService.ts(58,9): error TS2561: Object literal may only specify known properties, but 'reply_to' does not exist in type 'CreateEmailOptions'. Did you mean to write 'replyTo'?
src/lib/error-handling.ts(155,53): error TS2339: Property 'trace_id' does not exist on type '"Unknown error"'.
src/lib/error-logger.ts(281,17): error TS2339: Property 'startTransaction' does not exist on type 'typeof import("C:/Users/Khell/Desktop/Ashley AI/node_modules/.pnpm/@sentry+nextjs@10.20.0_@opentelemetry+context-async-hooks@2.1.0_@opentelemetry+api@1.9.0__@op_qhxwmu46yatoqaurybnjz4ibmi/node_modules/@sentry/nextjs/build/types/index.types")'.
src/lib/gmail-email.ts(1,24): error TS2307: Cannot find module 'nodemailer' or its corresponding type declarations.
src/lib/government/bir.ts(4,3): error TS6133: 'BIRWithholdingTax' is declared but its value is never read.
src/lib/government/bir.ts(6,3): error TS6133: 'ExportOptions' is declared but its value is never read.
src/lib/government/bir.ts(52,5): error TS6133: 'period' is declared but its value is never read.
src/lib/government/bir.ts(88,5): error TS6133: 'period' is declared but its value is never read.
src/lib/government/philhealth.ts(17,20): error TS6133: 'MIN_PREMIUM' is declared but its value is never read.
src/lib/government/philhealth.ts(18,20): error TS6133: 'MAX_PREMIUM' is declared but its value is never read.
src/lib/integrations/webhooks.ts(234,11): error TS6133: '___data' is declared but its value is never read.
src/lib/inventory/inventory-manager.ts(231,9): error TS6133: '____severity' is declared but its value is never read.
src/lib/inventory/inventory-manager.ts(238,7): error TS2552: Cannot find name '_severity'. Did you mean '____severity'?
src/lib/inventory/inventory-manager.ts(242,7): error TS2552: Cannot find name '_severity'. Did you mean '____severity'?
src/lib/jwt.ts(43,23): error TS2769: No overload matches this call.
  Overload 1 of 5, '(payload: string | object | Buffer<ArrayBufferLike>, secretOrPrivateKey: null, options?: (SignOptions & { algorithm: "none"; }) | undefined): string', gave the following error.
    Argument of type 'string' is not assignable to parameter of type 'null'.
  Overload 2 of 5, '(payload: string | object | Buffer<ArrayBufferLike>, secretOrPrivateKey: Buffer<ArrayBufferLike> | Secret | PrivateKeyInput | JsonWebKeyInput, options?: SignOptions | undefined): string', gave the following error.
    Type 'string' is not assignable to type 'number | StringValue | undefined'.
  Overload 3 of 5, '(payload: string | object | Buffer<ArrayBufferLike>, secretOrPrivateKey: Buffer<ArrayBufferLike> | Secret | PrivateKeyInput | JsonWebKeyInput, callback: SignCallback): void', gave the following error.
    Object literal may only specify known properties, and 'expiresIn' does not exist in type 'SignCallback'.
src/lib/jwt.ts(62,23): error TS2769: No overload matches this call.
  Overload 1 of 5, '(payload: string | object | Buffer<ArrayBufferLike>, secretOrPrivateKey: null, options?: (SignOptions & { algorithm: "none"; }) | undefined): string', gave the following error.
    Argument of type 'string' is not assignable to parameter of type 'null'.
  Overload 2 of 5, '(payload: string | object | Buffer<ArrayBufferLike>, secretOrPrivateKey: Buffer<ArrayBufferLike> | Secret | PrivateKeyInput | JsonWebKeyInput, options?: SignOptions | undefined): string', gave the following error.
    Type 'string' is not assignable to type 'number | StringValue | undefined'.
  Overload 3 of 5, '(payload: string | object | Buffer<ArrayBufferLike>, secretOrPrivateKey: Buffer<ArrayBufferLike> | Secret | PrivateKeyInput | JsonWebKeyInput, callback: SignCallback): void', gave the following error.
    Object literal may only specify known properties, and 'expiresIn' does not exist in type 'SignCallback'.
src/lib/multi-tenant/tenant-manager.ts(5,25): error TS7016: Could not find a declaration file for module 'bcryptjs'. 'C:/Users/Khell/Desktop/Ashley AI/node_modules/.pnpm/bcryptjs@2.4.3/node_modules/bcryptjs/index.js' implicitly has an 'any' type.
  Try `npm i --save-dev @types/bcryptjs` if it exists or add a new declaration (.d.ts) file containing `declare module 'bcryptjs';`
src/lib/multi-tenant/tenant-manager.ts(433,20): error TS2551: Property 'defectCode' does not exist on type 'PrismaClient<PrismaClientOptions, never, DefaultArgs>'. Did you mean 'qCDefectCode'?
src/lib/password-validator.ts(19,7): error TS6133: '____MIN_SPECIAL' is declared but its value is never read.
src/lib/performance/api-cache-middleware.ts(7,10): error TS2614: Module '"@/lib/redis"' has no exported member 'cache'. Did you mean to use 'import cache from "@/lib/redis"' instead?
src/lib/security/password.ts(1,25): error TS7016: Could not find a declaration file for module 'bcryptjs'. 'C:/Users/Khell/Desktop/Ashley AI/node_modules/.pnpm/bcryptjs@2.4.3/node_modules/bcryptjs/index.js' implicitly has an 'any' type.
  Try `npm i --save-dev @types/bcryptjs` if it exists or add a new declaration (.d.ts) file containing `declare module 'bcryptjs';`
src/lib/session-timeout.ts(113,11): error TS6133: '____inactiveDuration' is declared but its value is never read.
src/lib/token-rotation.ts(126,50): error TS2345: Argument of type '{ userId: string; email: string; role: string; workspaceId: string; }' is not assignable to parameter of type '{ userId: string; email: string; role: UserRole; workspaceId: string; }'.
  Types of property 'role' are incompatible.
    Type 'string' is not assignable to type 'UserRole'.
src/lib/utils/icons.tsx(21,3): error TS6133: 'Minus' is declared but its value is never read.
src/lib/utils/styling.ts(118,18): error TS2345: Argument of type 'string | undefined' is not assignable to parameter of type 'string'.
  Type 'undefined' is not assignable to type 'string'.
tests/security/password-complexity.test.ts(246,11): error TS6133: '____trimmedPassword' is declared but its value is never read.
