src/app/admin/reports/page.tsx(510,28): error TS6133: 'reportType' is declared but its value is never read.
src/app/admin/users/page.tsx(49,9): error TS6133: '_router' is declared but its value is never read.
src/app/analytics/page.tsx(17,3): error TS6133: 'PieChart' is declared but its value is never read.
src/app/analytics/page.tsx(19,3): error TS6133: 'TrendingDown' is declared but its value is never read.
src/app/analytics/page.tsx(21,3): error TS6133: 'Users' is declared but its value is never read.
src/app/analytics/page.tsx(22,3): error TS6133: 'Package' is declared but its value is never read.
src/app/analytics/page.tsx(24,3): error TS6133: 'DollarSign' is declared but its value is never read.
src/app/analytics/page.tsx(27,3): error TS6133: 'Zap' is declared but its value is never read.
src/app/api/admin/audit/route.ts(5,1): error TS6133: 'prisma' is declared but its value is never read.
src/app/api/admin/audit/route.ts(6,1): error TS6133: 'requireAuth' is declared but its value is never read.
src/app/api/admin/audit/route.ts(374,16): error TS6133: 'createAuditLog' is declared but its value is never read.
src/app/api/admin/onboarding/route.ts(5,1): error TS6133: 'prisma' is declared but its value is never read.
src/app/api/admin/onboarding/route.ts(6,1): error TS6133: 'bcrypt' is declared but its value is never read.
src/app/api/admin/onboarding/route.ts(7,1): error TS6133: 'requireAuth' is declared but its value is never read.
src/app/api/admin/onboarding/route.ts(10,7): error TS6133: '_OnboardingStepSchema' is declared but its value is never read.
src/app/api/admin/onboarding/route.ts(106,3): error TS6133: 'user' is declared but its value is never read.
src/app/api/admin/reports/route.ts(5,1): error TS6133: 'requireAuth' is declared but its value is never read.
src/app/api/admin/reports/route.ts(248,48): error TS6133: 'user' is declared but its value is never read.
src/app/api/admin/reports/route.ts(283,3): error TS6133: 'department' is declared but its value is never read.
src/app/api/admin/reports/route.ts(344,48): error TS6133: 'department' is declared but its value is never read.
src/app/api/admin/reports/route.ts(403,47): error TS6133: 'department' is declared but its value is never read.
src/app/api/admin/reports/route.ts(532,3): error TS6133: 'department' is declared but its value is never read.
src/app/api/admin/reports/route.ts(533,3): error TS6133: 'dateFrom' is declared but its value is never read.
src/app/api/admin/reports/route.ts(534,3): error TS6133: 'dateTo' is declared but its value is never read.
src/app/api/admin/reports/route.ts(629,3): error TS6133: 'department' is declared but its value is never read.
src/app/api/admin/reports/route.ts(630,3): error TS6133: 'dateFrom' is declared but its value is never read.
src/app/api/admin/reports/route.ts(631,3): error TS6133: 'dateTo' is declared but its value is never read.
src/app/api/admin/reports/route.ts(674,3): error TS6133: 'department' is declared but its value is never read.
src/app/api/admin/reports/route.ts(675,3): error TS6133: 'dateFrom' is declared but its value is never read.
src/app/api/admin/reports/route.ts(676,3): error TS6133: 'dateTo' is declared but its value is never read.
src/app/api/admin/users/[id]/route.ts(7,1): error TS6133: 'requireAuth' is declared but its value is never read.
src/app/api/admin/users/[id]/route.ts(40,3): error TS6133: 'request' is declared but its value is never read.
src/app/api/admin/users/[id]/route.ts(231,3): error TS6133: 'request' is declared but its value is never read.
src/app/api/admin/users/route.ts(7,1): error TS6133: 'requireAuth' is declared but its value is never read.
src/app/api/admin/users/route.ts(37,7): error TS6133: '_UpdateUserSchema' is declared but its value is never read.
src/app/api/ai-chat/chat/route.ts(173,7): error TS6133: 'user_id' is declared but its value is never read.
src/app/api/ai-chat/chat/route.ts(174,7): error TS6133: 'use_stream' is declared but its value is never read.
src/app/api/ai-chat/chat/route.ts(391,39): error TS6133: 'request' is declared but its value is never read.
src/app/api/ai-chat/conversations/[id]/route.ts(10,3): error TS6133: 'request' is declared but its value is never read.
src/app/api/ai-chat/conversations/[id]/route.ts(11,3): error TS6133: 'user' is declared but its value is never read.
src/app/api/ai-chat/conversations/[id]/route.ts(86,3): error TS6133: 'request' is declared but its value is never read.
src/app/api/ai/bottleneck/route.ts(8,39): error TS6133: 'req' is declared but its value is never read.
src/app/api/ai/bottleneck/route.ts(80,13): error TS6133: '_totalGood' is declared but its value is never read.
src/app/api/ai/bottleneck/route.ts(80,49): error TS6133: 'run' is declared but its value is never read.
src/app/api/ai/bottleneck/trends/route.ts(28,23): error TS6133: 'sewingRuns' is declared but its value is never read.
src/app/api/ai/bottleneck/trends/route.ts(28,35): error TS6133: 'printRuns' is declared but its value is never read.
src/app/api/ai/defect-detection/patterns/route.ts(12,11): error TS6133: '_operator_id' is declared but its value is never read.
src/app/api/ai/defect-detection/patterns/route.ts(13,11): error TS6133: '_station' is declared but its value is never read.
src/app/api/ai/defect-detection/route.ts(31,13): error TS6133: '_qcCheck' is declared but its value is never read.
src/app/api/ai/defect-detection/route.ts(90,11): error TS6133: 'bundleIds' is declared but its value is never read.
src/app/api/ai/scheduling/route.ts(11,11): error TS6133: '_workspace_id' is declared but its value is never read.
src/app/api/analytics/heatmap/route.ts(101,58): error TS6133: 'user' is declared but its value is never read.
src/app/api/analytics/metrics/route.ts(6,39): error TS6133: 'request' is declared but its value is never read.
src/app/api/analytics/profit/route.ts(117,58): error TS6133: 'user' is declared but its value is never read.
src/app/api/analytics/profit/route.ts(218,57): error TS6133: 'user' is declared but its value is never read.
src/app/api/auth/2fa/setup/route.ts(77,64): error TS6133: 'user' is declared but its value is never read.
src/app/api/auth/employee-login/route.ts(6,1): error TS6133: 'requireAuth' is declared but its value is never read.
src/app/api/auth/me/route.ts(12,39): error TS6133: 'request' is declared but its value is never read.
src/app/api/auth/refresh/route.ts(7,3): error TS6133: 'apiSuccess' is declared but its value is never read.
src/app/api/automation/alerts/route.ts(71,62): error TS6133: 'user' is declared but its value is never read.
src/app/api/automation/alerts/route.ts(139,61): error TS6133: 'user' is declared but its value is never read.
src/app/api/automation/alerts/route.ts(224,64): error TS6133: 'user' is declared but its value is never read.
src/app/api/automation/execute/route.ts(2,1): error TS6133: 'requireAuth' is declared but its value is never read.
src/app/api/automation/execute/route.ts(3,23): error TS6133: 'NextResponse' is declared but its value is never read.
src/app/api/automation/execute/route.ts(52,11): error TS6133: 'triggerConfig' is declared but its value is never read.
src/app/api/automation/execute/route.ts(309,3): error TS6133: 'workspaceId' is declared but its value is never read.
src/app/api/automation/execute/route.ts(338,40): error TS6133: 'triggerData' is declared but its value is never read.
src/app/api/automation/execute/route.ts(338,58): error TS6133: 'workspaceId' is declared but its value is never read.
src/app/api/automation/integrations/route.ts(72,62): error TS6133: 'user' is declared but its value is never read.
src/app/api/automation/integrations/route.ts(152,61): error TS6133: 'user' is declared but its value is never read.
src/app/api/automation/integrations/route.ts(200,64): error TS6133: 'user' is declared but its value is never read.
src/app/api/automation/notifications/route.ts(60,62): error TS6133: 'user' is declared but its value is never read.
src/app/api/automation/notifications/route.ts(150,61): error TS6133: 'user' is declared but its value is never read.
src/app/api/automation/templates/route.ts(89,62): error TS6133: 'user' is declared but its value is never read.
src/app/api/automation/templates/route.ts(165,61): error TS6133: 'user' is declared but its value is never read.
src/app/api/automation/templates/route.ts(210,64): error TS6133: 'user' is declared but its value is never read.
src/app/api/backups/route.ts(8,48): error TS6133: 'request' is declared but its value is never read.
src/app/api/backups/route.ts(33,71): error TS6133: 'user' is declared but its value is never read.
src/app/api/backups/route.ts(63,73): error TS6133: 'user' is declared but its value is never read.
src/app/api/brands/route.ts(281,64): error TS6133: 'user' is declared but its value is never read.
src/app/api/bundles/[id]/status/route.ts(16,11): error TS6133: 'userId' is declared but its value is never read.
src/app/api/bundles/[id]/status/route.ts(18,21): error TS6133: 'notes' is declared but its value is never read.
src/app/api/bundles/[id]/status/route.ts(18,28): error TS6133: 'location' is declared but its value is never read.
src/app/api/clients/[id]/brands/[brandId]/route.ts(5,1): error TS6133: 'requireAuth' is declared but its value is never read.
src/app/api/clients/[id]/brands/[brandId]/route.ts(16,3): error TS6133: 'request' is declared but its value is never read.
src/app/api/clients/[id]/brands/[brandId]/route.ts(178,3): error TS6133: 'request' is declared but its value is never read.
src/app/api/clients/[id]/brands/route.ts(7,7): error TS6133: '_DEFAULT_WORKSPACE_ID' is declared but its value is never read.
src/app/api/clients/[id]/brands/route.ts(17,7): error TS6133: '_UpdateBrandSchema' is declared but its value is never read.
src/app/api/clients/[id]/brands/route.ts(20,3): error TS6133: 'request' is declared but its value is never read.
src/app/api/clients/[id]/brands/route.ts(21,3): error TS6133: 'user' is declared but its value is never read.
src/app/api/clients/[id]/brands/route.ts(86,3): error TS6133: 'user' is declared but its value is never read.
src/app/api/clients/[id]/route.ts(10,3): error TS6133: 'request' is declared but its value is never read.
src/app/api/clients/[id]/route.ts(77,3): error TS6133: 'user' is declared but its value is never read.
src/app/api/clients/[id]/route.ts(130,3): error TS6133: 'request' is declared but its value is never read.
src/app/api/clients/[id]/route.ts(131,3): error TS6133: 'user' is declared but its value is never read.
src/app/api/comments/[id]/route.ts(3,1): error TS6133: 'requireAuth' is declared but its value is never read.
src/app/api/cutting/bundles/route.ts(166,17): error TS6133: '_bundleNumber' is declared but its value is never read.
src/app/api/cutting/bundles/route.ts(245,61): error TS6133: 'user' is declared but its value is never read.
src/app/api/cutting/fabric-batches/route.ts(234,64): error TS6133: 'user' is declared but its value is never read.
src/app/api/cutting/issues/route.ts(205,61): error TS6133: 'user' is declared but its value is never read.
src/app/api/cutting/issues/route.ts(284,64): error TS6133: 'user' is declared but its value is never read.
src/app/api/cutting/lays/route.ts(33,11): error TS6133: '_status' is declared but its value is never read.
src/app/api/cutting/lays/route.ts(158,13): error TS6133: '_cutOutputs' is declared but its value is never read.
src/app/api/dashboards/route.ts(59,58): error TS6133: 'user' is declared but its value is never read.
src/app/api/delivery/shipments/route.ts(3,1): error TS6133: 'requireAuth' is declared but its value is never read.
src/app/api/designs/[id]/comments/route.ts(4,1): error TS6133: 'requireAuth' is declared but its value is never read.
src/app/api/designs/[id]/print-locations/route.ts(5,1): error TS6133: 'requireAuth' is declared but its value is never read.
src/app/api/designs/[id]/print-locations/route.ts(19,3): error TS6133: 'request' is declared but its value is never read.
src/app/api/designs/[id]/print-locations/route.ts(106,3): error TS6133: 'params' is declared but its value is never read.
src/app/api/designs/[id]/print-locations/route.ts(167,3): error TS6133: 'params' is declared but its value is never read.
src/app/api/designs/[id]/send-approval/route.ts(5,1): error TS6133: 'requireAuth' is declared but its value is never read.
src/app/api/designs/[id]/send-approval/route.ts(20,7): error TS6133: '_template_id' is declared but its value is never read.
src/app/api/designs/route.ts(191,62): error TS6133: 'user' is declared but its value is never read.
src/app/api/email/queue/route.ts(9,39): error TS6133: 'request' is declared but its value is never read.
src/app/api/employee/stats/[id]/route.ts(2,23): error TS6133: 'NextResponse' is declared but its value is never read.
src/app/api/employee/stats/[id]/route.ts(4,1): error TS6133: 'requireAuth' is declared but its value is never read.
src/app/api/employee/stats/[id]/route.ts(12,10): error TS6133: 'request' is declared but its value is never read.
src/app/api/employee/tasks/route.ts(4,1): error TS6133: 'requireAuth' is declared but its value is never read.
src/app/api/employee/tasks/route.ts(13,9): error TS6133: '_position' is declared but its value is never read.
src/app/api/employees/accounts/route.ts(6,39): error TS6133: 'request' is declared but its value is never read.
src/app/api/finance/bills/route.ts(3,1): error TS6133: 'prisma' is declared but its value is never read.
src/app/api/finance/bills/route.ts(6,39): error TS6133: 'request' is declared but its value is never read.
src/app/api/finance/bills/route.ts(22,40): error TS6133: 'request' is declared but its value is never read.
src/app/api/finance/bills/route.ts(22,62): error TS6133: 'user' is declared but its value is never read.
src/app/api/finance/bills/route.ts(38,39): error TS6133: 'request' is declared but its value is never read.
src/app/api/finance/bills/route.ts(38,61): error TS6133: 'user' is declared but its value is never read.
src/app/api/finance/invoices/route.ts(2,23): error TS6133: 'NextResponse' is declared but its value is never read.
src/app/api/finance/invoices/route.ts(6,3): error TS6133: 'handleApiError' is declared but its value is never read.
src/app/api/finance/invoices/route.ts(16,1): error TS6133: 'requireAuth' is declared but its value is never read.
src/app/api/finance/invoices/route.ts(102,50): error TS6133: 'user' is declared but its value is never read.
src/app/api/finance/invoices/route.ts(105,7): error TS6133: 'brand_id' is declared but its value is never read.
src/app/api/finance/stats/route.ts(7,39): error TS6133: 'request' is declared but its value is never read.
src/app/api/finance/suppliers/route.ts(51,40): error TS6133: 'request' is declared but its value is never read.
src/app/api/finishing-packing/stats/route.ts(6,39): error TS6133: 'request' is declared but its value is never read.
src/app/api/government/bir/route.ts(134,61): error TS6133: 'user' is declared but its value is never read.
src/app/api/government/reports/route.ts(4,1): error TS6133: 'birService' is declared but its value is never read.
src/app/api/government/reports/route.ts(162,61): error TS6133: 'user' is declared but its value is never read.
src/app/api/health/route.ts(8,1): error TS6133: 'db' is declared but its value is never read.
src/app/api/health/route.ts(9,1): error TS6133: 'requireAuth' is declared but its value is never read.
src/app/api/hr/attendance/route.ts(13,11): error TS6133: '_type' is declared but its value is never read.
src/app/api/hr/attendance/route.ts(81,62): error TS6133: 'user' is declared but its value is never read.
src/app/api/hr/attendance/route.ts(89,7): error TS6133: 'selfie_url' is declared but its value is never read.
src/app/api/hr/attendance/route.ts(232,61): error TS6133: 'user' is declared but its value is never read.
src/app/api/hr/employees/[id]/profile-picture/route.ts(140,29): error TS6133: 'request' is declared but its value is never read.
src/app/api/hr/employees/route.ts(2,23): error TS6133: 'NextResponse' is declared but its value is never read.
src/app/api/hr/employees/route.ts(6,3): error TS6133: 'handleApiError' is declared but its value is never read.
src/app/api/hr/employees/route.ts(10,3): error TS6133: 'NotFoundError' is declared but its value is never read.
src/app/api/hr/employees/route.ts(107,50): error TS6133: 'user' is declared but its value is never read.
src/app/api/hr/employees/route.ts(230,50): error TS6133: 'user' is declared but its value is never read.
src/app/api/hr/payroll/route.ts(83,62): error TS6133: 'user' is declared but its value is never read.
src/app/api/hr/payroll/route.ts(89,7): error TS6133: 'cutoff_type' is declared but its value is never read.
src/app/api/hr/payroll/route.ts(90,7): error TS6133: 'include_overtime' is declared but its value is never read.
src/app/api/hr/payroll/route.ts(91,7): error TS6133: 'include_leaves' is declared but its value is never read.
src/app/api/hr/payroll/route.ts(285,61): error TS6133: 'user' is declared but its value is never read.
src/app/api/hr/payroll/route.ts(288,25): error TS6133: 'approval_notes' is declared but its value is never read.
src/app/api/hr/stats/route.ts(13,39): error TS6133: 'request' is declared but its value is never read.
src/app/api/maintenance/assets/route.ts(100,62): error TS6133: 'user' is declared but its value is never read.
src/app/api/maintenance/assets/route.ts(162,61): error TS6133: 'user' is declared but its value is never read.
src/app/api/maintenance/schedules/route.ts(142,62): error TS6133: 'user' is declared but its value is never read.
src/app/api/maintenance/schedules/route.ts(257,61): error TS6133: 'user' is declared but its value is never read.
src/app/api/maintenance/schedules/route.ts(333,64): error TS6133: 'user' is declared but its value is never read.
src/app/api/maintenance/stats/route.ts(6,39): error TS6133: 'request' is declared but its value is never read.
src/app/api/maintenance/work-orders/route.ts(118,62): error TS6133: 'user' is declared but its value is never read.
src/app/api/maintenance/work-orders/route.ts(190,61): error TS6133: 'user' is declared but its value is never read.
src/app/api/maintenance/work-orders/route.ts(271,64): error TS6133: 'user' is declared but its value is never read.
src/app/api/merchandising/market-trends/route.ts(8,3): error TS6133: 'validateEnum' is declared but its value is never read.
src/app/api/merchandising/recommendations/route.ts(261,29): error TS6133: 'color' is declared but its value is never read.
src/app/api/merchandising/recommendations/route.ts(358,3): error TS6133: 'clientOrders' is declared but its value is never read.
src/app/api/mobile/qc/submit/route.ts(21,7): error TS6133: 'passed' is declared but its value is never read.
src/app/api/mobile/qc/submit/route.ts(24,7): error TS6133: 'photos' is declared but its value is never read.
src/app/api/mobile/qc/submit/route.ts(26,7): error TS6133: 'inspector_name' is declared but its value is never read.
src/app/api/mobile/scan/route.ts(12,19): error TS6133: 'format' is declared but its value is never read.
src/app/api/mobile/stats/route.ts(10,39): error TS6133: 'request' is declared but its value is never read.
src/app/api/mobile/stats/route.ts(88,11): error TS6133: 'printPieces' is declared but its value is never read.
src/app/api/notifications/email/route.ts(158,61): error TS6133: 'user' is declared but its value is never read.
src/app/api/orders/[id]/activity-logs/route.ts(6,1): error TS6133: 'requireAuth' is declared but its value is never read.
src/app/api/orders/[id]/color-variants/route.ts(5,1): error TS6133: 'getWorkspaceIdFromRequest' is declared but its value is never read.
src/app/api/orders/[id]/color-variants/route.ts(6,1): error TS6133: 'requireAuth' is declared but its value is never read.
src/app/api/orders/[id]/color-variants/route.ts(17,3): error TS6133: 'request' is declared but its value is never read.
src/app/api/orders/[id]/color-variants/route.ts(54,3): error TS6133: 'params' is declared but its value is never read.
src/app/api/orders/[id]/color-variants/route.ts(104,3): error TS6133: 'params' is declared but its value is never read.
src/app/api/orders/[id]/route.ts(2,23): error TS6133: 'NextResponse' is declared but its value is never read.
src/app/api/orders/[id]/route.ts(12,3): error TS6133: 'request' is declared but its value is never read.
src/app/api/orders/[id]/route.ts(68,11): error TS6133: '_workspaceId' is declared but its value is never read.
src/app/api/orders/[id]/route.ts(106,3): error TS6133: 'request' is declared but its value is never read.
src/app/api/orders/[id]/route.ts(111,11): error TS6133: '_workspaceId' is declared but its value is never read.
src/app/api/packing/cartons/[id]/contents/route.ts(4,1): error TS6133: 'requireAuth' is declared but its value is never read.
src/app/api/packing/cartons/[id]/contents/route.ts(82,3): error TS6133: 'request' is declared but its value is never read.
src/app/api/packing/cartons/[id]/contents/route.ts(116,3): error TS6133: 'params' is declared but its value is never read.
src/app/api/performance/metrics/route.ts(12,39): error TS6133: 'request' is declared but its value is never read.
src/app/api/permissions/route.ts(14,13): error TS6133: 'roles' is declared but its value is never read.
src/app/api/permissions/route.ts(47,58): error TS6133: 'user' is declared but its value is never read.
src/app/api/pod/route.ts(86,61): error TS6133: 'user' is declared but its value is never read.
src/app/api/pod/route.ts(140,61): error TS6133: 'user' is declared but its value is never read.
src/app/api/printing/ai/dashboard-insights/route.ts(6,39): error TS6133: 'request' is declared but its value is never read.
src/app/api/printing/ai/monitor/route.ts(10,11): error TS6133: '_method' is declared but its value is never read.
src/app/api/printing/ai/monitor/route.ts(153,9): error TS6133: '_rejects' is declared but its value is never read.
src/app/api/printing/ai/monitor/route.ts(227,55): error TS6133: 'mat' is declared but its value is never read.
src/app/api/printing/ai/monitor/route.ts(399,36): error TS6133: 'printRun' is declared but its value is never read.
src/app/api/printing/ai/monitor/route.ts(488,38): error TS6133: 'runId' is declared but its value is never read.
src/app/api/printing/ai/monitor/route.ts(501,36): error TS6133: 'pressure' is declared but its value is never read.
src/app/api/printing/ai/monitor/route.ts(523,21): error TS6133: 'adjustments' is declared but its value is never read.
src/app/api/printing/ai/monitor/route.ts(538,24): error TS6133: 'defects' is declared but its value is never read.
src/app/api/printing/ai/optimize/route.ts(122,5): error TS6133: 'rush_order' is declared but its value is never read.
src/app/api/printing/ai/optimize/route.ts(204,58): error TS6133: 'method' is declared but its value is never read.
src/app/api/printing/ai/optimize/route.ts(207,9): error TS6133: '_methodFactors' is declared but its value is never read.
src/app/api/printing/ai/optimize/route.ts(406,3): error TS6133: 'materials' is declared but its value is never read.
src/app/api/printing/dashboard/route.ts(6,39): error TS6133: 'request' is declared but its value is never read.
src/app/api/printing/machines/route.ts(176,36): error TS6133: 'machineId' is declared but its value is never read.
src/app/api/printing/materials/route.ts(62,62): error TS6133: 'user' is declared but its value is never read.
src/app/api/printing/materials/route.ts(161,31): error TS6133: 'request' is declared but its value is never read.
src/app/api/printing/runs/[id]/complete/route.ts(4,1): error TS6133: 'requireAuth' is declared but its value is never read.
src/app/api/printing/runs/[id]/pause/route.ts(4,1): error TS6133: 'requireAuth' is declared but its value is never read.
src/app/api/printing/runs/[id]/route.ts(7,3): error TS6133: 'request' is declared but its value is never read.
src/app/api/printing/runs/[id]/route.ts(8,3): error TS6133: 'user' is declared but its value is never read.
src/app/api/printing/runs/[id]/route.ts(107,3): error TS6133: 'user' is declared but its value is never read.
src/app/api/printing/runs/[id]/start/route.ts(4,1): error TS6133: 'requireAuth' is declared but its value is never read.
src/app/api/printing/runs/[id]/start/route.ts(7,3): error TS6133: 'request' is declared but its value is never read.
src/app/api/printing/runs/route.ts(125,7): error TS6133: 'priority' is declared but its value is never read.
src/app/api/printing/runs/route.ts(126,7): error TS6133: 'notes' is declared but its value is never read.
src/app/api/quality-control/ashley-analysis/route.ts(450,3): error TS6133: 'defectTrends' is declared but its value is never read.
src/app/api/quality-control/ashley-analysis/route.ts(468,3): error TS6133: 'riskFactors' is declared but its value is never read.
src/app/api/quality-control/ashley-analysis/route.ts(485,3): error TS6133: 'currentRate' is declared but its value is never read.
src/app/api/quality-control/ashley-analysis/route.ts(486,3): error TS6133: 'controlLimits' is declared but its value is never read.
src/app/api/quality-control/ashley-analysis/route.ts(501,3): error TS6133: 'rootCause' is declared but its value is never read.
src/app/api/quality-control/checklists/route.ts(37,62): error TS6133: 'user' is declared but its value is never read.
src/app/api/quality-control/defect-codes/route.ts(37,62): error TS6133: 'user' is declared but its value is never read.
src/app/api/quality-control/defects/route.ts(40,62): error TS6133: 'user' is declared but its value is never read.
src/app/api/quality-control/inspections/[id]/close/route.ts(4,1): error TS6133: 'requireAuth' is declared but its value is never read.
src/app/api/quality-control/inspections/[id]/defect/route.ts(4,1): error TS6133: 'requireAuth' is declared but its value is never read.
src/app/api/quality-control/inspections/[id]/route.ts(7,3): error TS6133: 'request' is declared but its value is never read.
src/app/api/quality-control/inspections/[id]/route.ts(8,3): error TS6133: 'user' is declared but its value is never read.
src/app/api/quality-control/inspections/[id]/route.ts(58,3): error TS6133: 'user' is declared but its value is never read.
src/app/api/quality-control/inspections/[id]/sample/route.ts(4,1): error TS6133: 'requireAuth' is declared but its value is never read.
src/app/api/quality-control/inspections/route.ts(76,62): error TS6133: 'user' is declared but its value is never read.
src/app/api/quality-control/inspections/route.ts(123,48): error TS6133: 'aql' is declared but its value is never read.
src/app/api/quality-control/inspections/route.ts(123,61): error TS6133: 'level' is declared but its value is never read.
src/app/api/reports/execute/route.ts(177,3): error TS6133: 'config' is declared but its value is never read.
src/app/api/reports/execute/route.ts(216,3): error TS6133: 'config' is declared but its value is never read.
src/app/api/reports/execute/route.ts(217,3): error TS6133: 'filters' is declared but its value is never read.
src/app/api/reports/execute/route.ts(243,3): error TS6133: 'config' is declared but its value is never read.
src/app/api/reports/execute/route.ts(244,3): error TS6133: 'filters' is declared but its value is never read.
src/app/api/reports/execute/route.ts(268,3): error TS6133: 'config' is declared but its value is never read.
src/app/api/reports/execute/route.ts(269,3): error TS6133: 'filters' is declared but its value is never read.
src/app/api/reports/execute/route.ts(297,3): error TS6133: 'config' is declared but its value is never read.
src/app/api/reports/execute/route.ts(298,3): error TS6133: 'filters' is declared but its value is never read.
src/app/api/reports/execute/route.ts(316,3): error TS6133: 'config' is declared but its value is never read.
src/app/api/reports/execute/route.ts(317,3): error TS6133: 'filters' is declared but its value is never read.
src/app/api/reports/route.ts(76,58): error TS6133: 'user' is declared but its value is never read.
src/app/api/sessions/route.ts(18,13): error TS6133: 'stats' is declared but its value is never read.
src/app/api/sessions/route.ts(52,13): error TS6133: 'count' is declared but its value is never read.
src/app/api/settings/account/route.ts(11,39): error TS6133: 'request' is declared but its value is never read.
src/app/api/settings/appearance/route.ts(11,39): error TS6133: 'request' is declared but its value is never read.
src/app/api/settings/appearance/route.ts(34,11): error TS6133: '_body' is declared but its value is never read.
src/app/api/settings/audit-logs/export/route.ts(10,11): error TS6133: '_body' is declared but its value is never read.
src/app/api/settings/audit-logs/route.ts(11,39): error TS6133: 'request' is declared but its value is never read.
src/app/api/settings/avatar/route.ts(69,42): error TS6133: 'request' is declared but its value is never read.
src/app/api/settings/general/route.ts(11,39): error TS6133: 'request' is declared but its value is never read.
src/app/api/settings/notifications/route.ts(11,39): error TS6133: 'request' is declared but its value is never read.
src/app/api/settings/notifications/route.ts(37,11): error TS6133: '_body' is declared but its value is never read.
src/app/api/settings/sessions/[id]/route.ts(9,3): error TS6133: 'request' is declared but its value is never read.
src/app/api/settings/sessions/[id]/route.ts(10,3): error TS6133: 'authUser' is declared but its value is never read.
src/app/api/settings/sessions/[id]/route.ts(14,11): error TS6133: '_sessionId' is declared but its value is never read.
src/app/api/settings/sessions/revoke-all/route.ts(8,40): error TS6133: 'request' is declared but its value is never read.
src/app/api/settings/sessions/route.ts(11,39): error TS6133: 'request' is declared but its value is never read.
src/app/api/settings/sessions/route.ts(11,61): error TS6133: 'user' is declared but its value is never read.
src/app/api/settings/workspace/logo/route.ts(69,42): error TS6133: 'request' is declared but its value is never read.
src/app/api/settings/workspace/route.ts(11,39): error TS6133: 'request' is declared but its value is never read.
src/app/api/setup/route.ts(5,1): error TS6133: 'requireAuth' is declared but its value is never read.
src/app/api/sewing/dashboard/route.ts(6,39): error TS6133: 'request' is declared but its value is never read.
src/app/api/sewing/operations/route.ts(3,1): error TS6133: 'prisma' is declared but its value is never read.
src/app/api/sewing/operations/route.ts(11,11): error TS6133: '_where' is declared but its value is never read.
src/app/api/sewing/runs/route.ts(67,24): error TS6133: 'total' is declared but its value is never read.
src/app/api/sewing/runs/route.ts(274,63): error TS6133: 'user' is declared but its value is never read.
src/app/api/sewing/runs/route.ts(378,66): error TS6133: 'user' is declared but its value is never read.
src/app/api/sms/otp/route.ts(77,61): error TS6133: 'user' is declared but its value is never read.
src/app/api/sms/templates/route.ts(28,62): error TS6133: 'user' is declared but its value is never read.
src/app/api/swagger/route.ts(3,1): error TS6133: 'requireAuth' is declared but its value is never read.
src/app/api/tenants/route.ts(71,57): error TS6133: 'user' is declared but its value is never read.
src/app/api/tenants/route.ts(111,57): error TS6133: 'user' is declared but its value is never read.
src/app/api/tenants/route.ts(148,60): error TS6133: 'user' is declared but its value is never read.
src/app/api/upload/route.ts(120,64): error TS6133: 'user' is declared but its value is never read.
src/app/automation/page.tsx(9,3): error TS6133: 'Play' is declared but its value is never read.
src/app/automation/page.tsx(10,3): error TS6133: 'Pause' is declared but its value is never read.
src/app/automation/page.tsx(13,3): error TS6133: 'Settings' is declared but its value is never read.
src/app/automation/page.tsx(18,3): error TS6133: 'XCircle' is declared but its value is never read.
src/app/automation/page.tsx(20,3): error TS6133: 'Users' is declared but its value is never read.
src/app/automation/page.tsx(76,5): error TS6133: 'error' is declared but its value is never read.
src/app/capa/page.tsx(13,3): error TS6133: 'Users' is declared but its value is never read.
src/app/capa/page.tsx(16,3): error TS6133: 'Filter' is declared but its value is never read.
src/app/clients/[id]/brands/page.tsx(15,3): error TS6133: 'Image' is declared but its value is never read.
src/app/clients/[id]/brands/page.tsx(61,9): error TS6133: '_router' is declared but its value is never read.
src/app/clients/[id]/edit/page.tsx(218,13): error TS6133: '_existingBrandIds' is declared but its value is never read.
src/app/clients/page.tsx(13,3): error TS6133: 'Plus' is declared but its value is never read.
src/app/clients/page.tsx(99,9): error TS6133: '_formatCurrency' is declared but its value is never read.
src/app/cutting/[layId]/bundles/page.tsx(15,1): error TS6133: 'Separator' is declared but its value is never read.
src/app/cutting/[layId]/bundles/page.tsx(67,9): error TS6133: '_router' is declared but its value is never read.
src/app/cutting/[layId]/bundles/page.tsx(419,44): error TS6133: 'index' is declared but its value is never read.
src/app/cutting/create-lay/page.tsx(22,1): error TS6133: 'Separator' is declared but its value is never read.
src/app/cutting/create-lay/page.tsx(167,70): error TS6133: 'qty' is declared but its value is never read.
src/app/cutting/create-lay/page.tsx(251,15): error TS6133: '_result' is declared but its value is never read.
src/app/cutting/issue-fabric/page.tsx(221,15): error TS6133: '_result' is declared but its value is never read.
src/app/cutting/page.tsx(13,1): error TS6133: 'Input' is declared but its value is never read.
src/app/cutting/page.tsx(33,3): error TS6133: 'Trash2' is declared but its value is never read.
src/app/cutting/page.tsx(94,18): error TS6133: 'setSearch' is declared but its value is never read.
src/app/cutting/page.tsx(95,23): error TS6133: 'setCurrentPage' is declared but its value is never read.
src/app/cutting/scan-bundle/page.tsx(15,3): error TS6133: 'Calendar' is declared but its value is never read.
src/app/cutting/scan-bundle/page.tsx(16,3): error TS6133: 'Hash' is declared but its value is never read.
src/app/delivery/page.tsx(22,3): error TS6133: 'Filter' is declared but its value is never read.
src/app/delivery/page.tsx(163,9): error TS6133: '_isLoading' is declared but its value is never read.
src/app/delivery/tracking/[id]/page.tsx(16,3): error TS6133: 'Camera' is declared but its value is never read.
src/app/designs/[id]/approval/page.tsx(33,3): error TS6133: 'Image' is declared but its value is never read.
src/app/designs/[id]/approval/page.tsx(35,3): error TS6133: 'Palette' is declared but its value is never read.
src/app/designs/[id]/approval/page.tsx(38,3): error TS6133: 'Mail' is declared but its value is never read.
src/app/designs/[id]/approval/page.tsx(39,3): error TS6133: 'Calendar' is declared but its value is never read.
src/app/designs/[id]/approval/page.tsx(190,10): error TS6133: 'approvalHistory' is declared but its value is never read.
src/app/designs/[id]/page.tsx(7,3): error TS6133: 'CardDescription' is declared but its value is never read.
src/app/designs/[id]/page.tsx(24,3): error TS6133: 'MessageCircle' is declared but its value is never read.
src/app/designs/[id]/page.tsx(27,3): error TS6133: 'Clock' is declared but its value is never read.
src/app/designs/[id]/versions/new/page.tsx(12,1): error TS6133: 'Input' is declared but its value is never read.
src/app/designs/[id]/versions/new/page.tsx(19,3): error TS6133: 'Save' is declared but its value is never read.
src/app/designs/[id]/versions/page.tsx(7,3): error TS6133: 'CardDescription' is declared but its value is never read.
src/app/designs/[id]/versions/page.tsx(17,3): error TS6133: 'Download' is declared but its value is never read.
src/app/designs/[id]/versions/page.tsx(19,3): error TS6133: 'CheckCircle' is declared but its value is never read.
src/app/designs/[id]/versions/page.tsx(20,3): error TS6133: 'AlertCircle' is declared but its value is never read.
src/app/designs/[id]/versions/page.tsx(21,3): error TS6133: 'Clock' is declared but its value is never read.
src/app/designs/[id]/versions/page.tsx(24,3): error TS6133: 'Lock' is declared but its value is never read.
src/app/designs/new/page.tsx(22,1): error TS6133: 'Badge' is declared but its value is never read.
src/app/designs/new/page.tsx(23,1): error TS6133: 'Separator' is declared but its value is never read.
src/app/designs/new/page.tsx(97,10): error TS6133: 'loading' is declared but its value is never read.
src/app/designs/page.tsx(12,3): error TS6133: 'CardDescription' is declared but its value is never read.
src/app/designs/page.tsx(13,3): error TS6133: 'CardHeader' is declared but its value is never read.
src/app/designs/page.tsx(14,3): error TS6133: 'CardTitle' is declared but its value is never read.
src/app/designs/page.tsx(22,3): error TS6133: 'Plus' is declared but its value is never read.
src/app/designs/upload/page.tsx(22,1): error TS6133: 'Badge' is declared but its value is never read.
src/app/designs/upload/page.tsx(23,1): error TS6133: 'Separator' is declared but its value is never read.
src/app/designs/upload/page.tsx(24,37): error TS6133: 'AlertCircle' is declared but its value is never read.
src/app/designs/upload/page.tsx(55,10): error TS6133: 'loading' is declared but its value is never read.
src/app/designs/upload/page.tsx(55,19): error TS6133: 'setLoading' is declared but its value is never read.
src/app/employee/dashboard/page.tsx(54,5): error TS6133: 'employeeId' is declared but its value is never read.
src/app/employee/dashboard/page.tsx(69,35): error TS6133: 'role' is declared but its value is never read.
src/app/employee/dashboard/page.tsx(70,11): error TS6133: '_baseTasks' is declared but its value is never read.
src/app/employee/dashboard/page.tsx(142,27): error TS6133: 'role' is declared but its value is never read.
src/app/employee/page.tsx(21,1): error TS6133: 'ErrorAlert' is declared but its value is never read.
src/app/employee/page.tsx(36,3): error TS6133: 'DollarSign' is declared but its value is never read.
src/app/employee/page.tsx(100,39): error TS6133: 'statsLoading' is declared but its value is never read.
src/app/finance/invoices/new/page.tsx(254,35): error TS6133: 'index' is declared but its value is never read.
src/app/finance/page.tsx(5,1): error TS6133: 'useQuery' is declared but its value is never read.
src/app/finance/page.tsx(8,1): error TS6133: 'Badge' is declared but its value is never read.
src/app/finance/page.tsx(9,1): error TS6133: 'Button' is declared but its value is never read.
src/app/finance/page.tsx(11,1): error TS6133: 'Skeleton' is declared but its value is never read.
src/app/finance/page.tsx(12,1): error TS6133: 'DataTableSkeleton' is declared but its value is never read.
src/app/finance/page.tsx(13,1): error TS6133: 'EmptyState' is declared but its value is never read.
src/app/finance/page.tsx(14,1): error TS6133: 'ErrorAlert' is declared but its value is never read.
src/app/finance/page.tsx(15,1): error TS6133: 'DashboardLayout' is declared but its value is never read.
src/app/finance/page.tsx(16,1): error TS6133: 'exportInvoices' is declared but its value is never read.
src/app/finance/page.tsx(21,49): error TS6133: '_router' is declared but its value is never read.
src/app/finance/page.tsx(21,79): error TS6133: 'statusFilter' is declared but its value is never read.
src/app/finance/page.tsx(21,93): error TS6133: 'setStatusFilter' is declared but its value is never read.
src/app/finishing-packing/carton-builder/page.tsx(11,3): error TS6133: 'AlertTriangle' is declared but its value is never read.
src/app/finishing-packing/carton-builder/page.tsx(12,3): error TS6133: 'CheckCircle' is declared but its value is never read.
src/app/finishing-packing/carton-builder/page.tsx(14,3): error TS6133: 'Scale' is declared but its value is never read.
src/app/finishing-packing/carton-builder/page.tsx(15,3): error TS6133: 'Maximize' is declared but its value is never read.
src/app/finishing-packing/carton-builder/page.tsx(17,3): error TS6133: 'Calculator' is declared but its value is never read.
src/app/finishing-packing/carton-builder/page.tsx(23,1): error TS6133: 'Badge' is declared but its value is never read.
src/app/finishing-packing/page.tsx(18,3): error TS6133: 'Filter' is declared but its value is never read.
src/app/finishing-packing/page.tsx(22,3): error TS6133: 'Tags' is declared but its value is never read.
src/app/finishing-packing/page.tsx(152,9): error TS6133: '_isLoading' is declared but its value is never read.
src/app/government/page.tsx(27,3): error TS6133: 'Users' is declared but its value is never read.
src/app/hr-payroll/page.tsx(1195,34): error TS6133: 'url' is declared but its value is never read.
src/app/inventory/page.tsx(13,3): error TS6133: 'Download' is declared but its value is never read.
src/app/inventory/page.tsx(14,3): error TS6133: 'Upload' is declared but its value is never read.
src/app/inventory/page.tsx(232,21): error TS6133: '_stockPercent' is declared but its value is never read.
src/app/layout.tsx(13,7): error TS6133: '_ChatWidget' is declared but its value is never read.
src/app/maintenance/page.tsx(23,3): error TS6133: 'CheckCircle' is declared but its value is never read.
src/app/maintenance/page.tsx(24,3): error TS6133: 'Clock' is declared but its value is never read.
src/app/maintenance/page.tsx(25,3): error TS6133: 'Calendar' is declared but its value is never read.
src/app/maintenance/page.tsx(27,3): error TS6133: 'TrendingUp' is declared but its value is never read.
src/app/maintenance/page.tsx(32,3): error TS6133: 'Trash2' is declared but its value is never read.
src/app/maintenance/page.tsx(33,3): error TS6133: 'Users' is declared but its value is never read.
src/app/maintenance/page.tsx(34,3): error TS6133: 'Activity' is declared but its value is never read.
src/app/maintenance/page.tsx(35,3): error TS6133: 'BarChart3' is declared but its value is never read.
src/app/maintenance/page.tsx(166,9): error TS6133: '_router' is declared but its value is never read.
src/app/maintenance/page.tsx(248,9): error TS6133: '_loading' is declared but its value is never read.
src/app/maintenance/page.tsx(318,9): error TS6133: '_formatDateTime' is declared but its value is never read.
src/app/merchandising/page.tsx(25,3): error TS6133: 'PieChart' is declared but its value is never read.
src/app/mobile/dashboard/page.tsx(8,3): error TS6133: 'TrendingUp' is declared but its value is never read.
src/app/mobile/dashboard/page.tsx(12,3): error TS6133: 'LogOut' is declared but its value is never read.
src/app/mobile/qc/page.tsx(9,3): error TS6133: 'Upload' is declared but its value is never read.
src/app/mobile/scanner/page.tsx(136,25): error TS6133: 'imageData' is declared but its value is never read.
src/app/printing/machines/page.tsx(22,1): error TS6133: 'Textarea' is declared but its value is never read.
src/app/printing/machines/page.tsx(42,3): error TS6133: 'Trash2' is declared but its value is never read.
src/app/printing/machines/page.tsx(94,10): error TS6133: 'editingMachine' is declared but its value is never read.
src/app/printing/machines/page.tsx(94,26): error TS6133: 'setEditingMachine' is declared but its value is never read.
src/app/printing/page.tsx(15,1): error TS6133: 'Input' is declared but its value is never read.
src/app/printing/page.tsx(35,3): error TS6133: 'Brain' is declared but its value is never read.
src/app/printing/page.tsx(186,9): error TS6133: '_isLoading' is declared but its value is never read.
src/app/printing/page.tsx(259,9): error TS6133: '_StatCardSkeleton' is declared but its value is never read.
src/app/printing/page.tsx(271,9): error TS6133: '_PrintRunCardSkeleton' is declared but its value is never read.
src/app/printing/runs/[id]/page.tsx(32,3): error TS6133: 'Save' is declared but its value is never read.
src/app/printing/runs/[id]/page.tsx(214,9): error TS6133: '_addMaterial' is declared but its value is never read.
src/app/printing/runs/[id]/page.tsx(701,3): error TS6133: 'data' is declared but its value is never read.
src/app/profile/security/page.tsx(17,3): error TS6133: 'Eye' is declared but its value is never read.
src/app/profile/security/page.tsx(18,3): error TS6133: 'EyeOff' is declared but its value is never read.
src/app/quality-control/analytics/page.tsx(11,3): error TS6133: 'Calendar' is declared but its value is never read.
src/app/quality-control/analytics/page.tsx(12,3): error TS6133: 'Filter' is declared but its value is never read.
src/app/quality-control/capa/page.tsx(12,3): error TS6133: 'Filter' is declared but its value is never read.
src/app/quality-control/new/page.tsx(10,3): error TS6133: 'Camera' is declared but its value is never read.
src/app/quality-control/new/page.tsx(12,3): error TS6133: 'Send' is declared but its value is never read.
src/app/quality-control/new/page.tsx(166,9): error TS6133: '_addDefectToSample' is declared but its value is never read.
src/app/quality-control/new/page.tsx(423,43): error TS6133: 'index' is declared but its value is never read.
src/app/quality-control/page.tsx(7,3): error TS6133: 'Users' is declared but its value is never read.
src/app/quality-control/page.tsx(17,3): error TS6133: 'Filter' is declared but its value is never read.
src/app/quality-control/page.tsx(144,9): error TS6133: '_isLoading' is declared but its value is never read.
src/app/register/page.tsx(3,20): error TS6133: 'useEffect' is declared but its value is never read.
src/app/register/page.tsx(6,1): error TS6133: 'dynamic' is declared but its value is never read.
src/app/settings/account/page.tsx(10,3): error TS6133: 'Camera' is declared but its value is never read.
src/app/settings/appearance/page.tsx(16,10): error TS6133: 'theme' is declared but its value is never read.
src/app/settings/audit-logs/page.tsx(148,9): error TS6133: '_getCategoryIcon' is declared but its value is never read.
src/app/settings/notifications/page.tsx(6,1): error TS6133: 'Label' is declared but its value is never read.
src/app/settings/workspace/page.tsx(3,65): error TS6133: 'Mail' is declared but its value is never read.
src/app/sewing/operations/page.tsx(15,1): error TS6133: 'Textarea' is declared but its value is never read.
src/app/sewing/operations/page.tsx(30,3): error TS6133: 'DialogTrigger' is declared but its value is never read.
src/app/sewing/operations/page.tsx(41,3): error TS6133: 'ArrowRight' is declared but its value is never read.
src/app/sewing/operations/page.tsx(42,3): error TS6133: 'CheckCircle' is declared but its value is never read.
src/app/sewing/operations/page.tsx(43,3): error TS6133: 'AlertCircle' is declared but its value is never read.
src/app/sewing/page.tsx(29,3): error TS6133: 'Clock' is declared but its value is never read.
src/app/sewing/page.tsx(36,3): error TS6133: 'Filter' is declared but its value is never read.
src/app/sewing/page.tsx(218,9): error TS6133: '_isLoading' is declared but its value is never read.
src/app/sewing/runs/[id]/page.tsx(97,9): error TS6133: '_router' is declared but its value is never read.
src/app/sms-notifications/page.tsx(28,3): error TS6133: 'DollarSign' is declared but its value is never read.
src/app/sms-notifications/page.tsx(36,10): error TS6133: 'selectedTemplate' is declared but its value is never read.
src/app/sms-notifications/page.tsx(36,28): error TS6133: 'setSelectedTemplate' is declared but its value is never read.
src/app/sms-notifications/page.tsx(37,10): error TS6133: 'previewMessage' is declared but its value is never read.
src/app/sms-notifications/page.tsx(66,9): error TS6133: '_previewTemplate' is declared but its value is never read.
src/app/verify-email/page.tsx(1,24): error TS6133: 'useEffect' is declared but its value is never read.
src/app/verify-email/page.tsx(3,10): error TS6133: 'CheckCircle2' is declared but its value is never read.
src/app/verify-email/page.tsx(3,24): error TS6133: 'XCircle' is declared but its value is never read.
src/app/verify-email/page.tsx(3,42): error TS6133: 'Mail' is declared but its value is never read.
src/app/verify-email/page.tsx(3,48): error TS6133: 'ArrowRight' is declared but its value is never read.
src/app/verify-email/page.tsx(4,118): error TS6133: 'router' is declared but its value is never read.
src/app/verify-email/page.tsx(4,146): error TS6133: 'token' is declared but its value is never read.
src/app/verify-email/page.tsx(4,188): error TS6133: 'status' is declared but its value is never read.
src/app/verify-email/page.tsx(4,196): error TS6133: 'setStatus' is declared but its value is never read.
src/app/verify-email/page.tsx(4,284): error TS6133: 'message' is declared but its value is never read.
src/app/verify-email/page.tsx(4,293): error TS6133: 'setMessage' is declared but its value is never read.
src/app/verify-email/page.tsx(4,328): error TS6133: 'userEmail' is declared but its value is never read.
src/app/verify-email/page.tsx(4,339): error TS6133: 'setUserEmail' is declared but its value is never read.
src/app/verify-email/page.tsx(4,376): error TS6133: 'resendEmail' is declared but its value is never read.
src/app/verify-email/page.tsx(4,389): error TS6133: 'setResendEmail' is declared but its value is never read.
src/app/verify-email/page.tsx(4,428): error TS6133: 'resending' is declared but its value is never read.
src/app/verify-email/page.tsx(4,439): error TS6133: 'setResending' is declared but its value is never read.
src/app/verify-email/page.tsx(4,479): error TS6133: 'resendMessage' is declared but its value is never read.
src/app/verify-email/page.tsx(4,494): error TS6133: 'setResendMessage' is declared but its value is never read.
src/components/approval-workflow/ApprovalTimeline.tsx(6,1): error TS6133: 'ApprovalStatus' is declared but its value is never read.
src/components/approval-workflow/ApprovalTimeline.tsx(124,23): error TS6133: '_isLast' is declared but its value is never read.
src/components/approval-workflow/BatchApprovalActions.tsx(18,3): error TS6133: 'Send' is declared but its value is never read.
src/components/approval-workflow/BatchApprovalActions.tsx(23,3): error TS6133: 'Square' is declared but its value is never read.
src/components/approval-workflow/ThreadedComments.tsx(8,1): error TS6133: 'Input' is declared but its value is never read.
src/components/approval-workflow/ThreadedComments.tsx(22,3): error TS6133: 'MoreHorizontal' is declared but its value is never read.
src/components/approval-workflow/ThreadedComments.tsx(30,3): error TS6133: 'Edit' is declared but its value is never read.
src/components/approval-workflow/ThreadedComments.tsx(32,3): error TS6133: 'Pin' is declared but its value is never read.
src/components/approval-workflow/ThreadedComments.tsx(86,10): error TS6133: 'editingComment' is declared but its value is never read.
src/components/approval-workflow/ThreadedComments.tsx(86,26): error TS6133: 'setEditingComment' is declared but its value is never read.
src/components/approval-workflow/ThreadedComments.tsx(87,10): error TS6133: 'editText' is declared but its value is never read.
src/components/approval-workflow/ThreadedComments.tsx(87,20): error TS6133: 'setEditText' is declared but its value is never read.
src/components/AshleyAIDashboard.tsx(20,3): error TS6133: 'Clock' is declared but its value is never read.
src/components/AshleyAIDashboard.tsx(93,10): error TS6133: 'predictions' is declared but its value is never read.
src/components/charts/ProductionTrendChart.tsx(3,1): error TS6133: 'Button' is declared but its value is never read.
src/components/charts/ProductionTrendChart.tsx(4,10): error TS6133: 'LineChart' is declared but its value is never read.
src/components/charts/ProductionTrendChart.tsx(4,21): error TS6133: 'Line' is declared but its value is never read.
src/components/charts/ProductionTrendChart.tsx(4,27): error TS6133: 'AreaChart' is declared but its value is never read.
src/components/charts/ProductionTrendChart.tsx(4,38): error TS6133: 'Area' is declared but its value is never read.
src/components/charts/ProductionTrendChart.tsx(4,44): error TS6133: 'XAxis' is declared but its value is never read.
src/components/charts/ProductionTrendChart.tsx(4,51): error TS6133: 'YAxis' is declared but its value is never read.
src/components/charts/ProductionTrendChart.tsx(4,58): error TS6133: 'CartesianGrid' is declared but its value is never read.
src/components/charts/ProductionTrendChart.tsx(4,73): error TS6133: 'Tooltip' is declared but its value is never read.
src/components/charts/ProductionTrendChart.tsx(4,82): error TS6133: 'Legend' is declared but its value is never read.
src/components/charts/ProductionTrendChart.tsx(4,90): error TS6133: 'ResponsiveContainer' is declared but its value is never read.
src/components/charts/ProductionTrendChart.tsx(10,9): error TS6133: '_CustomTooltip' is declared but its value is never read.
src/components/charts/ProductionTrendChart.tsx(13,40): error TS6133: 'chartType' is declared but its value is never read.
src/components/charts/ProductionTrendChart.tsx(13,51): error TS6133: 'setChartType' is declared but its value is never read.
src/components/cutting/EfficiencyCalculator.tsx(10,3): error TS6133: 'TrendingDown' is declared but its value is never read.
src/components/cutting/EfficiencyCalculator.tsx(82,7): error TS6133: 'plies' is declared but its value is never read.
src/components/cutting/FabricBatchSelector.tsx(16,1): error TS6133: 'Separator' is declared but its value is never read.
src/components/cutting/FabricBatchSelector.tsx(24,3): error TS6133: 'AlertTriangle' is declared but its value is never read.
src/components/cutting/FabricBatchSelector.tsx(25,3): error TS6133: 'CheckCircle' is declared but its value is never read.
src/components/cutting/FabricBatchSelector.tsx(199,13): error TS6133: '_estimatedPieces' is declared but its value is never read.
src/components/dashboard/CustomizableDashboard.tsx(1,34): error TS6133: 'useEffect' is declared but its value is never read.
src/components/dashboard/CustomizableDashboard.tsx(4,1): error TS6133: 'Button' is declared but its value is never read.
src/components/dashboard/CustomizableDashboard.tsx(10,55): error TS6133: 'ResponsiveGridLayout' is declared but its value is never read.
src/components/dashboard/CustomizableDashboard.tsx(11,9): error TS6133: '_availableWidgets' is declared but its value is never read.
src/components/dashboard/CustomizableDashboard.tsx(13,61): error TS6133: 'layouts' is declared but its value is never read.
src/components/dashboard/CustomizableDashboard.tsx(13,70): error TS6133: 'setLayouts' is declared but its value is never read.
src/components/dashboard/CustomizableDashboard.tsx(13,143): error TS6133: 'activeWidgets' is declared but its value is never read.
src/components/dashboard/CustomizableDashboard.tsx(13,158): error TS6133: 'setActiveWidgets' is declared but its value is never read.
src/components/dashboard/CustomizableDashboard.tsx(13,236): error TS6133: 'isEditMode' is declared but its value is never read.
src/components/dashboard/CustomizableDashboard.tsx(13,248): error TS6133: 'setIsEditMode' is declared but its value is never read.
src/components/dashboard/CustomizableDashboard.tsx(13,289): error TS6133: 'isLocked' is declared but its value is never read.
src/components/dashboard/CustomizableDashboard.tsx(13,299): error TS6133: 'setIsLocked' is declared but its value is never read.
src/components/dashboard/RealTimeMetrics.tsx(99,11): error TS6133: 'data' is declared but its value is never read.
src/components/dashboard/role-activities.tsx(227,29): error TS6133: 'user' is declared but its value is never read.
src/components/dashboard/role-activities.tsx(270,29): error TS6133: 'user' is declared but its value is never read.
src/components/design-upload/ColorPalette.tsx(15,28): error TS6133: 'Pipette' is declared but its value is never read.
src/components/design-upload/ColorPalette.tsx(59,3): error TS6133: 'allowCustomNames' is declared but its value is never read.
src/components/design-upload/ColorPalette.tsx(116,9): error TS6133: '_getContrastColor' is declared but its value is never read.
src/components/design-upload/FileUploadZone.tsx(12,3): error TS6133: 'AlertCircle' is declared but its value is never read.
src/components/design-upload/FileUploadZone.tsx(13,3): error TS6133: 'Upload' is declared but its value is never read.
src/components/design-upload/PlacementEditor.tsx(22,28): error TS6133: 'Move' is declared but its value is never read.
src/components/FileUpload.tsx(4,39): error TS6133: 'ImageIcon' is declared but its value is never read.
src/components/keyboard-shortcuts-dialog.tsx(4,10): error TS6133: 'X' is declared but its value is never read.
src/components/OptimizedImage.tsx(2,1): error TS6133: 'Image' is declared but its value is never read.
src/components/OptimizedImage.tsx(5,34): error TS6133: 'isLoading' is declared but its value is never read.
src/components/OptimizedImage.tsx(5,45): error TS6133: 'setIsLoading' is declared but its value is never read.
src/components/OptimizedImage.tsx(5,84): error TS6133: 'hasError' is declared but its value is never read.
src/components/OptimizedImage.tsx(5,94): error TS6133: 'setHasError' is declared but its value is never read.
src/components/OptimizedImage.tsx(7,10): error TS6133: 'generateBlurDataURL' is declared but its value is never read.
src/components/order-intake/activity-timeline.tsx(151,40): error TS6133: 'index' is declared but its value is never read.
src/components/order-intake/dates-slas-section.tsx(6,1): error TS6133: 'Input' is declared but its value is never read.
src/components/order-intake/dates-slas-section.tsx(34,3): error TS6133: 'differenceInDays' is declared but its value is never read.
src/components/order-intake/files-notes-section.tsx(24,3): error TS6133: 'Download' is declared but its value is never read.
src/components/order-intake/files-notes-section.tsx(154,9): error TS6133: '_getFileIcon' is declared but its value is never read.
src/components/order-intake/graphic-editing-section.tsx(10,1): error TS6133: 'Checkbox' is declared but its value is never read.
src/components/order-intake/graphic-editing-section.tsx(12,3): error TS6133: 'Plus' is declared but its value is never read.
src/components/order-intake/product-design-section.tsx(6,1): error TS6133: 'Input' is declared but its value is never read.
src/components/order-intake/production-route-section.tsx(14,1): error TS6133: 'Separator' is declared but its value is never read.
src/components/order-intake/production-route-section.tsx(15,1): error TS6133: 'Progress' is declared but its value is never read.
src/components/order-intake/production-route-section.tsx(439,3): error TS6133: 'deliveryDate' is declared but its value is never read.
src/components/order-intake/production-route-section.tsx(485,13): error TS6133: '_currentRoute' is declared but its value is never read.
src/components/order-intake/quantities-size-section.tsx(18,3): error TS6133: 'TrendingUp' is declared but its value is never read.
src/components/order-intake/variants-addons-section.tsx(17,1): error TS6133: 'Slider' is declared but its value is never read.
src/components/order-intake/variants-addons-section.tsx(174,18): error TS6133: 'setAddOns' is declared but its value is never read.
src/components/printing/AIInsightsDashboard.tsx(14,3): error TS6133: 'Clock' is declared but its value is never read.
src/components/printing/AIInsightsDashboard.tsx(16,3): error TS6133: 'Zap' is declared but its value is never read.
src/components/printing/AIInsightsDashboard.tsx(86,40): error TS6133: 'change' is declared but its value is never read.
src/components/printing/DTFWorkflow.tsx(22,1): error TS6133: 'Badge' is declared but its value is never read.
src/components/printing/DTFWorkflow.tsx(23,1): error TS6133: 'Progress' is declared but its value is never read.
src/components/printing/DTFWorkflow.tsx(25,3): error TS6133: 'AlertCircle' is declared but its value is never read.
src/components/printing/DTFWorkflow.tsx(31,3): error TS6133: 'Camera' is declared but its value is never read.
src/components/printing/DTFWorkflow.tsx(98,3): error TS6133: 'runId' is declared but its value is never read.
src/components/printing/EmbroideryWorkflow.tsx(22,1): error TS6133: 'Badge' is declared but its value is never read.
src/components/printing/EmbroideryWorkflow.tsx(25,3): error TS6133: 'AlertCircle' is declared but its value is never read.
src/components/printing/EmbroideryWorkflow.tsx(29,3): error TS6133: 'Timer' is declared but its value is never read.
src/components/printing/EmbroideryWorkflow.tsx(31,3): error TS6133: 'Camera' is declared but its value is never read.
src/components/printing/EmbroideryWorkflow.tsx(100,3): error TS6133: 'runId' is declared but its value is never read.
src/components/printing/MaterialConsumption.tsx(37,3): error TS6133: 'CheckCircle' is declared but its value is never read.
src/components/printing/MaterialConsumption.tsx(556,49): error TS6133: 'index' is declared but its value is never read.
src/components/printing/QualityControl.tsx(41,3): error TS6133: 'FileText' is declared but its value is never read.
src/components/printing/QualityControl.tsx(126,3): error TS6133: 'runId' is declared but its value is never read.
src/components/printing/QualityControl.tsx(183,11): error TS6133: '_defectCode' is declared but its value is never read.
src/components/printing/QualityControl.tsx(213,9): error TS6133: '_updateDefect' is declared but its value is never read.
src/components/printing/SilkscreenWorkflow.tsx(22,1): error TS6133: 'Badge' is declared but its value is never read.
src/components/printing/SilkscreenWorkflow.tsx(23,1): error TS6133: 'Progress' is declared but its value is never read.
src/components/printing/SilkscreenWorkflow.tsx(29,3): error TS6133: 'Timer' is declared but its value is never read.
src/components/printing/SilkscreenWorkflow.tsx(83,3): error TS6133: 'runId' is declared but its value is never read.
src/components/printing/SublimationWorkflow.tsx(22,1): error TS6133: 'Badge' is declared but its value is never read.
src/components/printing/SublimationWorkflow.tsx(23,1): error TS6133: 'Progress' is declared but its value is never read.
src/components/printing/SublimationWorkflow.tsx(29,3): error TS6133: 'Timer' is declared but its value is never read.
src/components/printing/SublimationWorkflow.tsx(84,3): error TS6133: 'runId' is declared but its value is never read.
src/components/ProductionDashboard.tsx(17,3): error TS6133: 'Clock' is declared but its value is never read.
src/components/ProductionDashboard.tsx(20,3): error TS6133: 'TrendingUp' is declared but its value is never read.
src/components/ProductionDashboard.tsx(21,3): error TS6133: 'TrendingDown' is declared but its value is never read.
src/components/ProductionDashboard.tsx(22,3): error TS6133: 'Zap' is declared but its value is never read.
src/components/ProductionDashboard.tsx(147,9): error TS6133: '_getPriorityColor' is declared but its value is never read.
src/components/pwa-register.tsx(8,10): error TS6133: 'isOnline' is declared but its value is never read.
src/components/pwa-register.tsx(9,10): error TS6133: 'updateAvailable' is declared but its value is never read.
src/components/role-dashboards/AdminDashboard.tsx(9,3): error TS6133: 'TrendingDown' is declared but its value is never read.
src/components/role-dashboards/AdminDashboard.tsx(30,3): error TS6133: 'LineChart' is declared but its value is never read.
src/components/role-dashboards/AdminDashboard.tsx(31,3): error TS6133: 'Line' is declared but its value is never read.
src/components/role-dashboards/AdminDashboard.tsx(354,55): error TS6133: 'entry' is declared but its value is never read.
src/components/sewing/EfficiencyTracker.tsx(17,3): error TS6133: 'Target' is declared but its value is never read.
src/components/sewing/EfficiencyTracker.tsx(145,9): error TS6133: '_getProgressColor' is declared but its value is never read.
src/components/sewing/MobileProductionInterface.tsx(16,3): error TS6133: 'Play' is declared but its value is never read.
src/components/sewing/MobileProductionInterface.tsx(20,3): error TS6133: 'Minus' is declared but its value is never read.
src/components/sewing/MobileProductionInterface.tsx(27,3): error TS6133: 'Camera' is declared but its value is never read.
src/components/sewing/MobileProductionInterface.tsx(63,3): error TS6133: 'operatorView' is declared but its value is never read.
src/components/sewing/MobileProductionInterface.tsx(70,10): error TS6133: 'showQRScanner' is declared but its value is never read.
src/components/sewing/MobileProductionInterface.tsx(75,10): error TS6133: 'touchStart' is declared but its value is never read.
src/components/sewing/MobileProductionInterface.tsx(75,22): error TS6133: 'setTouchStart' is declared but its value is never read.
src/components/sewing/MobileProductionInterface.tsx(171,11): error TS6133: '_progressPercentage' is declared but its value is never read.
src/components/sewing/PieceRateCalculator.tsx(18,3): error TS6133: 'Clock' is declared but its value is never read.
src/components/sewing/PieceRateCalculator.tsx(20,3): error TS6133: 'Target' is declared but its value is never read.
src/components/sewing/PieceRateCalculator.tsx(68,3): error TS6133: 'operatorId' is declared but its value is never read.
src/components/sewing/QRBundleScanner.tsx(20,3): error TS6133: 'Package' is declared but its value is never read.
src/components/sewing/QualityControlInterface.tsx(30,3): error TS6133: 'Package' is declared but its value is never read.
src/components/sewing/QualityControlInterface.tsx(31,3): error TS6133: 'User' is declared but its value is never read.
src/components/sewing/QualityControlInterface.tsx(32,3): error TS6133: 'Clock' is declared but its value is never read.
src/components/sewing/QualityControlInterface.tsx(33,3): error TS6133: 'Image' is declared but its value is never read.
src/components/sidebar.tsx(7,35): error TS6133: 'hasAccess' is declared but its value is never read.
src/components/sidebar.tsx(28,3): error TS6133: 'ChevronLeft' is declared but its value is never read.
src/components/sidebar.tsx(29,3): error TS6133: 'ChevronRight' is declared but its value is never read.
src/components/sidebar.tsx(70,10): error TS6133: 'collapsed' is declared but its value is never read.
src/components/sidebar.tsx(70,21): error TS6133: 'setCollapsed' is declared but its value is never read.
src/components/top-navbar.tsx(6,47): error TS6133: 'Menu' is declared but its value is never read.
src/components/top-navbar.tsx(6,53): error TS6133: 'X' is declared but its value is never read.
src/components/ui/animated-wrapper.tsx(9,3): error TS6133: 'isInViewport' is declared but its value is never read.
src/components/ui/popover.tsx(119,72): error TS6133: 'ref' is declared but its value is never read.
src/hooks/useKeyboardShortcuts.ts(79,13): error TS6133: '_metaMatches' is declared but its value is never read.
src/lib/ai/bottleneck-detection.ts(374,5): error TS6133: 'metrics' is declared but its value is never read.
src/lib/ai/bottleneck-detection.ts(533,11): error TS6133: '_delayFactor' is declared but its value is never read.
src/lib/ai/defect-detection.ts(189,5): error TS6133: 'image' is declared but its value is never read.
src/lib/ai/defect-detection.ts(219,30): error TS6133: 'idx' is declared but its value is never read.
src/lib/ai/defect-detection.ts(274,5): error TS6133: 'garmentType' is declared but its value is never read.
src/lib/ai/defect-detection.ts(303,54): error TS6133: 'severity' is declared but its value is never read.
src/lib/ai/dynamic-pricing.ts(54,20): error TS6133: 'RUSH_FEE_MULTIPLIER' is declared but its value is never read.
src/lib/ai/predictive-maintenance.ts(211,5): error TS6133: 'currentHours' is declared but its value is never read.
src/lib/ai/smart-scheduling.ts(372,5): error TS6133: 'startTime' is declared but its value is never read.
src/lib/ai/smart-scheduling.ts(402,5): error TS6133: 'allJobs' is declared but its value is never read.
src/lib/ai/smart-scheduling.ts(491,5): error TS6133: 'schedule' is declared but its value is never read.
src/lib/audit/logger.ts(342,5): error TS6133: 'action' is declared but its value is never read.
src/lib/audit/logger.ts(359,5): error TS6133: 'message' is declared but its value is never read.
src/lib/audit/logger.ts(360,5): error TS6133: 'details' is declared but its value is never read.
src/lib/audit/logger.ts(377,5): error TS6133: 'format' is declared but its value is never read.
src/lib/audit/logger.ts(378,5): error TS6133: 'recordCount' is declared but its value is never read.
src/lib/auth-middleware.ts(3,23): error TS6133: 'JWTPayload' is declared but its value is never read.
src/lib/auth/2fa.ts(185,22): error TS6133: 'secret' is declared but its value is never read.
src/lib/auth/session-manager.ts(368,3): error TS6133: 'activity' is declared but its value is never read.
src/lib/backup/service.ts(8,3): error TS6133: 'PutObjectCommand' is declared but its value is never read.
src/lib/backup/service.ts(9,3): error TS6133: 'GetObjectCommand' is declared but its value is never read.
src/lib/backup/service.ts(10,3): error TS6133: 'ListObjectsV2Command' is declared but its value is never read.
src/lib/backup/service.ts(11,3): error TS6133: 'DeleteObjectCommand' is declared but its value is never read.
src/lib/backup/service.ts(14,1): error TS6133: 'pipeline' is declared but its value is never read.
src/lib/backup/service.ts(21,10): error TS6133: 'getS3Client' is declared but its value is never read.
src/lib/backup/service.ts(160,15): error TS6133: '_sourceStats' is declared but its value is never read.
src/lib/bulk-operations.ts(89,3): error TS6133: 'userId' is declared but its value is never read.
src/lib/bulk-operations.ts(413,3): error TS6133: 'workspaceId' is declared but its value is never read.
src/lib/csp-nonce.ts(25,33): error TS6133: 'nonce' is declared but its value is never read.
src/lib/email/queue.ts(2,21): error TS6133: 'EmailOptions' is declared but its value is never read.
src/lib/error-handling.ts(476,27): error TS6133: 'req' is declared but its value is never read.
src/lib/error-handling.ts(476,37): error TS6133: 'res' is declared but its value is never read.
src/lib/error-handling.ts(476,47): error TS6133: 'next' is declared but its value is never read.
src/lib/government/bir.ts(4,3): error TS6133: 'BIRWithholdingTax' is declared but its value is never read.
src/lib/government/bir.ts(6,3): error TS6133: 'ExportOptions' is declared but its value is never read.
src/lib/government/bir.ts(52,5): error TS6133: 'period' is declared but its value is never read.
src/lib/government/bir.ts(88,5): error TS6133: 'period' is declared but its value is never read.
src/lib/government/philhealth.ts(17,20): error TS6133: 'MIN_PREMIUM' is declared but its value is never read.
src/lib/government/philhealth.ts(18,20): error TS6133: 'MAX_PREMIUM' is declared but its value is never read.
src/lib/integrations/webhooks.ts(234,11): error TS6133: '_data' is declared but its value is never read.
src/lib/inventory/inventory-manager.ts(231,9): error TS6133: '__severity' is declared but its value is never read.
src/lib/password-validator.ts(19,7): error TS6133: '__MIN_SPECIAL' is declared but its value is never read.
src/lib/session-timeout.ts(113,11): error TS6133: '__inactiveDuration' is declared but its value is never read.
src/lib/utils/icons.tsx(21,3): error TS6133: 'Minus' is declared but its value is never read.
tests/security/password-complexity.test.ts(246,11): error TS6133: '__trimmedPassword' is declared but its value is never read.
